***************************************************************************
*                       SPARC (version Jul 10, 2023)                      *
*   Copyright (c) 2020 Material Physics & Mechanics Group, Georgia Tech   *
*           Distributed under GNU General Public License 3 (GPL)          *
*                   Start time: Tue Jul 25 00:03:11 2023                  *
***************************************************************************
                           Input parameters                                
***************************************************************************
LATVEC_SCALE: 1 1 1 
LATVEC:
9.44863 0 0 
0 9.44863 0 
0 0 9.44863 
FD_GRID: 34 34 34
FD_ORDER: 12
BC: P P P
KPOINT_GRID: 1 1 1
KPOINT_SHIFT: 0 0 0
SPIN_TYP: 0
ELEC_TEMP_TYPE: Gaussian
SMEARING: 0.007349864435
EXCHANGE_CORRELATION: GGA_PBE
NSTATES: 7
CHEB_DEGREE: 27
CHEFSI_BOUND_FLAG: 0
CALC_STRESS: 0
CALC_PRES: 0
MAXIT_SCF: 100
MINIT_SCF: 2
MAXIT_POISSON: 3000
TOL_SCF: 1.00E-05
POISSON_SOLVER: AAR
TOL_POISSON: 1.00E-07
TOL_LANCZOS: 1.00E-02
TOL_PSEUDOCHARGE: 1.00E-08
MIXING_VARIABLE: density
MIXING_PRECOND: kerker
TOL_PRECOND: 7.72E-05
PRECOND_KERKER_KTF: 1
PRECOND_KERKER_THRESH: 0.1
MIXING_PARAMETER: 0.3
MIXING_HISTORY: 7
PULAY_FREQUENCY: 1
PULAY_RESTART: 0
REFERENCE_CUTOFF: 0.5
RHO_TRIGGER: 4
FIX_RAND: 0
VERBOSITY: 1
PRINT_FORCES: 1
PRINT_ATOMS: 1
PRINT_EIGEN: 0
PRINT_DENSITY: 0
PRINT_ENERGY_DENSITY: 0
D3_FLAG: 1
D3_RTHR: 1600
D3_CN_THR: 625
OUTPUT_FILE: SPARC
***************************************************************************
                                Cell                                       
***************************************************************************
Lattice vectors (Bohr):
9.448630000000000 0.000000000000000 0.000000000000000 
0.000000000000000 9.448630000000000 0.000000000000000 
0.000000000000000 0.000000000000000 9.448630000000000 
Volume: 8.4354164493E+02 (Bohr^3)
Density: 1.4238301182E-02 (amu/Bohr^3), 1.5955259567E-01 (g/cc)
***************************************************************************
                           Parallelization                                 
***************************************************************************
NP_SPIN_PARAL: 1
NP_KPOINT_PARAL: 1
NP_BAND_PARAL: 7
NP_DOMAIN_PARAL: 1 1 3
NP_DOMAIN_PHI_PARAL: 3 2 4
EIG_SERIAL_MAXNS: 1500
***************************************************************************
                             Initialization                                
***************************************************************************
Number of processors               :  24
Mesh spacing                       :  0.277901 (Bohr)
Number of symmetry adapted k-points:  1
Output printed to                  :  SPARC.out
Total number of atom types         :  1
Total number of atoms              :  1
Total number of electrons          :  4
Atom type 1  (valence electrons)   :  C 4
Pseudopotential                    :  06_C_4_1.2_1.2_pbe_n_v1.0.psp8
Atomic mass                        :  12.0106
Pseudocharge radii of atom type 1  :  7.50 7.50 7.50 (x, y, z dir)
Number of atoms of type 1          :  1
Estimated total memory usage       :  24.25 MB
Estimated memory per processor     :  1.01 MB
===================================================================
                    Self Consistent Field (SCF#1)                     
===================================================================
Iteration     Free Energy (Ha/atom)   SCF Error        Timing (sec)
1            -5.6905610057E+00        4.794E-02        0.058
2            -5.6923066576E+00        3.280E-02        0.022
3            -5.6923726989E+00        2.169E-02        0.022
4            -5.6923517863E+00        6.001E-03        0.023
5            -5.6923399614E+00        7.859E-03        0.022
6            -5.6923376179E+00        3.667E-03        0.022
7            -5.6923373413E+00        5.626E-03        0.021
8            -5.6923363424E+00        1.028E-03        0.021
9            -5.6923364412E+00        1.058E-03        0.020
10           -5.6923364909E+00        2.101E-04        0.019
11           -5.6923365139E+00        3.904E-05        0.017
12           -5.6923364760E+00        2.528E-05        0.018
13           -5.6923366475E+00        6.530E-06        0.016
Total number of SCF: 13    
====================================================================
                    Energy and force calculation                    
====================================================================
Free energy per atom               : -5.6926666555E+00 (Ha/atom)
Total free energy                  : -5.6926666555E+00 (Ha)
Band structure energy              : -1.2443659958E+00 (Ha)
Exchange correlation energy        : -1.8045380119E+00 (Ha)
Self and correction energy         : -1.0349792525E+01 (Ha)
-Entropy*kb*T                      : -1.1338071379E-02 (Ha)
Fermi level                        : -1.5589201664E-01 (Ha)
DFT-D3 correction                  : -3.3000797000E-04 (Ha)
RMS force                          :  0.0000000000E+00 (Ha/Bohr)
Maximum force                      :  0.0000000000E+00 (Ha/Bohr)
Time for force calculation         :  0.007 (sec)
***************************************************************************
                               Timing info                                 
***************************************************************************
Total walltime                     :  0.427 sec
___________________________________________________________________________

***************************************************************************
*             Material Physics & Mechanics Group, Georgia Tech            *
*                       PI: Phanish Suryanarayana                         *
*               List of contributors: See the documentation               *
*         Citation: See README.md or the documentation for details        *
*  Acknowledgements: U.S. DOE SC (DE-SC0019410), U.S. DOE NNSA (ASC)      *
*      {Preliminary developments: U.S. NSF (1333500,1663244,1553212)}     *
***************************************************************************
                                                                           
