***************************************************************************
*                       SPARC (version Jul 10, 2023)                      *
*   Copyright (c) 2020 Material Physics & Mechanics Group, Georgia Tech   *
*           Distributed under GNU General Public License 3 (GPL)          *
*                   Start time: Tue Jul 25 00:03:52 2023                  *
***************************************************************************
                           Input parameters                                
***************************************************************************
LATVEC_SCALE: 1 1 1 
LATVEC:
26.4562 0 0 
0 26.4562 0 
0 0 26.4562 
FD_GRID: 94 94 94
FD_ORDER: 12
BC: P P P
KPOINT_GRID: 1 1 1
KPOINT_SHIFT: 0 0 0
SPIN_TYP: 0
ELEC_TEMP_TYPE: Gaussian
SMEARING: 0.007349864435
EXCHANGE_CORRELATION: GGA_PBE
NSTATES: 7
CHEB_DEGREE: 27
CHEFSI_BOUND_FLAG: 0
CALC_STRESS: 0
CALC_PRES: 0
MAXIT_SCF: 100
MINIT_SCF: 2
MAXIT_POISSON: 3000
TOL_SCF: 1.00E-05
POISSON_SOLVER: AAR
TOL_POISSON: 1.00E-07
TOL_LANCZOS: 1.00E-02
TOL_PSEUDOCHARGE: 1.00E-08
MIXING_VARIABLE: density
MIXING_PRECOND: kerker
TOL_PRECOND: 7.92E-05
PRECOND_KERKER_KTF: 1
PRECOND_KERKER_THRESH: 0.1
MIXING_PARAMETER: 0.3
MIXING_HISTORY: 7
PULAY_FREQUENCY: 1
PULAY_RESTART: 0
REFERENCE_CUTOFF: 0.5
RHO_TRIGGER: 4
FIX_RAND: 0
VERBOSITY: 1
PRINT_FORCES: 1
PRINT_ATOMS: 1
PRINT_EIGEN: 0
PRINT_DENSITY: 0
PRINT_ENERGY_DENSITY: 0
D3_FLAG: 1
D3_RTHR: 1600
D3_CN_THR: 625
OUTPUT_FILE: SPARC
***************************************************************************
                                Cell                                       
***************************************************************************
Lattice vectors (Bohr):
26.456199999999999 0.000000000000000 0.000000000000000 
0.000000000000000 26.456199999999999 0.000000000000000 
0.000000000000000 0.000000000000000 26.456199999999999 
Volume: 1.8517501782E+04 (Bohr^3)
Density: 6.4860801103E-04 (amu/Bohr^3), 7.2682190391E-03 (g/cc)
***************************************************************************
                           Parallelization                                 
***************************************************************************
NP_SPIN_PARAL: 1
NP_KPOINT_PARAL: 1
NP_BAND_PARAL: 7
NP_DOMAIN_PARAL: 1 1 3
NP_DOMAIN_PHI_PARAL: 2 3 4
EIG_SERIAL_MAXNS: 1500
***************************************************************************
                             Initialization                                
***************************************************************************
Number of processors               :  24
Mesh spacing                       :  0.281449 (Bohr)
Number of symmetry adapted k-points:  1
Output printed to                  :  SPARC.out
Total number of atom types         :  1
Total number of atoms              :  1
Total number of electrons          :  4
Atom type 1  (valence electrons)   :  C 4
Pseudopotential                    :  06_C_4_1.2_1.2_pbe_n_v1.0.psp8
Atomic mass                        :  12.0106
Pseudocharge radii of atom type 1  :  7.32 7.32 7.32 (x, y, z dir)
Number of atoms of type 1          :  1
Estimated total memory usage       :  512.34 MB
Estimated memory per processor     :  21.35 MB
===================================================================
                    Self Consistent Field (SCF#1)                     
===================================================================
Iteration     Free Energy (Ha/atom)   SCF Error        Timing (sec)
1            -5.6641667479E+00        3.795E-01        1.416
2            -5.6896561675E+00        2.028E-01        0.706
3            -5.6962369903E+00        1.967E-01        0.686
4            -5.6964708316E+00        1.587E-01        0.686
5            -5.6960134028E+00        1.014E-01        0.686
6            -5.6957498176E+00        4.989E-02        0.646
7            -5.6957067728E+00        3.344E-02        0.590
8            -5.6956991163E+00        2.947E-02        0.659
9            -5.6956766691E+00        1.031E-02        0.645
10           -5.6956743813E+00        7.899E-04        0.621
11           -5.6956777167E+00        1.388E-03        0.546
12           -5.6956779132E+00        2.913E-04        0.563
13           -5.6956784584E+00        1.259E-04        0.583
14           -5.6956790432E+00        6.403E-05        0.488
15           -5.6956791560E+00        5.672E-05        0.558
16           -5.6956797426E+00        4.033E-05        0.540
17           -5.6956802600E+00        2.323E-05        0.481
18           -5.6956803498E+00        2.050E-05        0.530
19           -5.6956807067E+00        1.554E-05        0.511
20           -5.6956808399E+00        1.022E-05        0.454
21           -5.6956809144E+00        8.213E-06        0.495
Total number of SCF: 21    
====================================================================
                    Energy and force calculation                    
====================================================================
Free energy per atom               : -5.6956814646E+00 (Ha/atom)
Total free energy                  : -5.6956814646E+00 (Ha)
Band structure energy              : -1.3935834430E+00 (Ha)
Exchange correlation energy        : -1.7932487532E+00 (Ha)
Self and correction energy         : -1.0349811102E+01 (Ha)
-Entropy*kb*T                      : -1.1338071353E-02 (Ha)
Fermi level                        : -1.9486285809E-01 (Ha)
DFT-D3 correction                  : -5.5016877391E-07 (Ha)
RMS force                          :  0.0000000000E+00 (Ha/Bohr)
Maximum force                      :  0.0000000000E+00 (Ha/Bohr)
Time for force calculation         :  0.015 (sec)
***************************************************************************
                               Timing info                                 
***************************************************************************
Total walltime                     :  13.874 sec
___________________________________________________________________________

***************************************************************************
*             Material Physics & Mechanics Group, Georgia Tech            *
*                       PI: Phanish Suryanarayana                         *
*               List of contributors: See the documentation               *
*         Citation: See README.md or the documentation for details        *
*  Acknowledgements: U.S. DOE SC (DE-SC0019410), U.S. DOE NNSA (ASC)      *
*      {Preliminary developments: U.S. NSF (1333500,1663244,1553212)}     *
***************************************************************************
                                                                           
