***************************************************************************
*                       SPARC (version Jul 10, 2023)                      *
*   Copyright (c) 2020 Material Physics & Mechanics Group, Georgia Tech   *
*           Distributed under GNU General Public License 3 (GPL)          *
*                   Start time: Tue Jul 25 00:03:06 2023                  *
***************************************************************************
                           Input parameters                                
***************************************************************************
LATVEC_SCALE: 1 1 1 
LATVEC:
3.77945 0 0 
0 3.77945 0 
0 0 3.77945 
FD_GRID: 14 14 14
FD_ORDER: 12
BC: P P P
KPOINT_GRID: 1 1 1
KPOINT_SHIFT: 0 0 0
SPIN_TYP: 0
ELEC_TEMP_TYPE: Gaussian
SMEARING: 0.007349864435
EXCHANGE_CORRELATION: GGA_PBE
NSTATES: 7
CHEB_DEGREE: 28
CHEFSI_BOUND_FLAG: 0
CALC_STRESS: 0
CALC_PRES: 0
MAXIT_SCF: 100
MINIT_SCF: 2
MAXIT_POISSON: 3000
TOL_SCF: 1.00E-05
POISSON_SOLVER: AAR
TOL_POISSON: 1.00E-07
TOL_LANCZOS: 1.00E-02
TOL_PSEUDOCHARGE: 1.00E-08
MIXING_VARIABLE: density
MIXING_PRECOND: kerker
TOL_PRECOND: 7.29E-05
PRECOND_KERKER_KTF: 1
PRECOND_KERKER_THRESH: 0.1
MIXING_PARAMETER: 0.3
MIXING_HISTORY: 7
PULAY_FREQUENCY: 1
PULAY_RESTART: 0
REFERENCE_CUTOFF: 0.5
RHO_TRIGGER: 4
FIX_RAND: 0
VERBOSITY: 1
PRINT_FORCES: 1
PRINT_ATOMS: 1
PRINT_EIGEN: 0
PRINT_DENSITY: 0
PRINT_ENERGY_DENSITY: 0
D3_FLAG: 1
D3_RTHR: 1600
D3_CN_THR: 625
OUTPUT_FILE: SPARC
***************************************************************************
                                Cell                                       
***************************************************************************
Lattice vectors (Bohr):
3.779450000000000 0.000000000000000 0.000000000000000 
0.000000000000000 3.779450000000000 0.000000000000000 
0.000000000000000 0.000000000000000 3.779450000000000 
Volume: 5.3986579570E+01 (Bohr^3)
Density: 2.2247380915E-01 (amu/Bohr^3), 2.4930132651E+00 (g/cc)
***************************************************************************
                           Parallelization                                 
***************************************************************************
NP_SPIN_PARAL: 1
NP_KPOINT_PARAL: 1
NP_BAND_PARAL: 7
NP_DOMAIN_PARAL: 1 1 2
NP_DOMAIN_PHI_PARAL: 2 2 2
EIG_SERIAL_MAXNS: 1500
***************************************************************************
                             Initialization                                
***************************************************************************
Number of processors               :  24
Mesh spacing                       :  0.269961 (Bohr)
Number of symmetry adapted k-points:  1
Output printed to                  :  SPARC.out
Total number of atom types         :  1
Total number of atoms              :  1
Total number of electrons          :  4
Atom type 1  (valence electrons)   :  C 4
Pseudopotential                    :  06_C_4_1.2_1.2_pbe_n_v1.0.psp8
Atomic mass                        :  12.0106
Pseudocharge radii of atom type 1  :  6.75 6.75 6.75 (x, y, z dir)
Number of atoms of type 1          :  1
Estimated total memory usage       :  1.70 MB
Estimated memory per processor     :  72.32 kB
===================================================================
                    Self Consistent Field (SCF#1)                     
===================================================================
Iteration     Free Energy (Ha/atom)   SCF Error        Timing (sec)
1            -5.7013832853E+00        1.611E-01        0.021
2            -5.6982403222E+00        1.123E-01        0.004
3            -5.6959412483E+00        9.746E-03        0.005
4            -5.6960038088E+00        1.146E-03        0.004
5            -5.6960041504E+00        2.081E-04        0.004
6            -5.6960043389E+00        1.250E-04        0.004
7            -5.6960044980E+00        2.013E-05        0.004
8            -5.6960043322E+00        4.478E-06        0.003
Total number of SCF: 8     
====================================================================
                    Energy and force calculation                    
====================================================================
Free energy per atom               : -5.6995047983E+00 (Ha/atom)
Total free energy                  : -5.6995047983E+00 (Ha)
Band structure energy              :  2.4133856321E-01 (Ha)
Exchange correlation energy        : -2.0350804931E+00 (Ha)
Self and correction energy         : -1.0349911758E+01 (Ha)
-Entropy*kb*T                      : -1.1338071290E-02 (Ha)
Fermi level                        :  5.0929288548E-01 (Ha)
DFT-D3 correction                  : -3.5004661115E-03 (Ha)
RMS force                          :  0.0000000000E+00 (Ha/Bohr)
Maximum force                      :  0.0000000000E+00 (Ha/Bohr)
Time for force calculation         :  0.029 (sec)
***************************************************************************
                               Timing info                                 
***************************************************************************
Total walltime                     :  0.225 sec
___________________________________________________________________________

***************************************************************************
*             Material Physics & Mechanics Group, Georgia Tech            *
*                       PI: Phanish Suryanarayana                         *
*               List of contributors: See the documentation               *
*         Citation: See README.md or the documentation for details        *
*  Acknowledgements: U.S. DOE SC (DE-SC0019410), U.S. DOE NNSA (ASC)      *
*      {Preliminary developments: U.S. NSF (1333500,1663244,1553212)}     *
***************************************************************************
                                                                           
