***************************************************************************
*                       SPARC (version Jul 10, 2023)                      *
*   Copyright (c) 2020 Material Physics & Mechanics Group, Georgia Tech   *
*           Distributed under GNU General Public License 3 (GPL)          *
*                   Start time: Tue Jul 25 00:03:23 2023                  *
***************************************************************************
                           Input parameters                                
***************************************************************************
LATVEC_SCALE: 1 1 1 
LATVEC:
18.8973 0 0 
0 18.8973 0 
0 0 18.8973 
FD_GRID: 67 67 67
FD_ORDER: 12
BC: P P P
KPOINT_GRID: 1 1 1
KPOINT_SHIFT: 0 0 0
SPIN_TYP: 0
ELEC_TEMP_TYPE: Gaussian
SMEARING: 0.007349864435
EXCHANGE_CORRELATION: GGA_PBE
NSTATES: 7
CHEB_DEGREE: 27
CHEFSI_BOUND_FLAG: 0
CALC_STRESS: 0
CALC_PRES: 0
MAXIT_SCF: 100
MINIT_SCF: 2
MAXIT_POISSON: 3000
TOL_SCF: 1.00E-05
POISSON_SOLVER: AAR
TOL_POISSON: 1.00E-07
TOL_LANCZOS: 1.00E-02
TOL_PSEUDOCHARGE: 1.00E-08
MIXING_VARIABLE: density
MIXING_PRECOND: kerker
TOL_PRECOND: 7.96E-05
PRECOND_KERKER_KTF: 1
PRECOND_KERKER_THRESH: 0.1
MIXING_PARAMETER: 0.3
MIXING_HISTORY: 7
PULAY_FREQUENCY: 1
PULAY_RESTART: 0
REFERENCE_CUTOFF: 0.5
RHO_TRIGGER: 4
FIX_RAND: 0
VERBOSITY: 1
PRINT_FORCES: 1
PRINT_ATOMS: 1
PRINT_EIGEN: 0
PRINT_DENSITY: 0
PRINT_ENERGY_DENSITY: 0
D3_FLAG: 1
D3_RTHR: 1600
D3_CN_THR: 625
OUTPUT_FILE: SPARC
***************************************************************************
                                Cell                                       
***************************************************************************
Lattice vectors (Bohr):
18.897300000000001 0.000000000000000 0.000000000000000 
0.000000000000000 18.897300000000001 0.000000000000000 
0.000000000000000 0.000000000000000 18.897300000000001 
Volume: 6.7483760123E+03 (Bohr^3)
Density: 1.7797763459E-03 (amu/Bohr^3), 1.9943947812E-02 (g/cc)
***************************************************************************
                           Parallelization                                 
***************************************************************************
NP_SPIN_PARAL: 1
NP_KPOINT_PARAL: 1
NP_BAND_PARAL: 7
NP_DOMAIN_PARAL: 1 1 3
NP_DOMAIN_PHI_PARAL: 2 3 4
EIG_SERIAL_MAXNS: 1500
***************************************************************************
                             Initialization                                
***************************************************************************
Number of processors               :  24
Mesh spacing                       :  0.282049 (Bohr)
Number of symmetry adapted k-points:  1
Output printed to                  :  SPARC.out
Total number of atom types         :  1
Total number of atoms              :  1
Total number of electrons          :  4
Atom type 1  (valence electrons)   :  C 4
Pseudopotential                    :  06_C_4_1.2_1.2_pbe_n_v1.0.psp8
Atomic mass                        :  12.0106
Pseudocharge radii of atom type 1  :  7.33 7.33 7.33 (x, y, z dir)
Number of atoms of type 1          :  1
Estimated total memory usage       :  185.53 MB
Estimated memory per processor     :  7.73 MB
===================================================================
                    Self Consistent Field (SCF#1)                     
===================================================================
Iteration     Free Energy (Ha/atom)   SCF Error        Timing (sec)
1            -5.6810371016E+00        2.479E-01        0.445
2            -5.6938597251E+00        1.317E-01        0.185
3            -5.6957591829E+00        1.189E-01        0.184
4            -5.6958208203E+00        9.564E-02        0.182
5            -5.6957442709E+00        7.655E-02        0.186
6            -5.6955983060E+00        3.148E-02        0.182
7            -5.6955813503E+00        1.786E-02        0.182
8            -5.6955789666E+00        8.009E-03        0.192
9            -5.6955796567E+00        2.460E-03        0.188
10           -5.6955814727E+00        9.566E-04        0.168
11           -5.6955826555E+00        1.499E-04        0.157
12           -5.6955829295E+00        5.813E-05        0.158
13           -5.6955832574E+00        5.394E-05        0.150
14           -5.6955834063E+00        1.777E-05        0.151
15           -5.6955835134E+00        1.195E-05        0.145
16           -5.6955835690E+00        7.917E-06        0.141
Total number of SCF: 16    
====================================================================
                    Energy and force calculation                    
====================================================================
Free energy per atom               : -5.6955880291E+00 (Ha/atom)
Total free energy                  : -5.6955880291E+00 (Ha)
Band structure energy              : -1.3834435188E+00 (Ha)
Exchange correlation energy        : -1.7932992973E+00 (Ha)
Self and correction energy         : -1.0349814675E+01 (Ha)
-Entropy*kb*T                      : -1.1338071377E-02 (Ha)
Fermi level                        : -1.9230013251E-01 (Ha)
DFT-D3 correction                  : -4.4601175513E-06 (Ha)
RMS force                          :  0.0000000000E+00 (Ha/Bohr)
Maximum force                      :  0.0000000000E+00 (Ha/Bohr)
Time for force calculation         :  0.006 (sec)
***************************************************************************
                               Timing info                                 
***************************************************************************
Total walltime                     :  3.214 sec
___________________________________________________________________________

***************************************************************************
*             Material Physics & Mechanics Group, Georgia Tech            *
*                       PI: Phanish Suryanarayana                         *
*               List of contributors: See the documentation               *
*         Citation: See README.md or the documentation for details        *
*  Acknowledgements: U.S. DOE SC (DE-SC0019410), U.S. DOE NNSA (ASC)      *
*      {Preliminary developments: U.S. NSF (1333500,1663244,1553212)}     *
***************************************************************************
                                                                           
