***************************************************************************
*                       SPARC (version Jul 10, 2023)                      *
*   Copyright (c) 2020 Material Physics & Mechanics Group, Georgia Tech   *
*           Distributed under GNU General Public License 3 (GPL)          *
*                   Start time: Tue Jul 25 00:03:14 2023                  *
***************************************************************************
                           Input parameters                                
***************************************************************************
LATVEC_SCALE: 1 1 1 
LATVEC:
13.2281 0 0 
0 13.2281 0 
0 0 13.2281 
FD_GRID: 47 47 47
FD_ORDER: 12
BC: P P P
KPOINT_GRID: 1 1 1
KPOINT_SHIFT: 0 0 0
SPIN_TYP: 0
ELEC_TEMP_TYPE: Gaussian
SMEARING: 0.007349864435
EXCHANGE_CORRELATION: GGA_PBE
NSTATES: 7
CHEB_DEGREE: 27
CHEFSI_BOUND_FLAG: 0
CALC_STRESS: 0
CALC_PRES: 0
MAXIT_SCF: 100
MINIT_SCF: 2
MAXIT_POISSON: 3000
TOL_SCF: 1.00E-05
POISSON_SOLVER: AAR
TOL_POISSON: 1.00E-07
TOL_LANCZOS: 1.00E-02
TOL_PSEUDOCHARGE: 1.00E-08
MIXING_VARIABLE: density
MIXING_PRECOND: kerker
TOL_PRECOND: 7.92E-05
PRECOND_KERKER_KTF: 1
PRECOND_KERKER_THRESH: 0.1
MIXING_PARAMETER: 0.3
MIXING_HISTORY: 7
PULAY_FREQUENCY: 1
PULAY_RESTART: 0
REFERENCE_CUTOFF: 0.5
RHO_TRIGGER: 4
FIX_RAND: 0
VERBOSITY: 1
PRINT_FORCES: 1
PRINT_ATOMS: 1
PRINT_EIGEN: 0
PRINT_DENSITY: 0
PRINT_ENERGY_DENSITY: 0
D3_FLAG: 1
D3_RTHR: 1600
D3_CN_THR: 625
OUTPUT_FILE: SPARC
***************************************************************************
                                Cell                                       
***************************************************************************
Lattice vectors (Bohr):
13.228100000000000 0.000000000000000 0.000000000000000 
0.000000000000000 13.228100000000000 0.000000000000000 
0.000000000000000 0.000000000000000 13.228100000000000 
Volume: 2.3146877227E+03 (Bohr^3)
Density: 5.1888640882E-03 (amu/Bohr^3), 5.8145752313E-02 (g/cc)
***************************************************************************
                           Parallelization                                 
***************************************************************************
NP_SPIN_PARAL: 1
NP_KPOINT_PARAL: 1
NP_BAND_PARAL: 7
NP_DOMAIN_PARAL: 1 1 3
NP_DOMAIN_PHI_PARAL: 2 3 4
EIG_SERIAL_MAXNS: 1500
***************************************************************************
                             Initialization                                
***************************************************************************
Number of processors               :  24
Mesh spacing                       :  0.281449 (Bohr)
Number of symmetry adapted k-points:  1
Output printed to                  :  SPARC.out
Total number of atom types         :  1
Total number of atoms              :  1
Total number of electrons          :  4
Atom type 1  (valence electrons)   :  C 4
Pseudopotential                    :  06_C_4_1.2_1.2_pbe_n_v1.0.psp8
Atomic mass                        :  12.0106
Pseudocharge radii of atom type 1  :  7.32 7.32 7.32 (x, y, z dir)
Number of atoms of type 1          :  1
Estimated total memory usage       :  64.05 MB
Estimated memory per processor     :  2.67 MB
===================================================================
                    Self Consistent Field (SCF#1)                     
===================================================================
Iteration     Free Energy (Ha/atom)   SCF Error        Timing (sec)
1            -5.6824272288E+00        2.979E-01        0.132
2            -5.6952317443E+00        1.983E-01        0.060
3            -5.6956712110E+00        1.366E-01        0.073
4            -5.6954520723E+00        9.960E-02        0.068
5            -5.6952626680E+00        6.224E-02        0.056
6            -5.6951755887E+00        3.327E-02        0.054
7            -5.6951580521E+00        2.267E-02        0.054
8            -5.6951485441E+00        1.342E-02        0.054
9            -5.6951460985E+00        7.755E-03        0.055
10           -5.6951450293E+00        5.163E-04        0.049
11           -5.6951455590E+00        7.817E-05        0.050
12           -5.6951461833E+00        7.057E-05        0.047
13           -5.6951463475E+00        2.410E-05        0.047
14           -5.6951465074E+00        1.498E-05        0.044
15           -5.6951465914E+00        9.753E-06        0.043
Total number of SCF: 15    
====================================================================
                    Energy and force calculation                    
====================================================================
Free energy per atom               : -5.6951879426E+00 (Ha/atom)
Total free energy                  : -5.6951879426E+00 (Ha)
Band structure energy              : -1.3480009581E+00 (Ha)
Exchange correlation energy        : -1.7951049118E+00 (Ha)
Self and correction energy         : -1.0349811102E+01 (Ha)
-Entropy*kb*T                      : -1.1338071353E-02 (Ha)
Fermi level                        : -1.8336243450E-01 (Ha)
DFT-D3 correction                  : -4.1351268363E-05 (Ha)
RMS force                          :  0.0000000000E+00 (Ha/Bohr)
Maximum force                      :  0.0000000000E+00 (Ha/Bohr)
Time for force calculation         :  0.006 (sec)
***************************************************************************
                               Timing info                                 
***************************************************************************
Total walltime                     :  1.014 sec
___________________________________________________________________________

***************************************************************************
*             Material Physics & Mechanics Group, Georgia Tech            *
*                       PI: Phanish Suryanarayana                         *
*               List of contributors: See the documentation               *
*         Citation: See README.md or the documentation for details        *
*  Acknowledgements: U.S. DOE SC (DE-SC0019410), U.S. DOE NNSA (ASC)      *
*      {Preliminary developments: U.S. NSF (1333500,1663244,1553212)}     *
***************************************************************************
                                                                           
