***************************************************************************
*                       SPARC (version Jul 10, 2023)                      *
*   Copyright (c) 2020 Material Physics & Mechanics Group, Georgia Tech   *
*           Distributed under GNU General Public License 3 (GPL)          *
*                   Start time: Mon Jul 24 16:45:37 2023                  *
***************************************************************************
                           Input parameters                                
***************************************************************************
LATVEC_SCALE: 1 1 1 
LATVEC:
18.8973 0 0 
0 18.8973 0 
0 0 18.8973 
FD_GRID: 67 67 67
FD_ORDER: 12
BC: P P P
KPOINT_GRID: 1 1 1
KPOINT_SHIFT: 0 0 0
SPIN_TYP: 1
ELEC_TEMP_TYPE: Gaussian
SMEARING: 0.007349864435
EXCHANGE_CORRELATION: GGA_PBE
NSTATES: 11
CHEB_DEGREE: 27
CHEFSI_BOUND_FLAG: 0
RELAX_FLAG: 1
RELAX_METHOD: LBFGS
RELAX_NITER: 300
L_HISTORY: 20
L_FINIT_STP: 0.005
L_MAXMOV: 0.2
L_AUTOSCALE: 1
L_LINEOPT: 1
L_ICURV: 1
CALC_STRESS: 0
CALC_PRES: 0
TWTIME: 1E+09
MAXIT_SCF: 100
MINIT_SCF: 2
MAXIT_POISSON: 3000
TOL_SCF: 1.00E-04
POISSON_SOLVER: AAR
TOL_POISSON: 1.00E-06
TOL_LANCZOS: 1.00E-02
TOL_PSEUDOCHARGE: 1.00E-07
MIXING_VARIABLE: density
MIXING_PRECOND: kerker
MIXING_PRECOND_MAG: none
TOL_PRECOND: 7.96E-05
PRECOND_KERKER_KTF: 1
PRECOND_KERKER_THRESH: 0.1
MIXING_PARAMETER: 0.3
MIXING_PARAMETER_MAG: 0.3
MIXING_HISTORY: 7
PULAY_FREQUENCY: 1
PULAY_RESTART: 0
REFERENCE_CUTOFF: 0.5
RHO_TRIGGER: 4
FIX_RAND: 0
VERBOSITY: 1
PRINT_FORCES: 1
PRINT_ATOMS: 1
PRINT_EIGEN: 0
PRINT_DENSITY: 0
PRINT_VELS: 1
PRINT_RESTART: 1
PRINT_RESTART_FQ: 1
PRINT_ENERGY_DENSITY: 0
TOL_RELAX: 5.00E-04
PRINT_RELAXOUT: 1
D3_FLAG: 1
D3_RTHR: 1600
D3_CN_THR: 625
OUTPUT_FILE: SPARC
***************************************************************************
                                Cell                                       
***************************************************************************
Lattice vectors (Bohr):
18.897300000000001 0.000000000000000 0.000000000000000 
0.000000000000000 18.897300000000001 0.000000000000000 
0.000000000000000 0.000000000000000 18.897300000000001 
Volume: 6.7483760123E+03 (Bohr^3)
Density: 4.1511779944E-03 (amu/Bohr^3), 4.6517573666E-02 (g/cc)
***************************************************************************
                           Parallelization                                 
***************************************************************************
NP_SPIN_PARAL: 2
NP_KPOINT_PARAL: 1
NP_BAND_PARAL: 11
NP_DOMAIN_PARAL: 1 1 1
NP_DOMAIN_PHI_PARAL: 2 3 4
EIG_SERIAL_MAXNS: 1500
***************************************************************************
                             Initialization                                
***************************************************************************
Number of processors               :  24
Mesh spacing                       :  0.282049 (Bohr)
Number of symmetry adapted k-points:  1
Output printed to                  :  SPARC.out
Relax output printed to            :  SPARC.geopt
Total number of atom types         :  1
Total number of atoms              :  2
Total number of electrons          :  10
Atom type 1  (valence electrons)   :  N 5
Pseudopotential                    :  07_N_5_1.2_1.4_pbe_n_v1.0.psp8
Atomic mass                        :  14.006855
Pseudocharge radii of atom type 1  :  7.05 7.05 7.05 (x, y, z dir)
Number of atoms of type 1          :  2
Estimated total memory usage       :  492.20 MB
Estimated memory per processor     :  20.51 MB
========================================================================================
                    Self Consistent Field (SCF#1)                     
========================================================================================
Iteration     Free Energy (Ha/atom)    Magnetization     SCF Error        Timing (sec)
1            -1.0319386830E+01         1.1669E-08        3.126E-01        0.795
2            -1.0430206248E+01         1.1669E-08        2.607E-01        0.289
3            -1.0423825775E+01         1.1669E-08        1.985E-01        0.294
4            -1.0396811989E+01        -9.0609E-09        7.750E-02        0.281
5            -1.0391010078E+01        -8.7198E-09        5.591E-02        0.297
6            -1.0371437120E+01         4.1799E-09        3.624E-02        0.298
7            -1.0365392067E+01         5.0987E-09        2.174E-02        0.281
8            -1.0366122934E+01         4.4314E-09        1.381E-02        0.295
9            -1.0364208251E+01         1.6207E-09        9.508E-03        0.269
10           -1.0364159891E+01         1.1000E-09        4.587E-03        0.278
11           -1.0364306686E+01         7.8799E-10        4.224E-03        0.263
12           -1.0364364255E+01        -1.6324E-10        6.489E-04        0.261
13           -1.0364425940E+01         1.4321E-10        4.496E-04        0.259
14           -1.0364443577E+01         1.4688E-10        2.772E-04        0.249
15           -1.0364465261E+01         1.0997E-10        1.394E-04        0.246
16           -1.0364474863E+01        -3.9950E-12        1.220E-04        0.243
17           -1.0364478512E+01        -9.1234E-12        1.201E-04        0.229
18           -1.0364478610E+01        -6.0316E-12        1.074E-04        0.231
19           -1.0364479402E+01        -1.7262E-11        8.633E-05        0.210
Total number of SCF: 19    
====================================================================
                    Energy and force calculation                    
====================================================================
Free energy per atom               : -1.0364483694E+01 (Ha/atom)
Total free energy                  : -2.0728967387E+01 (Ha)
Band structure energy              : -5.4340431217E+00 (Ha)
Exchange correlation energy        : -5.8714984413E+00 (Ha)
Self and correction energy         : -3.3139188618E+01 (Ha)
-Entropy*kb*T                      : -3.6293065387E-10 (Ha)
Fermi level                        : -1.1077296985E-01 (Ha)
DFT-D3 correction                  : -8.5837196006E-06 (Ha)
RMS force                          :  6.6833140515E-02 (Ha/Bohr)
Maximum force                      :  6.6833140515E-02 (Ha/Bohr)
Time for force calculation         :  0.012 (sec)
Relax step time                    :  5.767 (sec)
========================================================================================
                    Self Consistent Field (SCF#2)                     
========================================================================================
Iteration     Free Energy (Ha/atom)    Magnetization     SCF Error        Timing (sec)
1            -1.0364752526E+01        -2.3359E-13        6.597E-03        0.267
2            -1.0364722432E+01        -2.0695E-13        4.259E-03        0.256
3            -1.0364699638E+01        -5.8620E-14        6.550E-04        0.279
4            -1.0364698998E+01        -6.2172E-15        1.991E-04        0.237
5            -1.0364698402E+01         8.8818E-15        1.125E-04        0.245
6            -1.0364698937E+01        -3.5527E-15        5.467E-05        0.243
Total number of SCF: 6     
====================================================================
                    Energy and force calculation                    
====================================================================
Free energy per atom               : -1.0364703225E+01 (Ha/atom)
Total free energy                  : -2.0729406450E+01 (Ha)
Band structure energy              : -5.4415230487E+00 (Ha)
Exchange correlation energy        : -5.8758360482E+00 (Ha)
Self and correction energy         : -3.3139119661E+01 (Ha)
-Entropy*kb*T                      : -1.1964818824E-11 (Ha)
Fermi level                        : -3.3788461115E-01 (Ha)
DFT-D3 correction                  : -8.5762493346E-06 (Ha)
RMS force                          :  5.8431403873E-02 (Ha/Bohr)
Maximum force                      :  5.8431403873E-02 (Ha/Bohr)
Time for force calculation         :  0.012 (sec)
Relax step time                    :  1.634 (sec)
========================================================================================
                    Self Consistent Field (SCF#3)                     
========================================================================================
Iteration     Free Energy (Ha/atom)    Magnetization     SCF Error        Timing (sec)
1            -1.0365920133E+01        -5.3291E-15        2.281E-02        0.285
2            -1.0365562335E+01         1.7764E-15        1.474E-02        0.271
3            -1.0365281236E+01         6.2172E-15        2.248E-03        0.261
4            -1.0365275330E+01         4.4409E-15        7.035E-04        0.250
5            -1.0365275036E+01         7.9936E-15        3.945E-04        0.259
6            -1.0365274737E+01        -7.1054E-15        1.944E-04        0.252
7            -1.0365276461E+01         1.7764E-15        1.146E-04        0.241
8            -1.0365277171E+01        -8.8818E-16        7.218E-05        0.248
Total number of SCF: 8     
====================================================================
                    Energy and force calculation                    
====================================================================
Free energy per atom               : -1.0365281447E+01 (Ha/atom)
Total free energy                  : -2.0730562894E+01 (Ha)
Band structure energy              : -5.4663622334E+00 (Ha)
Exchange correlation energy        : -5.8910455752E+00 (Ha)
Self and correction energy         : -3.3138874018E+01 (Ha)
-Entropy*kb*T                      : -3.7669388193E-13 (Ha)
Fermi level                        : -1.0956187039E-01 (Ha)
DFT-D3 correction                  : -8.5512309636E-06 (Ha)
RMS force                          :  2.6789220254E-02 (Ha/Bohr)
Maximum force                      :  2.6789220254E-02 (Ha/Bohr)
Time for force calculation         :  0.012 (sec)
Relax step time                    :  2.182 (sec)
========================================================================================
                    Self Consistent Field (SCF#4)                     
========================================================================================
Iteration     Free Energy (Ha/atom)    Magnetization     SCF Error        Timing (sec)
1            -1.0365549187E+01        -7.9936E-15        3.374E-04        0.251
2            -1.0365553659E+01        -2.3981E-14        1.804E-04        0.234
3            -1.0365554456E+01        -1.3323E-14        1.005E-04        0.234
4            -1.0365555232E+01        -1.0658E-14        4.326E-05        0.225
Total number of SCF: 4     
====================================================================
                    Energy and force calculation                    
====================================================================
Free energy per atom               : -1.0365559498E+01 (Ha/atom)
Total free energy                  : -2.0731118995E+01 (Ha)
Band structure energy              : -5.4855420644E+00 (Ha)
Exchange correlation energy        : -5.9045585557E+00 (Ha)
Self and correction energy         : -3.3138667493E+01 (Ha)
-Entropy*kb*T                      : -1.1727357890E-11 (Ha)
Fermi level                        : -3.3883270071E-01 (Ha)
DFT-D3 correction                  : -8.5311488262E-06 (Ha)
RMS force                          :  2.6448873481E-03 (Ha/Bohr)
Maximum force                      :  2.6448873481E-03 (Ha/Bohr)
Time for force calculation         :  0.012 (sec)
Relax step time                    :  1.037 (sec)
========================================================================================
                    Self Consistent Field (SCF#5)                     
========================================================================================
Iteration     Free Energy (Ha/atom)    Magnetization     SCF Error        Timing (sec)
1            -1.0365539591E+01         0.0000E+00        1.302E-04        0.242
2            -1.0365539421E+01        -8.8818E-15        9.450E-05        0.234
Total number of SCF: 2     
====================================================================
                    Energy and force calculation                    
====================================================================
Free energy per atom               : -1.0365543687E+01 (Ha/atom)
Total free energy                  : -2.0731087375E+01 (Ha)
Band structure energy              : -5.4843154376E+00 (Ha)
Exchange correlation energy        : -5.9032541566E+00 (Ha)
Self and correction energy         : -3.3138685678E+01 (Ha)
-Entropy*kb*T                      : -1.1702622936E-11 (Ha)
Fermi level                        : -3.3884072107E-01 (Ha)
DFT-D3 correction                  : -8.5329141107E-06 (Ha)
RMS force                          :  3.3596135524E-04 (Ha/Bohr)
Maximum force                      :  3.3596135524E-04 (Ha/Bohr)
Time for force calculation         :  0.013 (sec)
Relax step time                    :  0.559 (sec)
***************************************************************************
                               Timing info                                 
***************************************************************************
Total walltime                     :  11.209 sec
___________________________________________________________________________

***************************************************************************
*             Material Physics & Mechanics Group, Georgia Tech            *
*                       PI: Phanish Suryanarayana                         *
*               List of contributors: See the documentation               *
*         Citation: See README.md or the documentation for details        *
*  Acknowledgements: U.S. DOE SC (DE-SC0019410), U.S. DOE NNSA (ASC)      *
*      {Preliminary developments: U.S. NSF (1333500,1663244,1553212)}     *
***************************************************************************
                                                                           
