***************************************************************************
*                       SPARC (version Jul 10, 2023)                      *
*   Copyright (c) 2020 Material Physics & Mechanics Group, Georgia Tech   *
*           Distributed under GNU General Public License 3 (GPL)          *
*                   Start time: Tue Jul 25 00:49:09 2023                  *
***************************************************************************
                           Input parameters                                
***************************************************************************
LATVEC_SCALE: 1 1 1 
LATVEC:
0 3.41096 3.41096 
3.41096 0 3.41096 
3.41096 3.41096 0 
FD_GRID: 15 15 15
FD_ORDER: 12
BC: P P P
KPOINT_GRID: 6 6 1
KPOINT_SHIFT: 0.5 0.5 0
SPIN_TYP: 0
ELEC_TEMP_TYPE: Gaussian
SMEARING: 0.007349864435
EXCHANGE_CORRELATION: GGA_PBE
NSTATES: 15
CHEB_DEGREE: 29
CHEFSI_BOUND_FLAG: 0
CALC_STRESS: 0
CALC_PRES: 0
MAXIT_SCF: 100
MINIT_SCF: 2
MAXIT_POISSON: 3000
TOL_SCF: 1.00E-05
POISSON_SOLVER: AAR
TOL_POISSON: 1.00E-07
TOL_LANCZOS: 1.00E-02
TOL_PSEUDOCHARGE: 1.00E-08
MIXING_VARIABLE: density
MIXING_PRECOND: kerker
TOL_PRECOND: 1.03E-04
PRECOND_KERKER_KTF: 1
PRECOND_KERKER_THRESH: 0.1
MIXING_PARAMETER: 0.3
MIXING_HISTORY: 7
PULAY_FREQUENCY: 1
PULAY_RESTART: 0
REFERENCE_CUTOFF: 0.5
RHO_TRIGGER: 4
FIX_RAND: 0
VERBOSITY: 1
PRINT_FORCES: 1
PRINT_ATOMS: 1
PRINT_EIGEN: 0
PRINT_DENSITY: 0
PRINT_ENERGY_DENSITY: 0
D3_FLAG: 1
D3_RTHR: 1600
D3_CN_THR: 625
OUTPUT_FILE: SPARC
***************************************************************************
                                Cell                                       
***************************************************************************
Lattice vectors (Bohr):
0.000000000000000 3.410960000000000 3.410960000000000 
3.410960000000000 0.000000000000000 3.410960000000000 
3.410960000000000 3.410960000000000 0.000000000000000 
Volume: 7.9370638714E+01 (Bohr^3)
Density: 8.0062351809E-01 (amu/Bohr^3), 8.9716855148E+00 (g/cc)
***************************************************************************
                           Parallelization                                 
***************************************************************************
NP_SPIN_PARAL: 1
NP_KPOINT_PARAL: 6
NP_BAND_PARAL: 1
NP_DOMAIN_PARAL: 1 2 2
NP_DOMAIN_PHI_PARAL: 2 2 2
EIG_SERIAL_MAXNS: 1500
***************************************************************************
                             Initialization                                
***************************************************************************
Number of processors               :  24
Mesh spacing                       :  0.321588 (Bohr)
Number of symmetry adapted k-points:  18
Output printed to                  :  SPARC.out
Total number of atom types         :  1
Total number of atoms              :  1
Total number of electrons          :  19
Atom type 1  (valence electrons)   :  Cu 19
Pseudopotential                    :  29_Cu_19_1.7_1.9_pbe_n_v1.0.psp8
Atomic mass                        :  63.546
Pseudocharge radii of atom type 1  :  8.68 8.68 8.68 (x, y, z dir)
Number of atoms of type 1          :  1
Estimated total memory usage       :  28.86 MB
Estimated memory per processor     :  1.20 MB
===================================================================
                    Self Consistent Field (SCF#1)                     
===================================================================
Iteration     Free Energy (Ha/atom)   SCF Error        Timing (sec)
1            -1.8263200702E+02        6.711E-02        1.167
2            -1.8258396111E+02        1.991E-02        0.284
3            -1.8258155641E+02        1.072E-02        0.290
4            -1.8258105132E+02        2.644E-03        0.281
5            -1.8258104491E+02        9.106E-04        0.288
6            -1.8258104581E+02        2.832E-04        0.284
7            -1.8258104647E+02        8.377E-05        0.290
8            -1.8258104631E+02        3.218E-05        0.289
9            -1.8258104636E+02        1.297E-05        0.285
10           -1.8258104643E+02        2.490E-06        0.280
Total number of SCF: 10    
====================================================================
                    Energy and force calculation                    
====================================================================
Free energy per atom               : -1.8259698410E+02 (Ha/atom)
Total free energy                  : -1.8259698410E+02 (Ha)
Band structure energy              : -2.0362778399E+01 (Ha)
Exchange correlation energy        : -2.1644032042E+01 (Ha)
Self and correction energy         : -1.8654303853E+02 (Ha)
-Entropy*kb*T                      : -9.4373602770E-04 (Ha)
Fermi level                        :  2.0711758858E-01 (Ha)
DFT-D3 correction                  : -1.5937666654E-02 (Ha)
RMS force                          :  0.0000000000E+00 (Ha/Bohr)
Maximum force                      :  0.0000000000E+00 (Ha/Bohr)
Time for force calculation         :  0.036 (sec)
***************************************************************************
                               Timing info                                 
***************************************************************************
Total walltime                     :  3.916 sec
___________________________________________________________________________

***************************************************************************
*             Material Physics & Mechanics Group, Georgia Tech            *
*                       PI: Phanish Suryanarayana                         *
*               List of contributors: See the documentation               *
*         Citation: See README.md or the documentation for details        *
*  Acknowledgements: U.S. DOE SC (DE-SC0019410), U.S. DOE NNSA (ASC)      *
*      {Preliminary developments: U.S. NSF (1333500,1663244,1553212)}     *
***************************************************************************
                                                                           
