***************************************************************************
*                       SPARC (version Jul 10, 2023)                      *
*   Copyright (c) 2020 Material Physics & Mechanics Group, Georgia Tech   *
*           Distributed under GNU General Public License 3 (GPL)          *
*                   Start time: Tue Jul 25 00:03:27 2023                  *
***************************************************************************
                           Input parameters                                
***************************************************************************
LATVEC_SCALE: 1 1 1 
LATVEC:
20.787 0 0 
0 20.787 0 
0 0 20.787 
FD_GRID: 74 74 74
FD_ORDER: 12
BC: P P P
KPOINT_GRID: 1 1 1
KPOINT_SHIFT: 0 0 0
SPIN_TYP: 0
ELEC_TEMP_TYPE: Gaussian
SMEARING: 0.007349864435
EXCHANGE_CORRELATION: GGA_PBE
NSTATES: 7
CHEB_DEGREE: 27
CHEFSI_BOUND_FLAG: 0
CALC_STRESS: 0
CALC_PRES: 0
MAXIT_SCF: 100
MINIT_SCF: 2
MAXIT_POISSON: 3000
TOL_SCF: 1.00E-05
POISSON_SOLVER: AAR
TOL_POISSON: 1.00E-07
TOL_LANCZOS: 1.00E-02
TOL_PSEUDOCHARGE: 1.00E-08
MIXING_VARIABLE: density
MIXING_PRECOND: kerker
TOL_PRECOND: 7.89E-05
PRECOND_KERKER_KTF: 1
PRECOND_KERKER_THRESH: 0.1
MIXING_PARAMETER: 0.3
MIXING_HISTORY: 7
PULAY_FREQUENCY: 1
PULAY_RESTART: 0
REFERENCE_CUTOFF: 0.5
RHO_TRIGGER: 4
FIX_RAND: 0
VERBOSITY: 1
PRINT_FORCES: 1
PRINT_ATOMS: 1
PRINT_EIGEN: 0
PRINT_DENSITY: 0
PRINT_ENERGY_DENSITY: 0
D3_FLAG: 1
D3_RTHR: 1600
D3_CN_THR: 625
OUTPUT_FILE: SPARC
***************************************************************************
                                Cell                                       
***************************************************************************
Lattice vectors (Bohr):
20.786999999999999 0.000000000000000 0.000000000000000 
0.000000000000000 20.786999999999999 0.000000000000000 
0.000000000000000 0.000000000000000 20.786999999999999 
Volume: 8.9820495834E+03 (Bohr^3)
Density: 1.3371781004E-03 (amu/Bohr^3), 1.4984248056E-02 (g/cc)
***************************************************************************
                           Parallelization                                 
***************************************************************************
NP_SPIN_PARAL: 1
NP_KPOINT_PARAL: 1
NP_BAND_PARAL: 7
NP_DOMAIN_PARAL: 1 1 3
NP_DOMAIN_PHI_PARAL: 2 3 4
EIG_SERIAL_MAXNS: 1500
***************************************************************************
                             Initialization                                
***************************************************************************
Number of processors               :  24
Mesh spacing                       :  0.280905 (Bohr)
Number of symmetry adapted k-points:  1
Output printed to                  :  SPARC.out
Total number of atom types         :  1
Total number of atoms              :  1
Total number of electrons          :  4
Atom type 1  (valence electrons)   :  C 4
Pseudopotential                    :  06_C_4_1.2_1.2_pbe_n_v1.0.psp8
Atomic mass                        :  12.0106
Pseudocharge radii of atom type 1  :  7.30 7.30 7.30 (x, y, z dir)
Number of atoms of type 1          :  1
Estimated total memory usage       :  249.96 MB
Estimated memory per processor     :  10.42 MB
===================================================================
                    Self Consistent Field (SCF#1)                     
===================================================================
Iteration     Free Energy (Ha/atom)   SCF Error        Timing (sec)
1            -5.6759006201E+00        3.244E-01        0.613
2            -5.6899229864E+00        2.311E-01        0.265
3            -5.6959132034E+00        1.971E-01        0.274
4            -5.6966185254E+00        1.609E-01        0.268
5            -5.6962327369E+00        1.031E-01        0.268
6            -5.6959685041E+00        4.771E-02        0.258
7            -5.6959221764E+00        2.739E-02        0.252
8            -5.6959115278E+00        1.852E-02        0.244
9            -5.6959093728E+00        1.432E-02        0.256
10           -5.6959047452E+00        6.912E-04        0.240
11           -5.6959067082E+00        1.118E-03        0.246
12           -5.6959076923E+00        4.663E-04        0.238
13           -5.6959085225E+00        3.688E-05        0.195
14           -5.6959086943E+00        2.679E-05        0.212
15           -5.6959089831E+00        1.544E-05        0.203
16           -5.6959091327E+00        1.112E-05        0.202
17           -5.6959092453E+00        7.198E-06        0.193
Total number of SCF: 17    
====================================================================
                    Energy and force calculation                    
====================================================================
Free energy per atom               : -5.6959117129E+00 (Ha/atom)
Total free energy                  : -5.6959117129E+00 (Ha)
Band structure energy              : -1.3874767290E+00 (Ha)
Exchange correlation energy        : -1.7933582199E+00 (Ha)
Self and correction energy         : -1.0349803869E+01 (Ha)
-Entropy*kb*T                      : -1.1338054058E-02 (Ha)
Fermi level                        : -1.9340583110E-01 (Ha)
DFT-D3 correction                  : -2.4676618473E-06 (Ha)
RMS force                          :  0.0000000000E+00 (Ha/Bohr)
Maximum force                      :  0.0000000000E+00 (Ha/Bohr)
Time for force calculation         :  0.008 (sec)
***************************************************************************
                               Timing info                                 
***************************************************************************
Total walltime                     :  4.731 sec
___________________________________________________________________________

***************************************************************************
*             Material Physics & Mechanics Group, Georgia Tech            *
*                       PI: Phanish Suryanarayana                         *
*               List of contributors: See the documentation               *
*         Citation: See README.md or the documentation for details        *
*  Acknowledgements: U.S. DOE SC (DE-SC0019410), U.S. DOE NNSA (ASC)      *
*      {Preliminary developments: U.S. NSF (1333500,1663244,1553212)}     *
***************************************************************************
                                                                           
