***************************************************************************
*                       SPARC (version Jul 10, 2023)                      *
*   Copyright (c) 2020 Material Physics & Mechanics Group, Georgia Tech   *
*           Distributed under GNU General Public License 3 (GPL)          *
*                   Start time: Tue Jul 25 00:03:35 2023                  *
***************************************************************************
                           Input parameters                                
***************************************************************************
LATVEC_SCALE: 1 1 1 
LATVEC:
22.6767 0 0 
0 22.6767 0 
0 0 22.6767 
FD_GRID: 81 81 81
FD_ORDER: 12
BC: P P P
KPOINT_GRID: 1 1 1
KPOINT_SHIFT: 0 0 0
SPIN_TYP: 0
ELEC_TEMP_TYPE: Gaussian
SMEARING: 0.007349864435
EXCHANGE_CORRELATION: GGA_PBE
NSTATES: 7
CHEB_DEGREE: 27
CHEFSI_BOUND_FLAG: 0
CALC_STRESS: 0
CALC_PRES: 0
MAXIT_SCF: 100
MINIT_SCF: 2
MAXIT_POISSON: 3000
TOL_SCF: 1.00E-05
POISSON_SOLVER: AAR
TOL_POISSON: 1.00E-07
TOL_LANCZOS: 1.00E-02
TOL_PSEUDOCHARGE: 1.00E-08
MIXING_VARIABLE: density
MIXING_PRECOND: kerker
TOL_PRECOND: 7.84E-05
PRECOND_KERKER_KTF: 1
PRECOND_KERKER_THRESH: 0.1
MIXING_PARAMETER: 0.3
MIXING_HISTORY: 7
PULAY_FREQUENCY: 1
PULAY_RESTART: 0
REFERENCE_CUTOFF: 0.5
RHO_TRIGGER: 4
FIX_RAND: 0
VERBOSITY: 1
PRINT_FORCES: 1
PRINT_ATOMS: 1
PRINT_EIGEN: 0
PRINT_DENSITY: 0
PRINT_ENERGY_DENSITY: 0
D3_FLAG: 1
D3_RTHR: 1600
D3_CN_THR: 625
OUTPUT_FILE: SPARC
***************************************************************************
                                Cell                                       
***************************************************************************
Lattice vectors (Bohr):
22.676700000000000 0.000000000000000 0.000000000000000 
0.000000000000000 22.676700000000000 0.000000000000000 
0.000000000000000 0.000000000000000 22.676700000000000 
Volume: 1.1661101187E+04 (Bohr^3)
Density: 1.0299713387E-03 (amu/Bohr^3), 1.1541728079E-02 (g/cc)
***************************************************************************
                           Parallelization                                 
***************************************************************************
NP_SPIN_PARAL: 1
NP_KPOINT_PARAL: 1
NP_BAND_PARAL: 7
NP_DOMAIN_PARAL: 1 1 3
NP_DOMAIN_PHI_PARAL: 2 3 4
EIG_SERIAL_MAXNS: 1500
***************************************************************************
                             Initialization                                
***************************************************************************
Number of processors               :  24
Mesh spacing                       :  0.279959 (Bohr)
Number of symmetry adapted k-points:  1
Output printed to                  :  SPARC.out
Total number of atom types         :  1
Total number of atoms              :  1
Total number of electrons          :  4
Atom type 1  (valence electrons)   :  C 4
Pseudopotential                    :  06_C_4_1.2_1.2_pbe_n_v1.0.psp8
Atomic mass                        :  12.0106
Pseudocharge radii of atom type 1  :  7.28 7.28 7.28 (x, y, z dir)
Number of atoms of type 1          :  1
Estimated total memory usage       :  327.82 MB
Estimated memory per processor     :  13.66 MB
===================================================================
                    Self Consistent Field (SCF#1)                     
===================================================================
Iteration     Free Energy (Ha/atom)   SCF Error        Timing (sec)
1            -5.6782996553E+00        1.703E-01        0.827
2            -5.6949588270E+00        1.052E-01        0.369
3            -5.6964592613E+00        7.812E-02        0.368
4            -5.6965613275E+00        5.909E-02        0.366
5            -5.6965018331E+00        2.667E-02        0.357
6            -5.6964873520E+00        8.918E-03        0.351
7            -5.6964905708E+00        4.094E-03        0.346
8            -5.6964923033E+00        1.217E-03        0.346
9            -5.6964947251E+00        9.357E-04        0.319
10           -5.6964953950E+00        9.163E-04        0.318
11           -5.6964960910E+00        6.455E-05        0.319
12           -5.6964967418E+00        9.358E-05        0.299
13           -5.6964970096E+00        1.978E-05        0.291
14           -5.6964973126E+00        1.365E-05        0.286
15           -5.6964974527E+00        1.047E-05        0.278
16           -5.6964975111E+00        7.760E-06        0.271
Total number of SCF: 16    
====================================================================
                    Energy and force calculation                    
====================================================================
Free energy per atom               : -5.6964989656E+00 (Ha/atom)
Total free energy                  : -5.6964989656E+00 (Ha)
Band structure energy              : -1.3902002572E+00 (Ha)
Exchange correlation energy        : -1.7935515327E+00 (Ha)
Self and correction energy         : -1.0349789752E+01 (Ha)
-Entropy*kb*T                      : -1.1337964292E-02 (Ha)
Fermi level                        : -1.9425806133E-01 (Ha)
DFT-D3 correction                  : -1.4545329729E-06 (Ha)
RMS force                          :  0.0000000000E+00 (Ha/Bohr)
Maximum force                      :  0.0000000000E+00 (Ha/Bohr)
Time for force calculation         :  0.011 (sec)
***************************************************************************
                               Timing info                                 
***************************************************************************
Total walltime                     :  6.215 sec
___________________________________________________________________________

***************************************************************************
*             Material Physics & Mechanics Group, Georgia Tech            *
*                       PI: Phanish Suryanarayana                         *
*               List of contributors: See the documentation               *
*         Citation: See README.md or the documentation for details        *
*  Acknowledgements: U.S. DOE SC (DE-SC0019410), U.S. DOE NNSA (ASC)      *
*      {Preliminary developments: U.S. NSF (1333500,1663244,1553212)}     *
***************************************************************************
                                                                           
