***************************************************************************
*                       SPARC (version Jul 10, 2023)                      *
*   Copyright (c) 2020 Material Physics & Mechanics Group, Georgia Tech   *
*           Distributed under GNU General Public License 3 (GPL)          *
*                   Start time: Mon Jul 24 21:21:32 2023                  *
***************************************************************************
                           Input parameters                                
***************************************************************************
LATVEC_SCALE: 1 1 1 
LATVEC:
5.23805 0 0 
2.61903 4.53629 0 
0 0 35.0099 
FD_GRID: 19 19 125
FD_ORDER: 12
BC: P P P
KPOINT_GRID: 4 4 1
KPOINT_SHIFT: 0.5 0.5 0
SPIN_TYP: 1
ELEC_TEMP_TYPE: Gaussian
SMEARING: 0.007349864435
EXCHANGE_CORRELATION: GGA_PBE
NSTATES: 41
CHEB_DEGREE: 30
CHEFSI_BOUND_FLAG: 0
RELAX_FLAG: 1
RELAX_METHOD: LBFGS
RELAX_NITER: 300
L_HISTORY: 20
L_FINIT_STP: 0.005
L_MAXMOV: 0.2
L_AUTOSCALE: 1
L_LINEOPT: 1
L_ICURV: 1
CALC_STRESS: 0
CALC_PRES: 0
TWTIME: 1E+09
MAXIT_SCF: 100
MINIT_SCF: 2
MAXIT_POISSON: 3000
TOL_SCF: 1.00E-04
POISSON_SOLVER: AAR
TOL_POISSON: 1.00E-06
TOL_LANCZOS: 1.00E-02
TOL_PSEUDOCHARGE: 1.00E-07
MIXING_VARIABLE: density
MIXING_PRECOND: kerker
MIXING_PRECOND_MAG: none
TOL_PRECOND: 7.68E-05
PRECOND_KERKER_KTF: 1
PRECOND_KERKER_THRESH: 0.1
MIXING_PARAMETER: 0.3
MIXING_PARAMETER_MAG: 0.3
MIXING_HISTORY: 7
PULAY_FREQUENCY: 1
PULAY_RESTART: 0
REFERENCE_CUTOFF: 0.5
RHO_TRIGGER: 4
FIX_RAND: 0
VERBOSITY: 1
PRINT_FORCES: 1
PRINT_ATOMS: 1
PRINT_EIGEN: 0
PRINT_DENSITY: 0
PRINT_VELS: 1
PRINT_RESTART: 1
PRINT_RESTART_FQ: 1
PRINT_ENERGY_DENSITY: 0
TOL_RELAX: 5.00E-04
PRINT_RELAXOUT: 1
D3_FLAG: 1
D3_RTHR: 1600
D3_CN_THR: 625
OUTPUT_FILE: SPARC
***************************************************************************
                                Cell                                       
***************************************************************************
Lattice vectors (Bohr):
5.238050000000000 0.000000000000000 0.000000000000000 
2.619030000000000 4.536290000000000 0.000000000000000 
0.000000000000000 0.000000000000000 35.009900000000002 
Volume: 8.3188122121E+02 (Bohr^3)
Density: 7.2276111621E-01 (amu/Bohr^3), 8.0991693230E+00 (g/cc)
***************************************************************************
                           Parallelization                                 
***************************************************************************
NP_SPIN_PARAL: 2
NP_KPOINT_PARAL: 4
NP_BAND_PARAL: 3
NP_DOMAIN_PARAL: 1 1 1
NP_DOMAIN_PHI_PARAL: 1 2 12
EIG_SERIAL_MAXNS: 1500
***************************************************************************
                             Initialization                                
***************************************************************************
Number of processors               :  24
Mesh spacing in x-direction        :  0.275687 (Bohr)
Mesh spacing in y-direction        :  0.275687 (Bohr)
Mesh spacing in z-direction        :  0.280079 (Bohr)
Number of symmetry adapted k-points:  8
Output printed to                  :  SPARC.out
Relax output printed to            :  SPARC.geopt
Total number of atom types         :  2
Total number of atoms              :  4
Total number of electrons          :  60
Atom type 1  (valence electrons)   :  O 6
Pseudopotential                    :  08_O_6_1.2_1.4_pbe_n_v1.0.psp8
Atomic mass                        :  15.9994
Pseudocharge radii of atom type 1  :  7.17 7.17 7.00 (x, y, z dir)
Number of atoms of type 1          :  1
Atom type 2  (valence electrons)   :  Pt 18
Pseudopotential                    :  78_Pt_18_2.2_2.4_pbe_n_v1.0.psp8
Atomic mass                        :  195.084
Pseudocharge radii of atom type 2  :  6.62 6.62 6.72 (x, y, z dir)
Number of atoms of type 2          :  3
Estimated total memory usage       :  1.84 GB
Estimated memory per processor     :  78.46 MB
========================================================================================
                    Self Consistent Field (SCF#1)                     
========================================================================================
Iteration     Free Energy (Ha/atom)    Magnetization     SCF Error        Timing (sec)
1            -1.0085986752E+02         5.4443E+00        4.206E-01        13.179
2            -1.0740209089E+02         2.4993E-01        4.909E-01        3.382
3            -1.0723631270E+02         2.8250E-01        4.684E-01        3.371
4            -1.0216608615E+02         1.6836E+00        2.874E-01        3.346
5            -1.0413624278E+02         2.1178E+00        3.636E-01        3.381
6            -1.0466007597E+02         3.8194E-01        2.143E-01        3.314
7            -1.0490401135E+02         6.9947E-02        1.708E-01        3.315
8            -1.0443933669E+02         1.1378E+00        1.485E-01        3.333
9            -1.0420551419E+02         2.2826E-01        1.726E-01        3.319
10           -1.0430710541E+02         1.1341E+00        1.357E-01        3.339
11           -1.0408409118E+02         6.9532E-01        9.376E-02        3.327
12           -1.0363253946E+02         1.3774E-01        1.924E-01        3.324
13           -1.0368134847E+02         3.6267E-01        1.752E-01        3.315
14           -1.0364108849E+02         9.0518E-02        1.988E-01        3.311
15           -1.0371560811E+02        -3.7249E-02        2.109E-01        3.318
16           -1.0377810233E+02         5.1866E-01        1.727E-01        3.307
17           -1.0379664484E+02         5.7895E-01        1.711E-01        3.317
18           -1.0369993689E+02         6.3104E-01        1.642E-01        3.305
19           -1.0356815367E+02         9.9528E-01        1.393E-01        3.325
20           -1.0263142403E+02         9.5410E-01        1.397E-01        3.343
21           -1.0286510909E+02         2.1733E+00        8.317E-02        3.297
22           -1.0277799004E+02         1.9484E+00        8.369E-02        3.340
23           -1.0242177641E+02         1.2687E+00        1.065E-01        3.334
24           -1.0232431471E+02         2.1174E+00        6.053E-02        3.332
25           -1.0202759379E+02         1.8676E+00        7.178E-02        3.336
26           -1.0165299894E+02         2.2215E+00        4.240E-02        3.330
27           -1.0142481851E+02         2.9087E+00        3.685E-02        3.295
28           -1.0139650356E+02         2.7679E+00        3.564E-02        3.332
29           -1.0140544101E+02         2.3541E+00        3.146E-02        3.309
30           -1.0134409835E+02         2.3329E+00        3.756E-02        3.320
31           -1.0128109823E+02         2.2219E+00        4.631E-02        3.299
32           -1.0127583039E+02         2.3534E+00        3.886E-02        3.299
33           -1.0113263091E+02         2.1388E+00        4.605E-02        3.342
34           -1.0113816757E+02         2.3195E+00        3.288E-02        3.310
35           -1.0108607233E+02         2.4207E+00        2.345E-02        3.293
36           -1.0107269311E+02         2.5103E+00        1.387E-02        3.323
37           -1.0106704213E+02         2.5054E+00        1.344E-02        3.295
38           -1.0106703475E+02         2.5125E+00        1.425E-02        3.366
39           -1.0106615908E+02         2.5967E+00        8.622E-03        3.327
40           -1.0106877034E+02         3.0343E+00        2.956E-02        3.328
41           -1.0106562229E+02         2.6295E+00        5.344E-03        3.317
42           -1.0106557115E+02         2.6775E+00        3.734E-03        3.331
43           -1.0106555361E+02         2.7307E+00        1.593E-03        3.284
44           -1.0106554523E+02         2.7625E+00        1.911E-03        3.303
45           -1.0106555712E+02         2.7953E+00        2.091E-03        3.303
46           -1.0106553422E+02         2.7802E+00        9.408E-04        3.309
47           -1.0106553236E+02         2.7753E+00        7.789E-04        3.284
48           -1.0106553087E+02         2.7849E+00        5.132E-04        3.303
49           -1.0106565379E+02         2.8686E+00        6.558E-03        3.349
50           -1.0106553295E+02         2.7910E+00        4.639E-04        3.283
51           -1.0106552726E+02         2.8009E+00        1.742E-04        3.303
52           -1.0106553015E+02         2.8035E+00        3.388E-04        3.291
53           -1.0106553787E+02         2.8075E+00        1.770E-04        3.313
54           -1.0106553281E+02         2.8200E+00        4.853E-04        3.314
55           -1.0106552938E+02         2.8161E+00        2.338E-04        3.315
56           -1.0106552909E+02         2.8163E+00        1.573E-04        3.324
57           -1.0106553102E+02         2.8121E+00        2.494E-04        3.307
58           -1.0106553787E+02         2.8144E+00        1.264E-04        3.278
59           -1.0106553307E+02         2.8232E+00        3.841E-04        3.284
60           -1.0106553499E+02         2.8221E+00        2.664E-04        3.307
61           -1.0106553154E+02         2.8198E+00        8.972E-05        3.271
Total number of SCF: 61    
====================================================================
                    Energy and force calculation                    
====================================================================
Free energy per atom               : -1.0107947584E+02 (Ha/atom)
Total free energy                  : -4.0431790334E+02 (Ha)
Band structure energy              : -5.8479746598E+01 (Ha)
Exchange correlation energy        : -7.1415913317E+01 (Ha)
Self and correction energy         : -4.8442403365E+02 (Ha)
-Entropy*kb*T                      : -5.0607519583E-03 (Ha)
Fermi level                        :  4.8416419114E-02 (Ha)
DFT-D3 correction                  : -5.5777188887E-02 (Ha)
RMS force                          :  8.9903764200E-03 (Ha/Bohr)
Maximum force                      :  1.9493394722E-02 (Ha/Bohr)
Time for force calculation         :  0.093 (sec)
Relax step time                    :  212.595 (sec)
========================================================================================
                    Self Consistent Field (SCF#2)                     
========================================================================================
Iteration     Free Energy (Ha/atom)    Magnetization     SCF Error        Timing (sec)
1            -1.0106688393E+02         2.4615E+00        2.164E-02        3.447
2            -1.0108233612E+02         2.6756E+00        6.650E-02        3.332
3            -1.0106783156E+02         3.1246E+00        2.851E-02        3.325
4            -1.0106611077E+02         2.8252E+00        1.323E-02        3.307
5            -1.0106567150E+02         2.8269E+00        4.153E-03        3.710
6            -1.0106561148E+02         2.8177E+00        2.873E-03        3.298
7            -1.0106557672E+02         2.8144E+00        1.543E-03        3.292
8            -1.0106557158E+02         2.8083E+00        7.401E-04        3.297
9            -1.0106557037E+02         2.8099E+00        5.322E-04        3.296
10           -1.0106556986E+02         2.8112E+00        3.165E-04        3.324
11           -1.0106557084E+02         2.8125E+00        2.165E-04        3.319
12           -1.0106557261E+02         2.8137E+00        1.329E-04        3.304
13           -1.0106557932E+02         2.8142E+00        1.194E-04        3.298
14           -1.0106557686E+02         2.8164E+00        9.836E-05        3.285
Total number of SCF: 14    
====================================================================
                    Energy and force calculation                    
====================================================================
Free energy per atom               : -1.0107951740E+02 (Ha/atom)
Total free energy                  : -4.0431806959E+02 (Ha)
Band structure energy              : -5.8471298327E+01 (Ha)
Exchange correlation energy        : -7.1415642546E+01 (Ha)
Self and correction energy         : -4.8442410852E+02 (Ha)
-Entropy*kb*T                      : -5.0616016099E-03 (Ha)
Fermi level                        :  4.8524135035E-02 (Ha)
DFT-D3 correction                  : -5.5762157850E-02 (Ha)
RMS force                          :  8.9696819047E-03 (Ha/Bohr)
Maximum force                      :  1.9229246375E-02 (Ha/Bohr)
Time for force calculation         :  0.093 (sec)
Relax step time                    :  47.104 (sec)
========================================================================================
                    Self Consistent Field (SCF#3)                     
========================================================================================
Iteration     Free Energy (Ha/atom)    Magnetization     SCF Error        Timing (sec)
1            -1.0236051492E+02         6.6414E-01        3.030E-01        3.476
2            -1.0156988833E+02         5.9414E-02        2.326E-01        3.320
3            -1.0122656144E+02         2.0447E+00        1.042E-01        3.313
4            -1.0114473922E+02         2.1462E+00        8.174E-02        3.331
5            -1.0111985804E+02         1.4711E+00        6.400E-02        3.290
6            -1.0109923855E+02         2.4583E+00        6.065E-02        3.306
7            -1.0109337227E+02         2.6032E+00        4.824E-02        3.323
8            -1.0108314703E+02         2.5969E+00        2.858E-02        3.279
9            -1.0107758874E+02         2.4727E+00        1.546E-02        3.296
10           -1.0107606493E+02         2.4190E+00        1.081E-02        3.303
11           -1.0107432904E+02         2.5906E+00        1.099E-02        3.305
12           -1.0107226758E+02         2.4988E+00        4.892E-03        3.289
13           -1.0107070841E+02         2.5563E+00        4.315E-03        3.785
14           -1.0106894533E+02         2.5730E+00        3.993E-03        4.897
15           -1.0106831337E+02         2.6276E+00        2.093E-03        4.620
16           -1.0106761929E+02         2.6572E+00        1.764E-03        4.454
17           -1.0106713694E+02         2.6951E+00        1.338E-03        4.730
18           -1.0106678617E+02         2.7721E+00        2.064E-03        4.297
19           -1.0106677571E+02         2.7446E+00        9.521E-04        4.423
20           -1.0106673847E+02         2.7788E+00        9.894E-04        4.505
21           -1.0106671667E+02         2.7896E+00        4.973E-04        4.584
22           -1.0106673820E+02         2.7905E+00        7.177E-04        3.768
23           -1.0106674250E+02         2.8072E+00        5.069E-04        3.946
24           -1.0106675175E+02         2.8222E+00        2.474E-04        3.277
25           -1.0106675795E+02         2.8316E+00        2.212E-04        3.312
26           -1.0106676287E+02         2.8399E+00        4.768E-04        3.247
27           -1.0106676497E+02         2.8387E+00        3.283E-04        3.254
28           -1.0106675876E+02         2.8357E+00        8.561E-05        3.288
Total number of SCF: 28    
====================================================================
                    Energy and force calculation                    
====================================================================
Free energy per atom               : -1.0108054057E+02 (Ha/atom)
Total free energy                  : -4.0432216229E+02 (Ha)
Band structure energy              : -5.8531338595E+01 (Ha)
Exchange correlation energy        : -7.1405110712E+01 (Ha)
Self and correction energy         : -4.8442232079E+02 (Ha)
-Entropy*kb*T                      : -5.0171284267E-03 (Ha)
Fermi level                        :  4.6627181899E-02 (Ha)
DFT-D3 correction                  : -5.5127247113E-02 (Ha)
RMS force                          :  7.4886861584E-03 (Ha/Bohr)
Maximum force                      :  1.9102486859E-02 (Ha/Bohr)
Time for force calculation         :  0.093 (sec)
Relax step time                    :  104.502 (sec)
========================================================================================
                    Self Consistent Field (SCF#4)                     
========================================================================================
Iteration     Free Energy (Ha/atom)    Magnetization     SCF Error        Timing (sec)
1            -1.0106709860E+02         2.8177E+00        1.678E-02        3.421
2            -1.0106780122E+02         2.7630E+00        1.290E-02        3.339
3            -1.0106945337E+02         3.0596E+00        2.381E-02        3.329
4            -1.0106839615E+02         2.7416E+00        6.202E-03        3.312
5            -1.0106832935E+02         2.7990E+00        1.770E-03        3.287
6            -1.0106833023E+02         2.8186E+00        2.291E-03        3.275
7            -1.0106831866E+02         2.8024E+00        1.091E-03        3.259
8            -1.0106831405E+02         2.8044E+00        7.102E-04        3.298
9            -1.0106831366E+02         2.8149E+00        3.680E-04        3.318
10           -1.0106831063E+02         2.8141E+00        2.684E-04        3.319
11           -1.0106831050E+02         2.8169E+00        2.215E-04        3.264
12           -1.0106830919E+02         2.8236E+00        1.281E-04        3.318
13           -1.0106830951E+02         2.8244E+00        1.072E-04        3.320
14           -1.0106831283E+02         2.8280E+00        1.002E-04        3.286
15           -1.0106831312E+02         2.8322E+00        7.518E-05        3.286
Total number of SCF: 15    
====================================================================
                    Energy and force calculation                    
====================================================================
Free energy per atom               : -1.0108196777E+02 (Ha/atom)
Total free energy                  : -4.0432787108E+02 (Ha)
Band structure energy              : -5.8493570760E+01 (Ha)
Exchange correlation energy        : -7.1404014700E+01 (Ha)
Self and correction energy         : -4.8442433774E+02 (Ha)
-Entropy*kb*T                      : -5.0568902188E-03 (Ha)
Fermi level                        :  4.7217948791E-02 (Ha)
DFT-D3 correction                  : -5.4618620524E-02 (Ha)
RMS force                          :  8.7207390614E-03 (Ha/Bohr)
Maximum force                      :  2.4208310184E-02 (Ha/Bohr)
Time for force calculation         :  0.094 (sec)
Relax step time                    :  49.830 (sec)
========================================================================================
                    Self Consistent Field (SCF#5)                     
========================================================================================
Iteration     Free Energy (Ha/atom)    Magnetization     SCF Error        Timing (sec)
1            -1.0106861679E+02         2.8346E+00        1.718E-02        3.426
2            -1.0106954032E+02         2.5936E+00        1.758E-02        3.308
3            -1.0107012177E+02         2.9852E+00        1.931E-02        3.302
4            -1.0107005590E+02         2.7814E+00        8.329E-03        3.315
5            -1.0106991333E+02         2.7480E+00        2.284E-03        3.308
6            -1.0106991173E+02         2.7854E+00        2.977E-03        3.270
7            -1.0106989311E+02         2.7612E+00        1.888E-03        3.299
8            -1.0106988347E+02         2.7642E+00        1.072E-03        3.318
9            -1.0106987394E+02         2.7710E+00        6.105E-04        3.264
10           -1.0106986510E+02         2.7721E+00        5.071E-04        3.272
11           -1.0106985998E+02         2.7745E+00        3.677E-04        3.261
12           -1.0106985221E+02         2.7762E+00        2.143E-04        3.304
13           -1.0106985217E+02         2.7767E+00        2.077E-04        3.326
14           -1.0106985000E+02         2.7814E+00        2.990E-04        3.259
15           -1.0106985351E+02         2.7797E+00        1.147E-04        3.322
16           -1.0106985246E+02         2.7781E+00        1.450E-04        3.308
17           -1.0106985353E+02         2.7802E+00        7.484E-05        3.310
Total number of SCF: 17    
====================================================================
                    Energy and force calculation                    
====================================================================
Free energy per atom               : -1.0108338731E+02 (Ha/atom)
Total free energy                  : -4.0433354925E+02 (Ha)
Band structure energy              : -5.8548373153E+01 (Ha)
Exchange correlation energy        : -7.1406684110E+01 (Ha)
Self and correction energy         : -4.8442296202E+02 (Ha)
-Entropy*kb*T                      : -5.0955206278E-03 (Ha)
Fermi level                        :  4.6791152156E-02 (Ha)
DFT-D3 correction                  : -5.4135140201E-02 (Ha)
RMS force                          :  1.2021990898E-02 (Ha/Bohr)
Maximum force                      :  3.3643071172E-02 (Ha/Bohr)
Time for force calculation         :  0.094 (sec)
Relax step time                    :  56.409 (sec)
========================================================================================
                    Self Consistent Field (SCF#6)                     
========================================================================================
Iteration     Free Energy (Ha/atom)    Magnetization     SCF Error        Timing (sec)
1            -1.0107069838E+02         2.7142E+00        1.646E-02        3.430
2            -1.0107137471E+02         2.7344E+00        1.219E-02        3.307
3            -1.0107222357E+02         2.5154E+00        1.425E-02        3.297
4            -1.0107196526E+02         2.7397E+00        4.222E-03        3.310
5            -1.0107192122E+02         2.6792E+00        2.450E-03        3.311
6            -1.0107188768E+02         2.6977E+00        2.217E-03        3.314
7            -1.0107188362E+02         2.6940E+00        1.760E-03        3.327
8            -1.0107186979E+02         2.6963E+00        7.347E-04        3.325
9            -1.0107186186E+02         2.6953E+00        5.026E-04        3.324
10           -1.0107185194E+02         2.6926E+00        3.500E-04        3.307
11           -1.0107184803E+02         2.6886E+00        2.377E-04        3.325
12           -1.0107184656E+02         2.6856E+00        1.805E-04        3.308
13           -1.0107184682E+02         2.6786E+00        1.979E-04        3.309
14           -1.0107184783E+02         2.6751E+00        9.557E-05        3.300
Total number of SCF: 14    
====================================================================
                    Energy and force calculation                    
====================================================================
Free energy per atom               : -1.0108526532E+02 (Ha/atom)
Total free energy                  : -4.0434106129E+02 (Ha)
Band structure energy              : -5.8640106738E+01 (Ha)
Exchange correlation energy        : -7.1413565201E+01 (Ha)
Self and correction energy         : -4.8442271893E+02 (Ha)
-Entropy*kb*T                      : -4.9033721822E-03 (Ha)
Fermi level                        :  4.6086711960E-02 (Ha)
DFT-D3 correction                  : -5.3669956967E-02 (Ha)
RMS force                          :  1.3127507514E-02 (Ha/Bohr)
Maximum force                      :  3.5066561767E-02 (Ha/Bohr)
Time for force calculation         :  0.094 (sec)
Relax step time                    :  46.687 (sec)
========================================================================================
                    Self Consistent Field (SCF#7)                     
========================================================================================
Iteration     Free Energy (Ha/atom)    Magnetization     SCF Error        Timing (sec)
1            -1.0107330819E+02         2.6037E+00        1.520E-02        3.430
2            -1.0107393453E+02         2.5373E+00        1.230E-02        3.332
3            -1.0107501136E+02         2.5815E+00        1.811E-02        3.759
4            -1.0107450493E+02         2.4579E+00        7.286E-03        3.317
5            -1.0107444560E+02         2.5099E+00        2.293E-03        3.325
6            -1.0107441755E+02         2.5220E+00        2.840E-03        3.276
7            -1.0107439898E+02         2.5219E+00        1.845E-03        3.287
8            -1.0107437503E+02         2.5116E+00        1.401E-03        3.311
9            -1.0107434953E+02         2.5076E+00        7.434E-04        3.288
10           -1.0107432828E+02         2.5012E+00        4.532E-04        3.326
11           -1.0107432042E+02         2.4950E+00        3.967E-04        3.321
12           -1.0107431279E+02         2.4862E+00        2.956E-04        3.326
13           -1.0107430970E+02         2.4775E+00        2.655E-04        3.334
14           -1.0107430625E+02         2.4574E+00        1.782E-04        3.289
15           -1.0107431168E+02         2.4514E+00        1.889E-04        3.324
16           -1.0107431091E+02         2.4448E+00        2.114E-04        3.303
17           -1.0107432024E+02         2.4426E+00        1.672E-04        3.291
18           -1.0107431741E+02         2.4320E+00        5.186E-04        3.291
19           -1.0107432117E+02         2.4298E+00        2.522E-04        3.264
20           -1.0107432310E+02         2.4229E+00        1.284E-04        3.307
21           -1.0107432730E+02         2.4105E+00        5.848E-04        3.306
22           -1.0107432935E+02         2.4050E+00        5.523E-04        3.273
23           -1.0107432611E+02         2.4053E+00        4.756E-04        3.269
24           -1.0107432928E+02         2.3932E+00        3.291E-04        3.818
25           -1.0107431886E+02         2.3798E+00        9.865E-05        3.308
Total number of SCF: 25    
====================================================================
                    Energy and force calculation                    
====================================================================
Free energy per atom               : -1.0108766739E+02 (Ha/atom)
Total free energy                  : -4.0435066957E+02 (Ha)
Band structure energy              : -5.8633103216E+01 (Ha)
Exchange correlation energy        : -7.1425247759E+01 (Ha)
Self and correction energy         : -4.8442435040E+02 (Ha)
-Entropy*kb*T                      : -4.6352186491E-03 (Ha)
Fermi level                        :  4.7365175317E-02 (Ha)
DFT-D3 correction                  : -5.3394120773E-02 (Ha)
RMS force                          :  1.5456686356E-02 (Ha/Bohr)
Maximum force                      :  4.1688953365E-02 (Ha/Bohr)
Time for force calculation         :  0.095 (sec)
Relax step time                    :  83.885 (sec)
========================================================================================
                    Self Consistent Field (SCF#8)                     
========================================================================================
Iteration     Free Energy (Ha/atom)    Magnetization     SCF Error        Timing (sec)
1            -1.0107581189E+02         2.1646E+00        1.516E-02        4.139
2            -1.0107709828E+02         2.1284E+00        1.565E-02        4.083
3            -1.0107685930E+02         2.0888E+00        1.382E-02        4.078
4            -1.0107771216E+02         2.0623E+00        8.408E-03        3.642
5            -1.0107754073E+02         2.0383E+00        6.433E-03        3.300
6            -1.0107768082E+02         2.0275E+00        6.469E-03        3.323
7            -1.0107746313E+02         2.0048E+00        3.762E-03        3.263
8            -1.0107724980E+02         1.9734E+00        2.617E-03        3.299
9            -1.0107703389E+02         1.9379E+00        1.496E-03        3.300
10           -1.0107691309E+02         1.9088E+00        1.101E-03        3.337
11           -1.0107678565E+02         1.8753E+00        7.788E-04        3.272
12           -1.0107674352E+02         1.8644E+00        6.527E-04        3.297
13           -1.0107666689E+02         1.8292E+00        5.622E-04        3.278
14           -1.0107665375E+02         1.8145E+00        3.883E-04        3.296
15           -1.0107664942E+02         1.8045E+00        3.468E-04        3.317
16           -1.0107665175E+02         1.7800E+00        3.813E-04        3.295
17           -1.0107666450E+02         1.7837E+00        2.823E-04        3.310
18           -1.0107665933E+02         1.7751E+00        2.564E-04        3.298
19           -1.0107667149E+02         1.7609E+00        2.058E-04        3.286
20           -1.0107667681E+02         1.7410E+00        8.499E-04        3.255
21           -1.0107667753E+02         1.7426E+00        4.845E-04        3.274
22           -1.0107668107E+02         1.7407E+00        3.454E-04        3.287
23           -1.0107668387E+02         1.7362E+00        1.549E-04        3.293
24           -1.0107668246E+02         1.7295E+00        1.344E-04        3.308
25           -1.0107668020E+02         1.7240E+00        1.151E-04        3.279
26           -1.0107667016E+02         1.7085E+00        1.099E-04        3.307
27           -1.0107667447E+02         1.6965E+00        1.518E-04        3.299
28           -1.0107667289E+02         1.6865E+00        2.112E-04        3.283
29           -1.0107667103E+02         1.6858E+00        7.066E-05        3.254
Total number of SCF: 29    
====================================================================
                    Energy and force calculation                    
====================================================================
Free energy per atom               : -1.0108987792E+02 (Ha/atom)
Total free energy                  : -4.0435951167E+02 (Ha)
Band structure energy              : -5.8723091402E+01 (Ha)
Exchange correlation energy        : -7.1436002679E+01 (Ha)
Self and correction energy         : -4.8442254954E+02 (Ha)
-Entropy*kb*T                      : -4.7543720783E-03 (Ha)
Fermi level                        :  4.8605380447E-02 (Ha)
DFT-D3 correction                  : -5.2827545328E-02 (Ha)
RMS force                          :  1.6807528608E-02 (Ha/Bohr)
Maximum force                      :  4.6601637384E-02 (Ha/Bohr)
Time for force calculation         :  0.095 (sec)
Relax step time                    :  98.468 (sec)
========================================================================================
                    Self Consistent Field (SCF#9)                     
========================================================================================
Iteration     Free Energy (Ha/atom)    Magnetization     SCF Error        Timing (sec)
1            -1.0107838275E+02         1.4295E+00        1.445E-02        3.433
2            -1.0108017308E+02         1.3851E+00        1.753E-02        3.281
3            -1.0107943076E+02         1.3274E+00        1.170E-02        3.298
4            -1.0108054664E+02         1.2769E+00        2.266E-02        3.325
5            -1.0108036287E+02         1.2622E+00        9.500E-03        3.305
6            -1.0108024639E+02         1.2365E+00        6.322E-03        3.287
7            -1.0108026142E+02         1.1849E+00        4.497E-03        3.307
8            -1.0108024396E+02         1.1786E+00        4.412E-03        3.273
9            -1.0107992954E+02         1.0878E+00        3.132E-03        3.318
10           -1.0107966486E+02         9.7412E-01        2.470E-03        3.308
11           -1.0107947198E+02         8.7974E-01        1.473E-03        3.277
12           -1.0107941528E+02         8.7468E-01        1.784E-03        3.317
13           -1.0107920704E+02         7.4808E-01        7.878E-04        3.292
14           -1.0107916572E+02         7.0463E-01        7.973E-04        3.387
15           -1.0107916639E+02         6.9144E-01        5.853E-04        3.297
16           -1.0107918323E+02         6.7580E-01        2.897E-04        3.282
17           -1.0107919634E+02         6.6835E-01        2.146E-04        3.292
18           -1.0107920602E+02         6.6468E-01        1.601E-04        3.294
19           -1.0107921154E+02         6.6526E-01        1.734E-04        3.296
20           -1.0107921661E+02         6.6263E-01        9.646E-05        3.313
Total number of SCF: 20    
====================================================================
                    Energy and force calculation                    
====================================================================
Free energy per atom               : -1.0109239942E+02 (Ha/atom)
Total free energy                  : -4.0436959769E+02 (Ha)
Band structure energy              : -5.8900338117E+01 (Ha)
Exchange correlation energy        : -7.1448670190E+01 (Ha)
Self and correction energy         : -4.8442323830E+02 (Ha)
-Entropy*kb*T                      : -5.2411613121E-03 (Ha)
Fermi level                        :  5.0870658284E-02 (Ha)
DFT-D3 correction                  : -5.2731265424E-02 (Ha)
RMS force                          :  1.5666771337E-02 (Ha/Bohr)
Maximum force                      :  4.3721524753E-02 (Ha/Bohr)
Time for force calculation         :  0.095 (sec)
Relax step time                    :  66.389 (sec)
========================================================================================
                    Self Consistent Field (SCF#10)                     
========================================================================================
Iteration     Free Energy (Ha/atom)    Magnetization     SCF Error        Timing (sec)
1            -1.0108113309E+02         4.7768E-01        1.193E-02        3.430
2            -1.0108190167E+02         4.1803E-01        1.214E-02        3.267
3            -1.0108162358E+02         4.1608E-01        8.261E-03        3.287
4            -1.0108227104E+02         4.0470E-01        7.540E-03        3.264
5            -1.0108234225E+02         2.9182E-01        9.767E-03        3.266
6            -1.0108208025E+02         3.4550E-01        3.934E-03        3.270
7            -1.0108193941E+02         3.0902E-01        3.018E-03        3.271
8            -1.0108173494E+02         2.7327E-01        2.517E-03        3.268
9            -1.0108165240E+02         2.5428E-01        2.223E-03        3.283
10           -1.0108152817E+02         2.3156E-01        1.043E-03        3.273
11           -1.0108149043E+02         2.0856E-01        1.148E-03        3.954
12           -1.0108145359E+02         1.8583E-01        5.698E-04        3.277
13           -1.0108143961E+02         1.6365E-01        5.875E-04        3.208
14           -1.0108142892E+02         1.2311E-01        1.242E-03        3.251
15           -1.0108143900E+02         1.2883E-01        7.157E-04        3.266
16           -1.0108143674E+02         1.2303E-01        3.906E-04        3.266
17           -1.0108143649E+02         1.2148E-01        4.183E-04        3.258
18           -1.0108144250E+02         1.1044E-01        5.382E-04        3.256
19           -1.0108146105E+02         1.1377E-01        2.888E-04        3.582
20           -1.0108147129E+02         7.9284E-02        1.194E-03        3.262
21           -1.0108147901E+02         7.9021E-02        8.877E-04        3.532
22           -1.0108147720E+02         7.8010E-02        8.066E-04        3.783
23           -1.0108147513E+02         8.0473E-02        1.156E-04        3.964
24           -1.0108147132E+02         7.6269E-02        5.438E-04        3.515
25           -1.0108147596E+02         7.3501E-02        4.481E-04        3.251
26           -1.0108146371E+02         7.4058E-02        1.926E-04        3.269
27           -1.0108146732E+02         7.4213E-02        2.432E-04        3.247
28           -1.0108146383E+02         6.6844E-02        2.107E-04        3.251
29           -1.0108146636E+02         6.5177E-02        8.874E-05        3.253
Total number of SCF: 29    
====================================================================
                    Energy and force calculation                    
====================================================================
Free energy per atom               : -1.0109465556E+02 (Ha/atom)
Total free energy                  : -4.0437862222E+02 (Ha)
Band structure energy              : -5.8761132307E+01 (Ha)
Exchange correlation energy        : -7.1490540892E+01 (Ha)
Self and correction energy         : -4.8442441125E+02 (Ha)
-Entropy*kb*T                      : -4.9555089809E-03 (Ha)
Fermi level                        :  6.0852993416E-02 (Ha)
DFT-D3 correction                  : -5.2756767998E-02 (Ha)
RMS force                          :  9.2265714814E-03 (Ha/Bohr)
Maximum force                      :  3.1763461710E-02 (Ha/Bohr)
Time for force calculation         :  0.096 (sec)
Relax step time                    :  98.023 (sec)
========================================================================================
                    Self Consistent Field (SCF#11)                     
========================================================================================
Iteration     Free Energy (Ha/atom)    Magnetization     SCF Error        Timing (sec)
1            -1.0108516976E+02         6.6679E-02        4.286E-02        3.440
2            -1.0109392591E+02         3.5803E-02        5.643E-02        3.286
3            -1.0108297349E+02         3.1503E-02        2.908E-02        3.274
4            -1.0108590761E+02         5.7599E-02        3.610E-02        3.286
5            -1.0108226565E+02         3.5958E-02        7.962E-03        3.271
6            -1.0108219263E+02         2.4537E-02        4.369E-03        3.273
7            -1.0108216167E+02         2.6711E-02        2.182E-03        3.258
8            -1.0108215435E+02         2.1007E-02        1.344E-03        3.256
9            -1.0108215059E+02         1.9721E-02        4.518E-04        3.260
10           -1.0108214944E+02         1.5833E-02        5.338E-04        3.284
11           -1.0108214818E+02         1.2261E-02        2.778E-04        3.270
12           -1.0108214733E+02         9.1291E-03        2.268E-04        3.279
13           -1.0108214601E+02        -2.9107E-03        1.751E-04        3.272
14           -1.0108214661E+02        -7.4826E-03        1.131E-04        3.278
15           -1.0108214916E+02        -1.4674E-02        9.999E-05        3.256
Total number of SCF: 15    
====================================================================
                    Energy and force calculation                    
====================================================================
Free energy per atom               : -1.0109537754E+02 (Ha/atom)
Total free energy                  : -4.0438151015E+02 (Ha)
Band structure energy              : -5.8659451306E+01 (Ha)
Exchange correlation energy        : -7.1538968331E+01 (Ha)
Self and correction energy         : -4.8442241937E+02 (Ha)
-Entropy*kb*T                      : -4.8214841312E-03 (Ha)
Fermi level                        :  6.9733676316E-02 (Ha)
DFT-D3 correction                  : -5.2913497795E-02 (Ha)
RMS force                          :  6.8792515450E-03 (Ha/Bohr)
Maximum force                      :  2.1340133623E-02 (Ha/Bohr)
Time for force calculation         :  0.096 (sec)
Relax step time                    :  49.465 (sec)
========================================================================================
                    Self Consistent Field (SCF#12)                     
========================================================================================
Iteration     Free Energy (Ha/atom)    Magnetization     SCF Error        Timing (sec)
1            -1.0108263003E+02        -1.5307E-02        6.498E-03        3.422
2            -1.0108275416E+02        -1.5501E-02        8.177E-03        3.273
3            -1.0108266421E+02        -1.5467E-02        4.173E-03        3.301
4            -1.0108270973E+02        -1.5812E-02        5.539E-03        3.281
5            -1.0108265241E+02        -1.6073E-02        1.150E-03        3.285
6            -1.0108264867E+02        -1.6281E-02        4.539E-04        3.304
7            -1.0108265184E+02        -1.6642E-02        3.498E-04        3.308
8            -1.0108264842E+02        -1.6778E-02        7.513E-05        3.316
Total number of SCF: 8     
====================================================================
                    Energy and force calculation                    
====================================================================
Free energy per atom               : -1.0109593030E+02 (Ha/atom)
Total free energy                  : -4.0438372121E+02 (Ha)
Band structure energy              : -5.8752813450E+01 (Ha)
Exchange correlation energy        : -7.1547333468E+01 (Ha)
Self and correction energy         : -4.8442429051E+02 (Ha)
-Entropy*kb*T                      : -4.6902557807E-03 (Ha)
Fermi level                        :  6.8883149371E-02 (Ha)
DFT-D3 correction                  : -5.3127539648E-02 (Ha)
RMS force                          :  6.9518570168E-03 (Ha/Bohr)
Maximum force                      :  2.4394297916E-02 (Ha/Bohr)
Time for force calculation         :  0.096 (sec)
Relax step time                    :  26.676 (sec)
========================================================================================
                    Self Consistent Field (SCF#13)                     
========================================================================================
Iteration     Free Energy (Ha/atom)    Magnetization     SCF Error        Timing (sec)
1            -1.0108306484E+02        -1.5200E-02        6.460E-03        3.419
2            -1.0108351747E+02        -1.3372E-02        1.141E-02        3.298
3            -1.0108323653E+02        -1.4326E-02        4.758E-03        3.302
4            -1.0108324110E+02        -1.3180E-02        1.759E-03        3.290
5            -1.0108323985E+02        -1.2850E-02        9.024E-04        3.270
6            -1.0108323528E+02        -1.2622E-02        3.412E-04        3.287
7            -1.0108323409E+02        -1.2055E-02        1.326E-04        3.302
8            -1.0108323192E+02        -1.1645E-02        8.489E-05        3.313
Total number of SCF: 8     
====================================================================
                    Energy and force calculation                    
====================================================================
Free energy per atom               : -1.0109663153E+02 (Ha/atom)
Total free energy                  : -4.0438652613E+02 (Ha)
Band structure energy              : -5.8975555039E+01 (Ha)
Exchange correlation energy        : -7.1519829858E+01 (Ha)
Self and correction energy         : -4.8442451927E+02 (Ha)
-Entropy*kb*T                      : -4.3756799921E-03 (Ha)
Fermi level                        :  5.9865451108E-02 (Ha)
DFT-D3 correction                  : -5.3598437162E-02 (Ha)
RMS force                          :  6.7340049469E-03 (Ha/Bohr)
Maximum force                      :  2.5566847136E-02 (Ha/Bohr)
Time for force calculation         :  0.096 (sec)
Relax step time                    :  26.693 (sec)
========================================================================================
                    Self Consistent Field (SCF#14)                     
========================================================================================
Iteration     Free Energy (Ha/atom)    Magnetization     SCF Error        Timing (sec)
1            -1.0108349464E+02        -1.1065E-02        4.013E-03        3.425
2            -1.0108364275E+02        -1.0653E-02        5.433E-03        3.324
3            -1.0108359890E+02        -1.0832E-02        3.678E-03        3.298
4            -1.0108358836E+02        -1.0367E-02        1.312E-03        3.273
5            -1.0108358779E+02        -1.0192E-02        5.464E-04        3.271
6            -1.0108358373E+02        -1.0076E-02        1.981E-04        3.289
7            -1.0108358640E+02        -9.6830E-03        1.191E-04        3.273
8            -1.0108358319E+02        -9.4791E-03        7.168E-05        3.318
Total number of SCF: 8     
====================================================================
                    Energy and force calculation                    
====================================================================
Free energy per atom               : -1.0109702244E+02 (Ha/atom)
Total free energy                  : -4.0438808977E+02 (Ha)
Band structure energy              : -5.8913325580E+01 (Ha)
Exchange correlation energy        : -7.1547168637E+01 (Ha)
Self and correction energy         : -4.8442258929E+02 (Ha)
-Entropy*kb*T                      : -4.3198231558E-03 (Ha)
Fermi level                        :  6.4619643354E-02 (Ha)
DFT-D3 correction                  : -5.3757021661E-02 (Ha)
RMS force                          :  6.1315460221E-03 (Ha/Bohr)
Maximum force                      :  1.7195172978E-02 (Ha/Bohr)
Time for force calculation         :  0.096 (sec)
Relax step time                    :  26.655 (sec)
========================================================================================
                    Self Consistent Field (SCF#15)                     
========================================================================================
Iteration     Free Energy (Ha/atom)    Magnetization     SCF Error        Timing (sec)
1            -1.0108412562E+02        -8.7932E-03        3.372E-03        3.416
2            -1.0108426569E+02        -8.5636E-03        2.502E-03        3.305
3            -1.0108430960E+02        -8.1382E-03        4.119E-03        3.289
4            -1.0108427359E+02        -8.0271E-03        1.392E-03        3.306
5            -1.0108427033E+02        -7.8091E-03        5.115E-04        3.269
6            -1.0108426562E+02        -7.7216E-03        1.612E-04        3.277
7            -1.0108426540E+02        -7.4023E-03        8.767E-05        3.293
Total number of SCF: 7     
====================================================================
                    Energy and force calculation                    
====================================================================
Free energy per atom               : -1.0109780826E+02 (Ha/atom)
Total free energy                  : -4.0439123305E+02 (Ha)
Band structure energy              : -5.8893871080E+01 (Ha)
Exchange correlation energy        : -7.1566201441E+01 (Ha)
Self and correction energy         : -4.8442452376E+02 (Ha)
-Entropy*kb*T                      : -4.1290481253E-03 (Ha)
Fermi level                        :  6.6800148556E-02 (Ha)
DFT-D3 correction                  : -5.4171447127E-02 (Ha)
RMS force                          :  6.3336008435E-03 (Ha/Bohr)
Maximum force                      :  2.1404757211E-02 (Ha/Bohr)
Time for force calculation         :  0.096 (sec)
Relax step time                    :  23.345 (sec)
========================================================================================
                    Self Consistent Field (SCF#16)                     
========================================================================================
Iteration     Free Energy (Ha/atom)    Magnetization     SCF Error        Timing (sec)
1            -1.0108450160E+02        -6.4199E-03        6.190E-03        3.423
2            -1.0108467118E+02        -6.0452E-03        4.185E-03        3.291
3            -1.0108480528E+02        -5.2862E-03        7.192E-03        3.314
4            -1.0108469836E+02        -5.2571E-03        1.911E-03        3.271
5            -1.0108469225E+02        -5.0667E-03        8.723E-04        3.302
6            -1.0108469383E+02        -4.9212E-03        3.134E-04        3.305
7            -1.0108468784E+02        -4.5718E-03        1.227E-04        3.284
8            -1.0108468963E+02        -4.3537E-03        7.644E-05        3.257
Total number of SCF: 8     
====================================================================
                    Energy and force calculation                    
====================================================================
Free energy per atom               : -1.0109838999E+02 (Ha/atom)
Total free energy                  : -4.0439355995E+02 (Ha)
Band structure energy              : -5.8990273973E+01 (Ha)
Exchange correlation energy        : -7.1549335180E+01 (Ha)
Self and correction energy         : -4.8442471579E+02 (Ha)
-Entropy*kb*T                      : -3.7980629734E-03 (Ha)
Fermi level                        :  6.1624403635E-02 (Ha)
DFT-D3 correction                  : -5.4801427068E-02 (Ha)
RMS force                          :  6.9364442214E-03 (Ha/Bohr)
Maximum force                      :  2.3699410816E-02 (Ha/Bohr)
Time for force calculation         :  0.096 (sec)
Relax step time                    :  26.644 (sec)
========================================================================================
                    Self Consistent Field (SCF#17)                     
========================================================================================
Iteration     Free Energy (Ha/atom)    Magnetization     SCF Error        Timing (sec)
1            -1.0108486438E+02        -4.1475E-03        3.705E-03        3.421
2            -1.0108497002E+02        -4.0556E-03        4.268E-03        3.305
3            -1.0108495596E+02        -3.9935E-03        2.989E-03        3.281
4            -1.0108495055E+02        -3.7637E-03        1.576E-03        3.315
5            -1.0108494188E+02        -3.6798E-03        3.725E-04        3.269
6            -1.0108494392E+02        -3.5972E-03        1.712E-04        3.265
7            -1.0108494147E+02        -3.3835E-03        1.075E-04        3.303
8            -1.0108493966E+02        -3.2631E-03        4.690E-05        3.258
Total number of SCF: 8     
====================================================================
                    Energy and force calculation                    
====================================================================
Free energy per atom               : -1.0109866291E+02 (Ha/atom)
Total free energy                  : -4.0439465165E+02 (Ha)
Band structure energy              : -5.8919000437E+01 (Ha)
Exchange correlation energy        : -7.1578007515E+01 (Ha)
Self and correction energy         : -4.8442256085E+02 (Ha)
-Entropy*kb*T                      : -3.7327887077E-03 (Ha)
Fermi level                        :  6.7029267892E-02 (Ha)
DFT-D3 correction                  : -5.4893011635E-02 (Ha)
RMS force                          :  4.9328103576E-03 (Ha/Bohr)
Maximum force                      :  1.5259654128E-02 (Ha/Bohr)
Time for force calculation         :  0.096 (sec)
Relax step time                    :  26.608 (sec)
========================================================================================
                    Self Consistent Field (SCF#18)                     
========================================================================================
Iteration     Free Energy (Ha/atom)    Magnetization     SCF Error        Timing (sec)
1            -1.0108510453E+02        -3.0795E-03        1.171E-03        3.407
2            -1.0108512945E+02        -3.0013E-03        7.823E-04        3.271
3            -1.0108513211E+02        -2.8361E-03        5.650E-04        3.282
4            -1.0108513323E+02        -2.7599E-03        2.646E-04        3.293
5            -1.0108513170E+02        -2.7030E-03        1.155E-04        3.269
6            -1.0108512966E+02        -2.6529E-03        3.955E-05        3.279
Total number of SCF: 6     
====================================================================
                    Energy and force calculation                    
====================================================================
Free energy per atom               : -1.0109890123E+02 (Ha/atom)
Total free energy                  : -4.0439560493E+02 (Ha)
Band structure energy              : -5.8920611124E+01 (Ha)
Exchange correlation energy        : -7.1585851691E+01 (Ha)
Self and correction energy         : -4.8442263438E+02 (Ha)
-Entropy*kb*T                      : -3.6276107865E-03 (Ha)
Fermi level                        :  6.7855176544E-02 (Ha)
DFT-D3 correction                  : -5.5086278250E-02 (Ha)
RMS force                          :  5.1199651320E-03 (Ha/Bohr)
Maximum force                      :  1.5105472741E-02 (Ha/Bohr)
Time for force calculation         :  0.096 (sec)
Relax step time                    :  19.979 (sec)
========================================================================================
                    Self Consistent Field (SCF#19)                     
========================================================================================
Iteration     Free Energy (Ha/atom)    Magnetization     SCF Error        Timing (sec)
1            -1.0108525416E+02        -2.4074E-03        5.554E-03        3.422
2            -1.0108558874E+02        -2.1353E-03        8.464E-03        3.276
3            -1.0108543041E+02        -2.2572E-03        3.940E-03        3.298
4            -1.0108544419E+02        -2.0458E-03        1.249E-03        3.263
5            -1.0108544852E+02        -1.9845E-03        4.506E-04        3.251
6            -1.0108544079E+02        -1.9413E-03        1.628E-04        3.286
7            -1.0108543693E+02        -1.8412E-03        8.002E-05        3.268
Total number of SCF: 7     
====================================================================
                    Energy and force calculation                    
====================================================================
Free energy per atom               : -1.0109938679E+02 (Ha/atom)
Total free energy                  : -4.0439754717E+02 (Ha)
Band structure energy              : -5.9045853576E+01 (Ha)
Exchange correlation energy        : -7.1582308886E+01 (Ha)
Self and correction energy         : -4.8442417505E+02 (Ha)
-Entropy*kb*T                      : -3.3047157537E-03 (Ha)
Fermi level                        :  6.3647321625E-02 (Ha)
DFT-D3 correction                  : -5.5799454715E-02 (Ha)
RMS force                          :  8.1211392781E-03 (Ha/Bohr)
Maximum force                      :  2.2620592141E-02 (Ha/Bohr)
Time for force calculation         :  0.096 (sec)
Relax step time                    :  23.258 (sec)
========================================================================================
                    Self Consistent Field (SCF#20)                     
========================================================================================
Iteration     Free Energy (Ha/atom)    Magnetization     SCF Error        Timing (sec)
1            -1.0108543546E+02        -1.8433E-03        4.419E-03        3.427
2            -1.0108559991E+02        -1.7925E-03        4.896E-03        3.286
3            -1.0108557102E+02        -1.7896E-03        3.813E-03        3.284
4            -1.0108556870E+02        -1.7003E-03        4.827E-04        3.509
5            -1.0108556677E+02        -1.6662E-03        2.400E-04        3.388
6            -1.0108557001E+02        -1.6442E-03        1.329E-04        3.254
7            -1.0108556910E+02        -1.5686E-03        4.948E-05        3.253
Total number of SCF: 7     
====================================================================
                    Energy and force calculation                    
====================================================================
Free energy per atom               : -1.0109951352E+02 (Ha/atom)
Total free energy                  : -4.0439805406E+02 (Ha)
Band structure energy              : -5.8952271492E+01 (Ha)
Exchange correlation energy        : -7.1618785603E+01 (Ha)
Self and correction energy         : -4.8442326701E+02 (Ha)
-Entropy*kb*T                      : -3.2259854752E-03 (Ha)
Fermi level                        :  7.0869971605E-02 (Ha)
DFT-D3 correction                  : -5.5777670860E-02 (Ha)
RMS force                          :  7.6155414227E-03 (Ha/Bohr)
Maximum force                      :  2.1224979955E-02 (Ha/Bohr)
Time for force calculation         :  0.096 (sec)
Relax step time                    :  23.596 (sec)
========================================================================================
                    Self Consistent Field (SCF#21)                     
========================================================================================
Iteration     Free Energy (Ha/atom)    Magnetization     SCF Error        Timing (sec)
1            -1.0108572443E+02        -1.4866E-03        5.861E-04        3.428
2            -1.0108574477E+02        -1.4421E-03        1.650E-03        3.295
3            -1.0108573633E+02        -1.4383E-03        2.468E-04        3.266
4            -1.0108573572E+02        -1.4089E-03        1.649E-04        3.301
5            -1.0108573700E+02        -1.3316E-03        1.161E-04        3.284
6            -1.0108573682E+02        -1.2849E-03        8.554E-05        3.275
Total number of SCF: 6     
====================================================================
                    Energy and force calculation                    
====================================================================
Free energy per atom               : -1.0109969757E+02 (Ha/atom)
Total free energy                  : -4.0439879028E+02 (Ha)
Band structure energy              : -5.8990009660E+01 (Ha)
Exchange correlation energy        : -7.1605254292E+01 (Ha)
Self and correction energy         : -4.8442421627E+02 (Ha)
-Entropy*kb*T                      : -3.2082591759E-03 (Ha)
Fermi level                        :  6.7947212541E-02 (Ha)
DFT-D3 correction                  : -5.5842993296E-02 (Ha)
RMS force                          :  2.6007209704E-03 (Ha/Bohr)
Maximum force                      :  7.8133749747E-03 (Ha/Bohr)
Time for force calculation         :  0.096 (sec)
Relax step time                    :  20.031 (sec)
========================================================================================
                    Self Consistent Field (SCF#22)                     
========================================================================================
Iteration     Free Energy (Ha/atom)    Magnetization     SCF Error        Timing (sec)
1            -1.0108573861E+02        -1.2294E-03        5.211E-04        3.424
2            -1.0108574446E+02        -1.1997E-03        1.324E-03        3.311
3            -1.0108574172E+02        -1.1933E-03        2.507E-04        3.271
4            -1.0108574388E+02        -1.1603E-03        1.746E-04        3.294
5            -1.0108574176E+02        -1.1011E-03        6.205E-05        3.273
Total number of SCF: 5     
====================================================================
                    Energy and force calculation                    
====================================================================
Free energy per atom               : -1.0109971745E+02 (Ha/atom)
Total free energy                  : -4.0439886982E+02 (Ha)
Band structure energy              : -5.8998183236E+01 (Ha)
Exchange correlation energy        : -7.1604695719E+01 (Ha)
Self and correction energy         : -4.8442410272E+02 (Ha)
-Entropy*kb*T                      : -3.1768572985E-03 (Ha)
Fermi level                        :  6.7545891740E-02 (Ha)
DFT-D3 correction                  : -5.5902783774E-02 (Ha)
RMS force                          :  2.5069673925E-03 (Ha/Bohr)
Maximum force                      :  5.3183656247E-03 (Ha/Bohr)
Time for force calculation         :  0.096 (sec)
Relax step time                    :  16.758 (sec)
========================================================================================
                    Self Consistent Field (SCF#23)                     
========================================================================================
Iteration     Free Energy (Ha/atom)    Magnetization     SCF Error        Timing (sec)
1            -1.0108557683E+02        -1.0446E-03        1.635E-03        3.427
2            -1.0108567696E+02        -1.0260E-03        2.123E-03        3.280
3            -1.0108567328E+02        -1.0194E-03        9.946E-04        3.306
4            -1.0108569043E+02        -9.7998E-04        6.986E-04        3.272
5            -1.0108570042E+02        -9.4165E-04        1.437E-04        3.258
6            -1.0108569738E+02        -9.2117E-04        7.468E-05        3.278
Total number of SCF: 6     
====================================================================
                    Energy and force calculation                    
====================================================================
Free energy per atom               : -1.0109979180E+02 (Ha/atom)
Total free energy                  : -4.0439916721E+02 (Ha)
Band structure energy              : -5.9054823417E+01 (Ha)
Exchange correlation energy        : -7.1613511101E+01 (Ha)
Self and correction energy         : -4.8442238293E+02 (Ha)
-Entropy*kb*T                      : -2.9544952249E-03 (Ha)
Fermi level                        :  6.6634635377E-02 (Ha)
DFT-D3 correction                  : -5.6377682416E-02 (Ha)
RMS force                          :  4.0460196187E-03 (Ha/Bohr)
Maximum force                      :  9.8868268923E-03 (Ha/Bohr)
Time for force calculation         :  0.096 (sec)
Relax step time                    :  20.010 (sec)
========================================================================================
                    Self Consistent Field (SCF#24)                     
========================================================================================
Iteration     Free Energy (Ha/atom)    Magnetization     SCF Error        Timing (sec)
1            -1.0108571002E+02        -8.8064E-04        1.053E-03        3.424
2            -1.0108575250E+02        -8.6612E-04        1.161E-03        3.312
3            -1.0108575316E+02        -8.6207E-04        6.936E-04        3.264
4            -1.0108576277E+02        -8.1533E-04        2.211E-04        3.303
5            -1.0108575930E+02        -7.9873E-04        7.572E-05        3.291
Total number of SCF: 5     
====================================================================
                    Energy and force calculation                    
====================================================================
Free energy per atom               : -1.0109990632E+02 (Ha/atom)
Total free energy                  : -4.0439962527E+02 (Ha)
Band structure energy              : -5.9079424950E+01 (Ha)
Exchange correlation energy        : -7.1625856904E+01 (Ha)
Self and correction energy         : -4.8442290605E+02 (Ha)
-Entropy*kb*T                      : -2.8343664604E-03 (Ha)
Fermi level                        :  6.7298667374E-02 (Ha)
DFT-D3 correction                  : -5.6588087935E-02 (Ha)
RMS force                          :  3.9893292904E-03 (Ha/Bohr)
Maximum force                      :  9.4271710109E-03 (Ha/Bohr)
Time for force calculation         :  0.096 (sec)
Relax step time                    :  16.775 (sec)
========================================================================================
                    Self Consistent Field (SCF#25)                     
========================================================================================
Iteration     Free Energy (Ha/atom)    Magnetization     SCF Error        Timing (sec)
1            -1.0108437687E+02        -8.6085E-04        7.280E-03        3.427
2            -1.0108469073E+02        -8.3798E-04        8.145E-03        3.407
3            -1.0108457723E+02        -8.4169E-04        4.958E-03        3.276
4            -1.0108458234E+02        -8.2573E-04        3.307E-03        3.306
5            -1.0108457413E+02        -8.0772E-04        5.872E-04        3.269
6            -1.0108457163E+02        -7.9350E-04        1.940E-04        3.296
7            -1.0108457128E+02        -7.7149E-04        9.674E-05        3.267
Total number of SCF: 7     
====================================================================
                    Energy and force calculation                    
====================================================================
Free energy per atom               : -1.0109867545E+02 (Ha/atom)
Total free energy                  : -4.0439470179E+02 (Ha)
Band structure energy              : -5.8989496413E+01 (Ha)
Exchange correlation energy        : -7.1679066858E+01 (Ha)
Self and correction energy         : -4.8442344238E+02 (Ha)
-Entropy*kb*T                      : -2.8356952848E-03 (Ha)
Fermi level                        :  7.7462626659E-02 (Ha)
DFT-D3 correction                  : -5.6416655465E-02 (Ha)
RMS force                          :  2.4036773658E-02 (Ha/Bohr)
Maximum force                      :  5.1374954580E-02 (Ha/Bohr)
Time for force calculation         :  0.096 (sec)
Relax step time                    :  23.443 (sec)
========================================================================================
                    Self Consistent Field (SCF#26)                     
========================================================================================
Iteration     Free Energy (Ha/atom)    Magnetization     SCF Error        Timing (sec)
1            -1.0108561626E+02        -7.2172E-04        7.787E-04        3.421
2            -1.0108565724E+02        -7.0209E-04        1.191E-03        3.260
3            -1.0108565267E+02        -6.9962E-04        4.821E-04        3.247
4            -1.0108565110E+02        -6.7239E-04        2.481E-04        3.246
5            -1.0108565244E+02        -6.5191E-04        1.427E-04        3.255
6            -1.0108564904E+02        -6.3829E-04        3.428E-05        3.285
Total number of SCF: 6     
====================================================================
                    Energy and force calculation                    
====================================================================
Free energy per atom               : -1.0109979097E+02 (Ha/atom)
Total free energy                  : -4.0439916387E+02 (Ha)
Band structure energy              : -5.9024275853E+01 (Ha)
Exchange correlation energy        : -7.1656549452E+01 (Ha)
Self and correction energy         : -4.8442448189E+02 (Ha)
-Entropy*kb*T                      : -2.7614245375E-03 (Ha)
Fermi level                        :  7.2971444422E-02 (Ha)
DFT-D3 correction                  : -5.6567704309E-02 (Ha)
RMS force                          :  1.0535109803E-02 (Ha/Bohr)
Maximum force                      :  2.3146757343E-02 (Ha/Bohr)
Time for force calculation         :  0.096 (sec)
Relax step time                    :  19.900 (sec)
========================================================================================
                    Self Consistent Field (SCF#27)                     
========================================================================================
Iteration     Free Energy (Ha/atom)    Magnetization     SCF Error        Timing (sec)
1            -1.0108584796E+02        -5.9451E-04        1.201E-03        3.424
2            -1.0108587974E+02        -5.7982E-04        1.837E-03        3.296
3            -1.0108587253E+02        -5.7547E-04        6.479E-04        3.280
4            -1.0108587846E+02        -5.4158E-04        2.051E-04        3.319
5            -1.0108587464E+02        -5.3075E-04        8.539E-05        3.246
Total number of SCF: 5     
====================================================================
                    Energy and force calculation                    
====================================================================
Free energy per atom               : -1.0110004845E+02 (Ha/atom)
Total free energy                  : -4.0440019378E+02 (Ha)
Band structure energy              : -5.9049185380E+01 (Ha)
Exchange correlation energy        : -7.1640910644E+01 (Ha)
Self and correction energy         : -4.8442432590E+02 (Ha)
-Entropy*kb*T                      : -2.7336342397E-03 (Ha)
Fermi level                        :  6.9667472899E-02 (Ha)
DFT-D3 correction                  : -5.6695205478E-02 (Ha)
RMS force                          :  6.4091942636E-04 (Ha/Bohr)
Maximum force                      :  2.3591295128E-03 (Ha/Bohr)
Time for force calculation         :  0.096 (sec)
Relax step time                    :  16.748 (sec)
========================================================================================
                    Self Consistent Field (SCF#28)                     
========================================================================================
Iteration     Free Energy (Ha/atom)    Magnetization     SCF Error        Timing (sec)
1            -1.0108587376E+02        -5.1490E-04        1.257E-03        3.424
2            -1.0108588709E+02        -4.9840E-04        2.519E-03        3.282
3            -1.0108587031E+02        -5.0149E-04        5.978E-04        3.275
4            -1.0108586811E+02        -4.7584E-04        2.995E-04        3.295
5            -1.0108587359E+02        -4.6731E-04        9.734E-05        3.255
Total number of SCF: 5     
====================================================================
                    Energy and force calculation                    
====================================================================
Free energy per atom               : -1.0110005112E+02 (Ha/atom)
Total free energy                  : -4.0440020450E+02 (Ha)
Band structure energy              : -5.9055422506E+01 (Ha)
Exchange correlation energy        : -7.1639903952E+01 (Ha)
Self and correction energy         : -4.8442430598E+02 (Ha)
-Entropy*kb*T                      : -2.7358140961E-03 (Ha)
Fermi level                        :  6.9398983580E-02 (Ha)
DFT-D3 correction                  : -5.6710147498E-02 (Ha)
RMS force                          :  3.2667639200E-04 (Ha/Bohr)
Maximum force                      :  7.0315189240E-04 (Ha/Bohr)
Time for force calculation         :  0.096 (sec)
Relax step time                    :  16.704 (sec)
========================================================================================
                    Self Consistent Field (SCF#29)                     
========================================================================================
Iteration     Free Energy (Ha/atom)    Magnetization     SCF Error        Timing (sec)
1            -1.0108587655E+02        -4.4941E-04        1.959E-04        3.409
2            -1.0108587286E+02        -4.4044E-04        1.881E-04        3.257
3            -1.0108587501E+02        -4.3575E-04        6.354E-05        3.292
Total number of SCF: 3     
====================================================================
                    Energy and force calculation                    
====================================================================
Free energy per atom               : -1.0110005408E+02 (Ha/atom)
Total free energy                  : -4.0440021633E+02 (Ha)
Band structure energy              : -5.9060487311E+01 (Ha)
Exchange correlation energy        : -7.1640010594E+01 (Ha)
Self and correction energy         : -4.8442432027E+02 (Ha)
-Entropy*kb*T                      : -2.7317419834E-03 (Ha)
Fermi level                        :  6.9297812318E-02 (Ha)
DFT-D3 correction                  : -5.6716304456E-02 (Ha)
RMS force                          :  3.6715222446E-04 (Ha/Bohr)
Maximum force                      :  8.6751388853E-04 (Ha/Bohr)
Time for force calculation         :  0.096 (sec)
Relax step time                    :  10.124 (sec)
========================================================================================
                    Self Consistent Field (SCF#30)                     
========================================================================================
Iteration     Free Energy (Ha/atom)    Magnetization     SCF Error        Timing (sec)
1            -1.0108702204E+02        -1.9726E-04        2.087E-02        3.441
2            -1.0109205404E+02        -1.4894E-04        4.991E-02        3.296
3            -1.0108530335E+02        -2.9157E-04        5.251E-03        3.303
4            -1.0108528228E+02        -2.9617E-04        3.147E-03        3.293
5            -1.0108533334E+02        -2.9393E-04        2.935E-03        3.275
6            -1.0108537032E+02        -2.8574E-04        1.121E-03        3.279
7            -1.0108537252E+02        -2.8123E-04        6.615E-04        3.266
8            -1.0108537217E+02        -2.6901E-04        2.690E-04        3.288
9            -1.0108537203E+02        -2.6023E-04        1.870E-04        3.295
10           -1.0108536996E+02        -2.3341E-04        1.251E-04        3.297
11           -1.0108536972E+02        -1.9804E-04        1.230E-04        3.314
12           -1.0108537049E+02        -1.8661E-04        5.695E-05        3.305
Total number of SCF: 12    
====================================================================
                    Energy and force calculation                    
====================================================================
Free energy per atom               : -1.0109969829E+02 (Ha/atom)
Total free energy                  : -4.0439879318E+02 (Ha)
Band structure energy              : -5.9210223584E+01 (Ha)
Exchange correlation energy        : -7.1673116064E+01 (Ha)
Self and correction energy         : -4.8442242263E+02 (Ha)
-Entropy*kb*T                      : -2.4286251458E-03 (Ha)
Fermi level                        :  6.9242336106E-02 (Ha)
DFT-D3 correction                  : -5.7311226682E-02 (Ha)
RMS force                          :  4.6263096161E-03 (Ha/Bohr)
Maximum force                      :  1.3091173271E-02 (Ha/Bohr)
Time for force calculation         :  0.096 (sec)
Relax step time                    :  39.860 (sec)
========================================================================================
                    Self Consistent Field (SCF#31)                     
========================================================================================
Iteration     Free Energy (Ha/atom)    Magnetization     SCF Error        Timing (sec)
1            -1.0108571227E+02        -1.7790E-04        1.691E-03        3.420
2            -1.0108592719E+02        -1.7281E-04        4.463E-03        3.296
3            -1.0108587075E+02        -1.7452E-04        2.818E-04        3.259
4            -1.0108586887E+02        -1.7031E-04        1.655E-04        3.260
5            -1.0108586715E+02        -1.6189E-04        9.268E-05        3.262
Total number of SCF: 5     
====================================================================
                    Energy and force calculation                    
====================================================================
Free energy per atom               : -1.0110006959E+02 (Ha/atom)
Total free energy                  : -4.0440027835E+02 (Ha)
Band structure energy              : -5.9103775906E+01 (Ha)
Exchange correlation energy        : -7.1642781863E+01 (Ha)
Self and correction energy         : -4.8442455339E+02 (Ha)
-Entropy*kb*T                      : -2.6849843742E-03 (Ha)
Fermi level                        :  6.8662926519E-02 (Ha)
DFT-D3 correction                  : -5.6809747588E-02 (Ha)
RMS force                          :  2.5787993612E-04 (Ha/Bohr)
Maximum force                      :  9.3806312747E-04 (Ha/Bohr)
Time for force calculation         :  0.096 (sec)
Relax step time                    :  16.710 (sec)
========================================================================================
                    Self Consistent Field (SCF#32)                     
========================================================================================
Iteration     Free Energy (Ha/atom)    Magnetization     SCF Error        Timing (sec)
1            -1.0108587733E+02        -1.6005E-04        5.667E-04        3.455
2            -1.0108588425E+02        -1.5730E-04        1.356E-03        3.287
3            -1.0108587998E+02        -1.5629E-04        1.868E-04        3.287
4            -1.0108588013E+02        -1.5353E-04        1.223E-04        3.275
5            -1.0108587763E+02        -1.4547E-04        8.028E-05        3.244
Total number of SCF: 5     
====================================================================
                    Energy and force calculation                    
====================================================================
Free energy per atom               : -1.0110006043E+02 (Ha/atom)
Total free energy                  : -4.0440024172E+02 (Ha)
Band structure energy              : -5.9063493247E+01 (Ha)
Exchange correlation energy        : -7.1641708103E+01 (Ha)
Self and correction energy         : -4.8442441684E+02 (Ha)
-Entropy*kb*T                      : -2.7144509978E-03 (Ha)
Fermi level                        :  6.9438424387E-02 (Ha)
DFT-D3 correction                  : -5.6731179261E-02 (Ha)
RMS force                          :  4.4455706385E-04 (Ha/Bohr)
Maximum force                      :  1.4254008757E-03 (Ha/Bohr)
Time for force calculation         :  0.096 (sec)
Relax step time                    :  16.725 (sec)
========================================================================================
                    Self Consistent Field (SCF#33)                     
========================================================================================
Iteration     Free Energy (Ha/atom)    Magnetization     SCF Error        Timing (sec)
1            -1.0108587793E+02        -1.4133E-04        8.446E-05        3.399
2            -1.0108587599E+02        -1.3848E-04        5.702E-05        3.261
Total number of SCF: 2     
====================================================================
                    Energy and force calculation                    
====================================================================
Free energy per atom               : -1.0110006970E+02 (Ha/atom)
Total free energy                  : -4.0440027878E+02 (Ha)
Band structure energy              : -5.9082623862E+01 (Ha)
Exchange correlation energy        : -7.1642114867E+01 (Ha)
Self and correction energy         : -4.8442449003E+02 (Ha)
-Entropy*kb*T                      : -2.6978933755E-03 (Ha)
Fermi level                        :  6.9027620992E-02 (Ha)
DFT-D3 correction                  : -5.6774828671E-02 (Ha)
RMS force                          :  8.9438284941E-05 (Ha/Bohr)
Maximum force                      :  3.2242298983E-04 (Ha/Bohr)
Time for force calculation         :  0.126 (sec)
Relax step time                    :  6.864 (sec)
***************************************************************************
                               Timing info                                 
***************************************************************************
Total walltime                     :  1377.545 sec
___________________________________________________________________________

***************************************************************************
*             Material Physics & Mechanics Group, Georgia Tech            *
*                       PI: Phanish Suryanarayana                         *
*               List of contributors: See the documentation               *
*         Citation: See README.md or the documentation for details        *
*  Acknowledgements: U.S. DOE SC (DE-SC0019410), U.S. DOE NNSA (ASC)      *
*      {Preliminary developments: U.S. NSF (1333500,1663244,1553212)}     *
***************************************************************************
                                                                           
