***************************************************************************
*                       SPARC (version Jul 10, 2023)                      *
*   Copyright (c) 2020 Material Physics & Mechanics Group, Georgia Tech   *
*           Distributed under GNU General Public License 3 (GPL)          *
*                   Start time: Sun Jul 23 19:16:06 2023                  *
***************************************************************************
                           Input parameters                                
***************************************************************************
LATVEC_SCALE: 1 1 1 
LATVEC:
23.0953 0 0 
0 23.0953 0 
0 0 23.0953 
FD_GRID: 71 71 71
FD_ORDER: 12
BC: P P P
KPOINT_GRID: 1 1 1
KPOINT_SHIFT: 0 0 0
SPIN_TYP: 0
ELEC_TEMP_TYPE: Gaussian
SMEARING: 0.007349864435
EXCHANGE_CORRELATION: GGA_PBE
NSTATES: 245
CHEB_DEGREE: 24
CHEFSI_BOUND_FLAG: 0
CALC_STRESS: 0
CALC_PRES: 0
MAXIT_SCF: 100
MINIT_SCF: 2
MAXIT_POISSON: 3000
TOL_SCF: 1.00E-04
POISSON_SOLVER: AAR
TOL_POISSON: 1.00E-06
TOL_LANCZOS: 1.00E-02
TOL_PSEUDOCHARGE: 1.00E-07
MIXING_VARIABLE: density
MIXING_PRECOND: kerker
TOL_PRECOND: 1.06E-04
PRECOND_KERKER_KTF: 1
PRECOND_KERKER_THRESH: 0.1
MIXING_PARAMETER: 0.3
MIXING_HISTORY: 7
PULAY_FREQUENCY: 1
PULAY_RESTART: 0
REFERENCE_CUTOFF: 0.5
RHO_TRIGGER: 4
FIX_RAND: 0
VERBOSITY: 1
PRINT_FORCES: 1
PRINT_ATOMS: 1
PRINT_EIGEN: 0
PRINT_DENSITY: 0
PRINT_ENERGY_DENSITY: 0
D3_FLAG: 1
D3_RTHR: 1600
D3_CN_THR: 625
OUTPUT_FILE: SPARC
***************************************************************************
                                Cell                                       
***************************************************************************
Lattice vectors (Bohr):
23.095300000000002 0.000000000000000 0.000000000000000 
0.000000000000000 23.095300000000002 0.000000000000000 
0.000000000000000 0.000000000000000 23.095300000000002 
Volume: 1.2318868630E+04 (Bohr^3)
Density: 1.2320557996E-01 (amu/Bohr^3), 1.3806260897E+00 (g/cc)
***************************************************************************
                           Parallelization                                 
***************************************************************************
NP_SPIN_PARAL: 1
NP_KPOINT_PARAL: 1
NP_BAND_PARAL: 24
NP_DOMAIN_PARAL: 1 1 1
NP_DOMAIN_PHI_PARAL: 2 3 4
EIG_SERIAL_MAXNS: 1500
***************************************************************************
                             Initialization                                
***************************************************************************
Number of processors               :  24
Mesh spacing                       :  0.325286 (Bohr)
Number of symmetry adapted k-points:  1
Output printed to                  :  SPARC.out
Total number of atom types         :  4
Total number of atoms              :  74
Total number of electrons          :  400
Atom type 1  (valence electrons)   :  Al 3
Pseudopotential                    :  13_Al_3_1.9_1.9_pbe_n_v1.0.psp8
Atomic mass                        :  26.9815385
Pseudocharge radii of atom type 1  :  7.16 7.16 7.16 (x, y, z dir)
Number of atoms of type 1          :  4
Atom type 2  (valence electrons)   :  Ca 10
Pseudopotential                    :  20_Ca_10_2.3_2.7_pbe_n_v1.0.psp8
Atomic mass                        :  40.078
Pseudocharge radii of atom type 2  :  4.88 4.88 4.88 (x, y, z dir)
Number of atoms of type 2          :  2
Atom type 3  (valence electrons)   :  O 6
Pseudopotential                    :  08_O_6_1.2_1.4_pbe_n_v1.0.psp8
Atomic mass                        :  15.9994
Pseudocharge radii of atom type 3  :  7.16 7.16 7.16 (x, y, z dir)
Number of atoms of type 3          :  48
Atom type 4  (valence electrons)   :  Si 4
Pseudopotential                    :  14_Si_4_1.9_1.9_pbe_n_v1.0.psp8
Atomic mass                        :  28.085
Pseudocharge radii of atom type 4  :  7.16 7.16 7.16 (x, y, z dir)
Number of atoms of type 4          :  20
Estimated total memory usage       :  4.75 GB
Estimated memory per processor     :  202.88 MB
===================================================================
                    Self Consistent Field (SCF#1)                     
===================================================================
Iteration     Free Energy (Ha/atom)   SCF Error        Timing (sec)
1            -1.3123230342E+01        1.489E-01        9.782
2            -1.3095898901E+01        7.255E-02        2.545
3            -1.3088672581E+01        3.678E-02        2.553
4            -1.3087870834E+01        9.146E-03        2.533
5            -1.3087692222E+01        4.713E-03        2.544
6            -1.3087632370E+01        2.375E-03        2.529
7            -1.3087624945E+01        1.382E-03        2.531
8            -1.3087611238E+01        8.789E-04        2.540
9            -1.3087609284E+01        4.813E-04        2.520
10           -1.3087611239E+01        3.394E-04        2.521
11           -1.3087613847E+01        2.078E-04        2.512
12           -1.3087615476E+01        1.668E-04        2.514
13           -1.3087618747E+01        8.657E-05        2.507
Total number of SCF: 13    
====================================================================
                    Energy and force calculation                    
====================================================================
Free energy per atom               : -1.3089581870E+01 (Ha/atom)
Total free energy                  : -9.6862905838E+02 (Ha)
Band structure energy              : -1.5598648719E+02 (Ha)
Exchange correlation energy        : -2.5475056325E+02 (Ha)
Self and correction energy         : -1.4016005060E+03 (Ha)
-Entropy*kb*T                      : -2.1118855832E-09 (Ha)
Fermi level                        : -1.2009024481E-02 (Ha)
DFT-D3 correction                  : -1.4527109549E-01 (Ha)
RMS force                          :  8.4496623396E-02 (Ha/Bohr)
Maximum force                      :  2.7640562099E-01 (Ha/Bohr)
Time for force calculation         :  0.269 (sec)
***************************************************************************
                               Timing info                                 
***************************************************************************
Total walltime                     :  41.796 sec
___________________________________________________________________________

***************************************************************************
*             Material Physics & Mechanics Group, Georgia Tech            *
*                       PI: Phanish Suryanarayana                         *
*               List of contributors: See the documentation               *
*         Citation: See README.md or the documentation for details        *
*  Acknowledgements: U.S. DOE SC (DE-SC0019410), U.S. DOE NNSA (ASC)      *
*      {Preliminary developments: U.S. NSF (1333500,1663244,1553212)}     *
***************************************************************************
                                                                           
