***************************************************************************
*                       SPARC (version Jul 10, 2023)                      *
*   Copyright (c) 2020 Material Physics & Mechanics Group, Georgia Tech   *
*           Distributed under GNU General Public License 3 (GPL)          *
*                   Start time: Tue Jul 25 00:03:19 2023                  *
***************************************************************************
                           Input parameters                                
***************************************************************************
LATVEC_SCALE: 1 1 1 
LATVEC:
17.0075 0 0 
0 17.0075 0 
0 0 17.0075 
FD_GRID: 61 61 61
FD_ORDER: 12
BC: P P P
KPOINT_GRID: 1 1 1
KPOINT_SHIFT: 0 0 0
SPIN_TYP: 0
ELEC_TEMP_TYPE: Gaussian
SMEARING: 0.007349864435
EXCHANGE_CORRELATION: GGA_PBE
NSTATES: 7
CHEB_DEGREE: 27
CHEFSI_BOUND_FLAG: 0
CALC_STRESS: 0
CALC_PRES: 0
MAXIT_SCF: 100
MINIT_SCF: 2
MAXIT_POISSON: 3000
TOL_SCF: 1.00E-05
POISSON_SOLVER: AAR
TOL_POISSON: 1.00E-07
TOL_LANCZOS: 1.00E-02
TOL_PSEUDOCHARGE: 1.00E-08
MIXING_VARIABLE: density
MIXING_PRECOND: kerker
TOL_PRECOND: 7.77E-05
PRECOND_KERKER_KTF: 1
PRECOND_KERKER_THRESH: 0.1
MIXING_PARAMETER: 0.3
MIXING_HISTORY: 7
PULAY_FREQUENCY: 1
PULAY_RESTART: 0
REFERENCE_CUTOFF: 0.5
RHO_TRIGGER: 4
FIX_RAND: 0
VERBOSITY: 1
PRINT_FORCES: 1
PRINT_ATOMS: 1
PRINT_EIGEN: 0
PRINT_DENSITY: 0
PRINT_ENERGY_DENSITY: 0
D3_FLAG: 1
D3_RTHR: 1600
D3_CN_THR: 625
OUTPUT_FILE: SPARC
***************************************************************************
                                Cell                                       
***************************************************************************
Lattice vectors (Bohr):
17.007500000000000 0.000000000000000 0.000000000000000 
0.000000000000000 17.007500000000000 0.000000000000000 
0.000000000000000 0.000000000000000 17.007500000000000 
Volume: 4.9195053692E+03 (Bohr^3)
Density: 2.4414243097E-03 (amu/Bohr^3), 2.7358290907E-02 (g/cc)
***************************************************************************
                           Parallelization                                 
***************************************************************************
NP_SPIN_PARAL: 1
NP_KPOINT_PARAL: 1
NP_BAND_PARAL: 7
NP_DOMAIN_PARAL: 1 1 3
NP_DOMAIN_PHI_PARAL: 2 3 4
EIG_SERIAL_MAXNS: 1500
***************************************************************************
                             Initialization                                
***************************************************************************
Number of processors               :  24
Mesh spacing                       :  0.278811 (Bohr)
Number of symmetry adapted k-points:  1
Output printed to                  :  SPARC.out
Total number of atom types         :  1
Total number of atoms              :  1
Total number of electrons          :  4
Atom type 1  (valence electrons)   :  C 4
Pseudopotential                    :  06_C_4_1.2_1.2_pbe_n_v1.0.psp8
Atomic mass                        :  12.0106
Pseudocharge radii of atom type 1  :  7.53 7.53 7.53 (x, y, z dir)
Number of atoms of type 1          :  1
Estimated total memory usage       :  140.01 MB
Estimated memory per processor     :  5.83 MB
===================================================================
                    Self Consistent Field (SCF#1)                     
===================================================================
Iteration     Free Energy (Ha/atom)   SCF Error        Timing (sec)
1            -5.6766164875E+00        2.946E-01        0.325
2            -5.6945943803E+00        1.643E-01        0.135
3            -5.6975188780E+00        1.448E-01        0.135
4            -5.6975647874E+00        1.161E-01        0.135
5            -5.6974140932E+00        8.952E-02        0.135
6            -5.6972681598E+00        5.825E-02        0.133
7            -5.6971832819E+00        2.624E-02        0.129
8            -5.6971738738E+00        1.873E-02        0.133
9            -5.6971658454E+00        5.598E-03        0.131
10           -5.6971669872E+00        2.166E-03        0.122
11           -5.6971676515E+00        4.243E-04        0.118
12           -5.6971680876E+00        8.310E-05        0.118
13           -5.6971685340E+00        7.229E-05        0.113
14           -5.6971688164E+00        1.956E-05        0.110
15           -5.6971689700E+00        1.332E-05        0.108
16           -5.6971690551E+00        8.336E-06        0.104
Total number of SCF: 16    
====================================================================
                    Energy and force calculation                    
====================================================================
Free energy per atom               : -5.6971777266E+00 (Ha/atom)
Total free energy                  : -5.6971777266E+00 (Ha)
Band structure energy              : -1.3771355472E+00 (Ha)
Exchange correlation energy        : -1.7940309406E+00 (Ha)
Self and correction energy         : -1.0349786575E+01 (Ha)
-Entropy*kb*T                      : -1.1338071152E-02 (Ha)
Fermi level                        : -1.9119983696E-01 (Ha)
DFT-D3 correction                  : -8.6715722637E-06 (Ha)
RMS force                          :  0.0000000000E+00 (Ha/Bohr)
Maximum force                      :  0.0000000000E+00 (Ha/Bohr)
Time for force calculation         :  0.005 (sec)
***************************************************************************
                               Timing info                                 
***************************************************************************
Total walltime                     :  2.367 sec
___________________________________________________________________________

***************************************************************************
*             Material Physics & Mechanics Group, Georgia Tech            *
*                       PI: Phanish Suryanarayana                         *
*               List of contributors: See the documentation               *
*         Citation: See README.md or the documentation for details        *
*  Acknowledgements: U.S. DOE SC (DE-SC0019410), U.S. DOE NNSA (ASC)      *
*      {Preliminary developments: U.S. NSF (1333500,1663244,1553212)}     *
***************************************************************************
                                                                           
