***************************************************************************
*                       SPARC (version Jul 10, 2023)                      *
*   Copyright (c) 2020 Material Physics & Mechanics Group, Georgia Tech   *
*           Distributed under GNU General Public License 3 (GPL)          *
*                   Start time: Mon Jul 24 18:56:30 2023                  *
***************************************************************************
                           Input parameters                                
***************************************************************************
LATVEC_SCALE: 1 1 1 
LATVEC:
4.6625 0 0 
-2.33125 4.03785 0 
0 0 14.7457 
FD_GRID: 17 17 53
FD_ORDER: 12
BC: P P P
KPOINT_GRID: 6 6 2
KPOINT_SHIFT: 0.5 0.5 0.5
SPIN_TYP: 1
ELEC_TEMP_TYPE: Gaussian
SMEARING: 0.007349864435
EXCHANGE_CORRELATION: GGA_PBE
NSTATES: 14
CHEB_DEGREE: 30
CHEFSI_BOUND_FLAG: 0
RELAX_FLAG: 1
RELAX_METHOD: LBFGS
RELAX_NITER: 300
L_HISTORY: 20
L_FINIT_STP: 0.005
L_MAXMOV: 0.2
L_AUTOSCALE: 1
L_LINEOPT: 1
L_ICURV: 1
CALC_STRESS: 0
CALC_PRES: 0
TWTIME: 1E+09
MAXIT_SCF: 100
MINIT_SCF: 2
MAXIT_POISSON: 3000
TOL_SCF: 1.00E-04
POISSON_SOLVER: AAR
TOL_POISSON: 1.00E-06
TOL_LANCZOS: 1.00E-02
TOL_PSEUDOCHARGE: 1.00E-07
MIXING_VARIABLE: density
MIXING_PRECOND: kerker
MIXING_PRECOND_MAG: none
TOL_PRECOND: 7.59E-05
PRECOND_KERKER_KTF: 1
PRECOND_KERKER_THRESH: 0.1
MIXING_PARAMETER: 0.3
MIXING_PARAMETER_MAG: 0.3
MIXING_HISTORY: 7
PULAY_FREQUENCY: 1
PULAY_RESTART: 0
REFERENCE_CUTOFF: 0.5
RHO_TRIGGER: 4
FIX_RAND: 0
VERBOSITY: 1
PRINT_FORCES: 1
PRINT_ATOMS: 1
PRINT_EIGEN: 0
PRINT_DENSITY: 0
PRINT_VELS: 1
PRINT_RESTART: 1
PRINT_RESTART_FQ: 1
PRINT_ENERGY_DENSITY: 0
TOL_RELAX: 5.00E-04
PRINT_RELAXOUT: 1
D3_FLAG: 1
D3_RTHR: 1600
D3_CN_THR: 625
OUTPUT_FILE: SPARC
***************************************************************************
                                Cell                                       
***************************************************************************
Lattice vectors (Bohr):
4.662500000000000 0.000000000000000 0.000000000000000 
-2.331250000000000 4.037850000000000 0.000000000000000 
0.000000000000000 0.000000000000000 14.745699999999999 
Volume: 2.7760956162E+02 (Bohr^3)
Density: 1.7305743981E-01 (amu/Bohr^3), 1.9392597030E+00 (g/cc)
***************************************************************************
                           Parallelization                                 
***************************************************************************
NP_SPIN_PARAL: 2
NP_KPOINT_PARAL: 12
NP_BAND_PARAL: 1
NP_DOMAIN_PARAL: 1 1 1
NP_DOMAIN_PHI_PARAL: 2 2 6
EIG_SERIAL_MAXNS: 1500
***************************************************************************
                             Initialization                                
***************************************************************************
Number of processors               :  24
Mesh spacing in x-direction        :  0.274265 (Bohr)
Mesh spacing in y-direction        :  0.274265 (Bohr)
Mesh spacing in z-direction        :  0.278221 (Bohr)
Number of symmetry adapted k-points:  36
Output printed to                  :  SPARC.out
Relax output printed to            :  SPARC.geopt
Total number of atom types         :  1
Total number of atoms              :  4
Total number of electrons          :  16
Atom type 1  (valence electrons)   :  C 4
Pseudopotential                    :  06_C_4_1.2_1.2_pbe_n_v1.0.psp8
Atomic mass                        :  12.0106
Pseudocharge radii of atom type 1  :  7.41 7.41 7.23 (x, y, z dir)
Number of atoms of type 1          :  4
Estimated total memory usage       :  481.79 MB
Estimated memory per processor     :  20.07 MB
========================================================================================
                    Self Consistent Field (SCF#1)                     
========================================================================================
Iteration     Free Energy (Ha/atom)    Magnetization     SCF Error        Timing (sec)
1            -5.9836742577E+00         3.8816E-01        4.265E-01        5.833
2            -6.0218430061E+00         1.0891E-03        2.750E-01        1.449
3            -6.0357755292E+00         2.7832E-07        1.689E-01        1.436
4            -6.0281153317E+00        -9.7195E-08        6.412E-02        1.430
5            -6.0241997096E+00        -2.5576E-07        4.308E-02        1.431
6            -6.0234684860E+00         1.5741E-07        1.933E-02        1.432
7            -6.0239345938E+00        -9.4124E-08        6.729E-03        1.425
8            -6.0239551817E+00         7.3106E-09        4.536E-03        1.424
9            -6.0239667733E+00        -3.5757E-08        2.824E-03        1.461
10           -6.0239670308E+00         2.8826E-09        1.010E-03        1.423
11           -6.0239664059E+00        -2.6829E-09        6.499E-04        1.426
12           -6.0239676479E+00         1.3082E-09        1.420E-04        1.433
13           -6.0239694836E+00         5.4485E-10        7.860E-05        1.426
Total number of SCF: 13    
====================================================================
                    Energy and force calculation                    
====================================================================
Free energy per atom               : -6.0265202724E+00 (Ha/atom)
Total free energy                  : -2.4106081089E+01 (Ha)
Band structure energy              : -3.1802579425E+00 (Ha)
Exchange correlation energy        : -8.5781466006E+00 (Ha)
Self and correction energy         : -4.1400192482E+01 (Ha)
-Entropy*kb*T                      : -7.1012305677E-09 (Ha)
Fermi level                        :  1.5821121588E-01 (Ha)
DFT-D3 correction                  : -1.0203155128E-02 (Ha)
RMS force                          :  2.0768072469E-03 (Ha/Bohr)
Maximum force                      :  2.0796599400E-03 (Ha/Bohr)
Time for force calculation         :  0.074 (sec)
Relax step time                    :  23.264 (sec)
========================================================================================
                    Self Consistent Field (SCF#2)                     
========================================================================================
Iteration     Free Energy (Ha/atom)    Magnetization     SCF Error        Timing (sec)
1            -6.0239761938E+00         2.0407E-10        3.105E-03        1.540
2            -6.0239733276E+00         1.3766E-10        2.118E-03        1.426
3            -6.0239689136E+00        -2.7853E-12        1.932E-04        1.453
4            -6.0239698147E+00        -9.3792E-13        5.864E-05        1.426
Total number of SCF: 4     
====================================================================
                    Energy and force calculation                    
====================================================================
Free energy per atom               : -6.0265206057E+00 (Ha/atom)
Total free energy                  : -2.4106082423E+01 (Ha)
Band structure energy              : -3.1802533220E+00 (Ha)
Exchange correlation energy        : -8.5781846482E+00 (Ha)
Self and correction energy         : -4.1400193850E+01 (Ha)
-Entropy*kb*T                      : -7.1451129599E-09 (Ha)
Fermi level                        :  1.5812539582E-01 (Ha)
DFT-D3 correction                  : -1.0203164122E-02 (Ha)
RMS force                          :  6.6925975090E-04 (Ha/Bohr)
Maximum force                      :  6.7202924907E-04 (Ha/Bohr)
Time for force calculation         :  0.065 (sec)
Relax step time                    :  6.020 (sec)
========================================================================================
                    Self Consistent Field (SCF#3)                     
========================================================================================
Iteration     Free Energy (Ha/atom)    Magnetization     SCF Error        Timing (sec)
1            -6.0239704632E+00        -3.5758E-12        3.803E-04        1.535
2            -6.0239705875E+00        -2.9701E-12        2.597E-04        1.429
3            -6.0239700193E+00        -1.7550E-12        2.465E-05        1.422
Total number of SCF: 3     
====================================================================
                    Energy and force calculation                    
====================================================================
Free energy per atom               : -6.0265208098E+00 (Ha/atom)
Total free energy                  : -2.4106083239E+01 (Ha)
Band structure energy              : -3.1802897536E+00 (Ha)
Exchange correlation energy        : -8.5781766420E+00 (Ha)
Self and correction energy         : -4.1400193688E+01 (Ha)
-Entropy*kb*T                      : -7.1449955483E-09 (Ha)
Fermi level                        :  1.5813715359E-01 (Ha)
DFT-D3 correction                  : -1.0203162060E-02 (Ha)
RMS force                          :  3.0740458910E-04 (Ha/Bohr)
Maximum force                      :  3.1069717545E-04 (Ha/Bohr)
Time for force calculation         :  0.065 (sec)
Relax step time                    :  4.568 (sec)
***************************************************************************
                               Timing info                                 
***************************************************************************
Total walltime                     :  33.898 sec
___________________________________________________________________________

***************************************************************************
*             Material Physics & Mechanics Group, Georgia Tech            *
*                       PI: Phanish Suryanarayana                         *
*               List of contributors: See the documentation               *
*         Citation: See README.md or the documentation for details        *
*  Acknowledgements: U.S. DOE SC (DE-SC0019410), U.S. DOE NNSA (ASC)      *
*      {Preliminary developments: U.S. NSF (1333500,1663244,1553212)}     *
***************************************************************************
                                                                           
