***************************************************************************
*                       SPARC (version Jul 10, 2023)                      *
*   Copyright (c) 2020 Material Physics & Mechanics Group, Georgia Tech   *
*           Distributed under GNU General Public License 3 (GPL)          *
*                   Start time: Tue Jul 25 00:03:16 2023                  *
***************************************************************************
                           Input parameters                                
***************************************************************************
LATVEC_SCALE: 1 1 1 
LATVEC:
15.1178 0 0 
0 15.1178 0 
0 0 15.1178 
FD_GRID: 54 54 54
FD_ORDER: 12
BC: P P P
KPOINT_GRID: 1 1 1
KPOINT_SHIFT: 0 0 0
SPIN_TYP: 0
ELEC_TEMP_TYPE: Gaussian
SMEARING: 0.007349864435
EXCHANGE_CORRELATION: GGA_PBE
NSTATES: 7
CHEB_DEGREE: 27
CHEFSI_BOUND_FLAG: 0
CALC_STRESS: 0
CALC_PRES: 0
MAXIT_SCF: 100
MINIT_SCF: 2
MAXIT_POISSON: 3000
TOL_SCF: 1.00E-05
POISSON_SOLVER: AAR
TOL_POISSON: 1.00E-07
TOL_LANCZOS: 1.00E-02
TOL_PSEUDOCHARGE: 1.00E-08
MIXING_VARIABLE: density
MIXING_PRECOND: kerker
TOL_PRECOND: 7.84E-05
PRECOND_KERKER_KTF: 1
PRECOND_KERKER_THRESH: 0.1
MIXING_PARAMETER: 0.3
MIXING_HISTORY: 7
PULAY_FREQUENCY: 1
PULAY_RESTART: 0
REFERENCE_CUTOFF: 0.5
RHO_TRIGGER: 4
FIX_RAND: 0
VERBOSITY: 1
PRINT_FORCES: 1
PRINT_ATOMS: 1
PRINT_EIGEN: 0
PRINT_DENSITY: 0
PRINT_ENERGY_DENSITY: 0
D3_FLAG: 1
D3_RTHR: 1600
D3_CN_THR: 625
OUTPUT_FILE: SPARC
***************************************************************************
                                Cell                                       
***************************************************************************
Lattice vectors (Bohr):
15.117800000000001 0.000000000000000 0.000000000000000 
0.000000000000000 15.117800000000001 0.000000000000000 
0.000000000000000 0.000000000000000 15.117800000000001 
Volume: 3.4551410925E+03 (Bohr^3)
Density: 3.4761532680E-03 (amu/Bohr^3), 3.8953332268E-02 (g/cc)
***************************************************************************
                           Parallelization                                 
***************************************************************************
NP_SPIN_PARAL: 1
NP_KPOINT_PARAL: 1
NP_BAND_PARAL: 7
NP_DOMAIN_PARAL: 1 1 3
NP_DOMAIN_PHI_PARAL: 2 3 4
EIG_SERIAL_MAXNS: 1500
***************************************************************************
                             Initialization                                
***************************************************************************
Number of processors               :  24
Mesh spacing                       :  0.279959 (Bohr)
Number of symmetry adapted k-points:  1
Output printed to                  :  SPARC.out
Total number of atom types         :  1
Total number of atoms              :  1
Total number of electrons          :  4
Atom type 1  (valence electrons)   :  C 4
Pseudopotential                    :  06_C_4_1.2_1.2_pbe_n_v1.0.psp8
Atomic mass                        :  12.0106
Pseudocharge radii of atom type 1  :  7.28 7.28 7.28 (x, y, z dir)
Number of atoms of type 1          :  1
Estimated total memory usage       :  97.13 MB
Estimated memory per processor     :  4.05 MB
===================================================================
                    Self Consistent Field (SCF#1)                     
===================================================================
Iteration     Free Energy (Ha/atom)   SCF Error        Timing (sec)
1            -5.6875240745E+00        2.109E-01        0.196
2            -5.6948141075E+00        9.487E-02        0.087
3            -5.6965051198E+00        1.054E-01        0.086
4            -5.6965127767E+00        8.196E-02        0.084
5            -5.6963816253E+00        4.240E-02        0.083
6            -5.6963396842E+00        1.766E-02        0.082
7            -5.6963375289E+00        1.060E-02        0.081
8            -5.6963388503E+00        7.435E-03        0.081
9            -5.6963390525E+00        1.608E-03        0.081
10           -5.6963408639E+00        1.837E-03        0.075
11           -5.6963414125E+00        9.411E-05        0.074
12           -5.6963419224E+00        9.665E-05        0.070
13           -5.6963421462E+00        2.290E-05        0.070
14           -5.6963423124E+00        1.237E-05        0.063
15           -5.6963423454E+00        9.409E-06        0.067
Total number of SCF: 15    
====================================================================
                    Energy and force calculation                    
====================================================================
Free energy per atom               : -5.6963604160E+00 (Ha/atom)
Total free energy                  : -5.6963604160E+00 (Ha)
Band structure energy              : -1.3667022956E+00 (Ha)
Exchange correlation energy        : -1.7942123153E+00 (Ha)
Self and correction energy         : -1.0349789752E+01 (Ha)
-Entropy*kb*T                      : -1.1337963695E-02 (Ha)
Fermi level                        : -1.8835967504E-01 (Ha)
DFT-D3 correction                  : -1.8070602598E-05 (Ha)
RMS force                          :  0.0000000000E+00 (Ha/Bohr)
Maximum force                      :  0.0000000000E+00 (Ha/Bohr)
Time for force calculation         :  0.005 (sec)
***************************************************************************
                               Timing info                                 
***************************************************************************
Total walltime                     :  1.428 sec
___________________________________________________________________________

***************************************************************************
*             Material Physics & Mechanics Group, Georgia Tech            *
*                       PI: Phanish Suryanarayana                         *
*               List of contributors: See the documentation               *
*         Citation: See README.md or the documentation for details        *
*  Acknowledgements: U.S. DOE SC (DE-SC0019410), U.S. DOE NNSA (ASC)      *
*      {Preliminary developments: U.S. NSF (1333500,1663244,1553212)}     *
***************************************************************************
                                                                           
