***************************************************************************
*                       SPARC (version Jul 10, 2023)                      *
*   Copyright (c) 2020 Material Physics & Mechanics Group, Georgia Tech   *
*           Distributed under GNU General Public License 3 (GPL)          *
*                   Start time: Tue Jul 25 00:03:08 2023                  *
***************************************************************************
                           Input parameters                                
***************************************************************************
LATVEC_SCALE: 1 1 1 
LATVEC:
5.66918 0 0 
0 5.66918 0 
0 0 5.66918 
FD_GRID: 21 21 21
FD_ORDER: 12
BC: P P P
KPOINT_GRID: 1 1 1
KPOINT_SHIFT: 0 0 0
SPIN_TYP: 0
ELEC_TEMP_TYPE: Gaussian
SMEARING: 0.007349864435
EXCHANGE_CORRELATION: GGA_PBE
NSTATES: 7
CHEB_DEGREE: 28
CHEFSI_BOUND_FLAG: 0
CALC_STRESS: 0
CALC_PRES: 0
MAXIT_SCF: 100
MINIT_SCF: 2
MAXIT_POISSON: 3000
TOL_SCF: 1.00E-05
POISSON_SOLVER: AAR
TOL_POISSON: 1.00E-07
TOL_LANCZOS: 1.00E-02
TOL_PSEUDOCHARGE: 1.00E-08
MIXING_VARIABLE: density
MIXING_PRECOND: kerker
TOL_PRECOND: 7.29E-05
PRECOND_KERKER_KTF: 1
PRECOND_KERKER_THRESH: 0.1
MIXING_PARAMETER: 0.3
MIXING_HISTORY: 7
PULAY_FREQUENCY: 1
PULAY_RESTART: 0
REFERENCE_CUTOFF: 0.5
RHO_TRIGGER: 4
FIX_RAND: 0
VERBOSITY: 1
PRINT_FORCES: 1
PRINT_ATOMS: 1
PRINT_EIGEN: 0
PRINT_DENSITY: 0
PRINT_ENERGY_DENSITY: 0
D3_FLAG: 1
D3_RTHR: 1600
D3_CN_THR: 625
OUTPUT_FILE: SPARC
***************************************************************************
                                Cell                                       
***************************************************************************
Lattice vectors (Bohr):
5.669180000000000 0.000000000000000 0.000000000000000 
0.000000000000000 5.669180000000000 0.000000000000000 
0.000000000000000 0.000000000000000 5.669180000000000 
Volume: 1.8220518814E+02 (Bohr^3)
Density: 6.5917991263E-02 (amu/Bohr^3), 7.3866864264E-01 (g/cc)
***************************************************************************
                           Parallelization                                 
***************************************************************************
NP_SPIN_PARAL: 1
NP_KPOINT_PARAL: 1
NP_BAND_PARAL: 7
NP_DOMAIN_PARAL: 1 1 3
NP_DOMAIN_PHI_PARAL: 2 3 3
EIG_SERIAL_MAXNS: 1500
***************************************************************************
                             Initialization                                
***************************************************************************
Number of processors               :  24
Mesh spacing                       :  0.269961 (Bohr)
Number of symmetry adapted k-points:  1
Output printed to                  :  SPARC.out
Total number of atom types         :  1
Total number of atoms              :  1
Total number of electrons          :  4
Atom type 1  (valence electrons)   :  C 4
Pseudopotential                    :  06_C_4_1.2_1.2_pbe_n_v1.0.psp8
Atomic mass                        :  12.0106
Pseudocharge radii of atom type 1  :  6.75 6.75 6.75 (x, y, z dir)
Number of atoms of type 1          :  1
Estimated total memory usage       :  5.72 MB
Estimated memory per processor     :  243.89 kB
===================================================================
                    Self Consistent Field (SCF#1)                     
===================================================================
Iteration     Free Energy (Ha/atom)   SCF Error        Timing (sec)
1            -5.6988452720E+00        4.113E-02        0.030
2            -5.6987987253E+00        2.788E-02        0.008
3            -5.6988936941E+00        4.929E-03        0.008
4            -5.6989283322E+00        7.369E-04        0.007
5            -5.6989292393E+00        3.495E-04        0.007
6            -5.6989293931E+00        8.013E-05        0.006
7            -5.6989295468E+00        2.835E-05        0.006
8            -5.6989293238E+00        2.311E-05        0.006
9            -5.6989294119E+00        9.945E-06        0.006
Total number of SCF: 9     
====================================================================
                    Energy and force calculation                    
====================================================================
Free energy per atom               : -5.7013592177E+00 (Ha/atom)
Total free energy                  : -5.7013592177E+00 (Ha)
Band structure energy              : -8.2220626332E-01 (Ha)
Exchange correlation energy        : -1.8301964423E+00 (Ha)
Self and correction energy         : -1.0349847640E+01 (Ha)
-Entropy*kb*T                      : -1.1338071339E-02 (Ha)
Fermi level                        :  3.1824746013E-03 (Ha)
DFT-D3 correction                  : -2.4298058210E-03 (Ha)
RMS force                          :  0.0000000000E+00 (Ha/Bohr)
Maximum force                      :  0.0000000000E+00 (Ha/Bohr)
Time for force calculation         :  0.013 (sec)
***************************************************************************
                               Timing info                                 
***************************************************************************
Total walltime                     :  0.171 sec
___________________________________________________________________________

***************************************************************************
*             Material Physics & Mechanics Group, Georgia Tech            *
*                       PI: Phanish Suryanarayana                         *
*               List of contributors: See the documentation               *
*         Citation: See README.md or the documentation for details        *
*  Acknowledgements: U.S. DOE SC (DE-SC0019410), U.S. DOE NNSA (ASC)      *
*      {Preliminary developments: U.S. NSF (1333500,1663244,1553212)}     *
***************************************************************************
                                                                           
