***************************************************************************
*                       SPARC (version Jul 10, 2023)                      *
*   Copyright (c) 2020 Material Physics & Mechanics Group, Georgia Tech   *
*           Distributed under GNU General Public License 3 (GPL)          *
*                   Start time: Tue Jul 25 00:03:09 2023                  *
***************************************************************************
                           Input parameters                                
***************************************************************************
LATVEC_SCALE: 1 1 1 
LATVEC:
7.5589 0 0 
0 7.5589 0 
0 0 7.5589 
FD_GRID: 27 27 27
FD_ORDER: 12
BC: P P P
KPOINT_GRID: 1 1 1
KPOINT_SHIFT: 0 0 0
SPIN_TYP: 0
ELEC_TEMP_TYPE: Gaussian
SMEARING: 0.007349864435
EXCHANGE_CORRELATION: GGA_PBE
NSTATES: 7
CHEB_DEGREE: 27
CHEFSI_BOUND_FLAG: 0
CALC_STRESS: 0
CALC_PRES: 0
MAXIT_SCF: 100
MINIT_SCF: 2
MAXIT_POISSON: 3000
TOL_SCF: 1.00E-05
POISSON_SOLVER: AAR
TOL_POISSON: 1.00E-07
TOL_LANCZOS: 1.00E-02
TOL_PSEUDOCHARGE: 1.00E-08
MIXING_VARIABLE: density
MIXING_PRECOND: kerker
TOL_PRECOND: 7.84E-05
PRECOND_KERKER_KTF: 1
PRECOND_KERKER_THRESH: 0.1
MIXING_PARAMETER: 0.3
MIXING_HISTORY: 7
PULAY_FREQUENCY: 1
PULAY_RESTART: 0
REFERENCE_CUTOFF: 0.5
RHO_TRIGGER: 4
FIX_RAND: 0
VERBOSITY: 1
PRINT_FORCES: 1
PRINT_ATOMS: 1
PRINT_EIGEN: 0
PRINT_DENSITY: 0
PRINT_ENERGY_DENSITY: 0
D3_FLAG: 1
D3_RTHR: 1600
D3_CN_THR: 625
OUTPUT_FILE: SPARC
***************************************************************************
                                Cell                                       
***************************************************************************
Lattice vectors (Bohr):
7.558900000000000 0.000000000000000 0.000000000000000 
0.000000000000000 7.558900000000000 0.000000000000000 
0.000000000000000 0.000000000000000 7.558900000000000 
Volume: 4.3189263656E+02 (Bohr^3)
Density: 2.7809226144E-02 (amu/Bohr^3), 3.1162665814E-01 (g/cc)
***************************************************************************
                           Parallelization                                 
***************************************************************************
NP_SPIN_PARAL: 1
NP_KPOINT_PARAL: 1
NP_BAND_PARAL: 7
NP_DOMAIN_PARAL: 1 1 3
NP_DOMAIN_PHI_PARAL: 2 3 4
EIG_SERIAL_MAXNS: 1500
***************************************************************************
                             Initialization                                
***************************************************************************
Number of processors               :  24
Mesh spacing                       :  0.279959 (Bohr)
Number of symmetry adapted k-points:  1
Output printed to                  :  SPARC.out
Total number of atom types         :  1
Total number of atoms              :  1
Total number of electrons          :  4
Atom type 1  (valence electrons)   :  C 4
Pseudopotential                    :  06_C_4_1.2_1.2_pbe_n_v1.0.psp8
Atomic mass                        :  12.0106
Pseudocharge radii of atom type 1  :  7.28 7.28 7.28 (x, y, z dir)
Number of atoms of type 1          :  1
Estimated total memory usage       :  12.14 MB
Estimated memory per processor     :  518.18 kB
===================================================================
                    Self Consistent Field (SCF#1)                     
===================================================================
Iteration     Free Energy (Ha/atom)   SCF Error        Timing (sec)
1            -5.6855553119E+00        3.117E-02        0.036
2            -5.6861492480E+00        2.390E-02        0.012
3            -5.6861488945E+00        1.589E-02        0.014
4            -5.6861271963E+00        7.244E-03        0.012
5            -5.6861294228E+00        3.601E-03        0.012
6            -5.6861304514E+00        4.037E-03        0.012
7            -5.6861288675E+00        1.195E-03        0.011
8            -5.6861285603E+00        2.965E-04        0.011
9            -5.6861282286E+00        1.420E-04        0.011
10           -5.6861282135E+00        3.038E-05        0.010
11           -5.6861282618E+00        1.141E-05        0.010
12           -5.6861281806E+00        3.233E-06        0.008
Total number of SCF: 12    
====================================================================
                    Energy and force calculation                    
====================================================================
Free energy per atom               : -5.6871167911E+00 (Ha/atom)
Total free energy                  : -5.6871167911E+00 (Ha)
Band structure energy              : -1.1116591270E+00 (Ha)
Exchange correlation energy        : -1.8131081898E+00 (Ha)
Self and correction energy         : -1.0349789752E+01 (Ha)
-Entropy*kb*T                      : -1.1337954119E-02 (Ha)
Fermi level                        : -1.1391640730E-01 (Ha)
DFT-D3 correction                  : -9.8861047814E-04 (Ha)
RMS force                          :  0.0000000000E+00 (Ha/Bohr)
Maximum force                      :  0.0000000000E+00 (Ha/Bohr)
Time for force calculation         :  0.008 (sec)
***************************************************************************
                               Timing info                                 
***************************************************************************
Total walltime                     :  0.233 sec
___________________________________________________________________________

***************************************************************************
*             Material Physics & Mechanics Group, Georgia Tech            *
*                       PI: Phanish Suryanarayana                         *
*               List of contributors: See the documentation               *
*         Citation: See README.md or the documentation for details        *
*  Acknowledgements: U.S. DOE SC (DE-SC0019410), U.S. DOE NNSA (ASC)      *
*      {Preliminary developments: U.S. NSF (1333500,1663244,1553212)}     *
***************************************************************************
                                                                           
