***************************************************************************
*                       SPARC (version Jul 10, 2023)                      *
*   Copyright (c) 2020 Material Physics & Mechanics Group, Georgia Tech   *
*           Distributed under GNU General Public License 3 (GPL)          *
*                   Start time: Tue Jul 25 00:55:37 2023                  *
***************************************************************************
                           Input parameters                                
***************************************************************************
LATVEC_SCALE: 1 1 1 
LATVEC:
0 3.70386 3.70386 
3.70386 0 3.70386 
3.70386 3.70386 0 
FD_GRID: 19 19 19
FD_ORDER: 12
BC: P P P
KPOINT_GRID: 2 2 2
KPOINT_SHIFT: 0.5 0.5 0.5
SPIN_TYP: 0
ELEC_TEMP_TYPE: Gaussian
SMEARING: 0.007349864435
EXCHANGE_CORRELATION: GGA_PBE
NSTATES: 15
CHEB_DEGREE: 32
CHEFSI_BOUND_FLAG: 0
CALC_STRESS: 0
CALC_PRES: 0
MAXIT_SCF: 100
MINIT_SCF: 2
MAXIT_POISSON: 3000
TOL_SCF: 1.00E-05
POISSON_SOLVER: AAR
TOL_POISSON: 1.00E-07
TOL_LANCZOS: 1.00E-02
TOL_PSEUDOCHARGE: 1.00E-08
MIXING_VARIABLE: density
MIXING_PRECOND: kerker
TOL_PRECOND: 7.60E-05
PRECOND_KERKER_KTF: 1
PRECOND_KERKER_THRESH: 0.1
MIXING_PARAMETER: 0.3
MIXING_HISTORY: 7
PULAY_FREQUENCY: 1
PULAY_RESTART: 0
REFERENCE_CUTOFF: 0.5
RHO_TRIGGER: 4
FIX_RAND: 0
VERBOSITY: 1
PRINT_FORCES: 1
PRINT_ATOMS: 1
PRINT_EIGEN: 0
PRINT_DENSITY: 0
PRINT_ENERGY_DENSITY: 0
D3_FLAG: 1
D3_RTHR: 1600
D3_CN_THR: 625
OUTPUT_FILE: SPARC
***************************************************************************
                                Cell                                       
***************************************************************************
Lattice vectors (Bohr):
0.000000000000000 3.703860000000000 3.703860000000000 
3.703860000000000 0.000000000000000 3.703860000000000 
3.703860000000000 3.703860000000000 0.000000000000000 
Volume: 1.0162339129E+02 (Bohr^3)
Density: 1.9196761447E+00 (amu/Bohr^3), 2.1511647200E+01 (g/cc)
***************************************************************************
                           Parallelization                                 
***************************************************************************
NP_SPIN_PARAL: 1
NP_KPOINT_PARAL: 4
NP_BAND_PARAL: 6
NP_DOMAIN_PARAL: 1 1 1
NP_DOMAIN_PHI_PARAL: 2 3 3
EIG_SERIAL_MAXNS: 1500
***************************************************************************
                             Initialization                                
***************************************************************************
Number of processors               :  24
Mesh spacing                       :  0.275687 (Bohr)
Number of symmetry adapted k-points:  4
Output printed to                  :  SPARC.out
Total number of atom types         :  1
Total number of atoms              :  1
Total number of electrons          :  18
Atom type 1  (valence electrons)   :  Pt 18
Pseudopotential                    :  78_Pt_18_2.2_2.4_pbe_n_v1.0.psp8
Atomic mass                        :  195.084
Pseudocharge radii of atom type 1  :  6.89 6.89 6.89 (x, y, z dir)
Number of atoms of type 1          :  1
Estimated total memory usage       :  46.52 MB
Estimated memory per processor     :  1.94 MB
===================================================================
                    Self Consistent Field (SCF#1)                     
===================================================================
Iteration     Free Energy (Ha/atom)   SCF Error        Timing (sec)
1            -1.2933259098E+02        5.139E-02        0.409
2            -1.2931899079E+02        3.162E-02        0.106
3            -1.2931146049E+02        8.607E-03        0.106
4            -1.2931104703E+02        1.636E-03        0.104
5            -1.2931104626E+02        1.207E-03        0.105
6            -1.2931103687E+02        1.906E-04        0.104
7            -1.2931103758E+02        1.893E-05        0.103
8            -1.2931103756E+02        1.243E-05        0.103
9            -1.2931103758E+02        2.361E-06        0.101
Total number of SCF: 9     
====================================================================
                    Energy and force calculation                    
====================================================================
Free energy per atom               : -1.2933574127E+02 (Ha/atom)
Total free energy                  : -1.2933574127E+02 (Ha)
Band structure energy              : -1.0974666016E+01 (Ha)
Exchange correlation energy        : -2.2531702094E+01 (Ha)
Self and correction energy         : -1.5347023895E+02 (Ha)
-Entropy*kb*T                      : -2.8345178533E-03 (Ha)
Fermi level                        :  5.0977931455E-01 (Ha)
DFT-D3 correction                  : -2.4703697315E-02 (Ha)
RMS force                          :  0.0000000000E+00 (Ha/Bohr)
Maximum force                      :  0.0000000000E+00 (Ha/Bohr)
Time for force calculation         :  0.018 (sec)
***************************************************************************
                               Timing info                                 
***************************************************************************
Total walltime                     :  1.387 sec
___________________________________________________________________________

***************************************************************************
*             Material Physics & Mechanics Group, Georgia Tech            *
*                       PI: Phanish Suryanarayana                         *
*               List of contributors: See the documentation               *
*         Citation: See README.md or the documentation for details        *
*  Acknowledgements: U.S. DOE SC (DE-SC0019410), U.S. DOE NNSA (ASC)      *
*      {Preliminary developments: U.S. NSF (1333500,1663244,1553212)}     *
***************************************************************************
                                                                           
