***************************************************************************
*                       SPARC (version Jul 10, 2023)                      *
*   Copyright (c) 2020 Material Physics & Mechanics Group, Georgia Tech   *
*           Distributed under GNU General Public License 3 (GPL)          *
*                   Start time: Mon Jul 24 16:44:38 2023                  *
***************************************************************************
                           Input parameters                                
***************************************************************************
LATVEC_SCALE: 1 1 1 
LATVEC:
18.8973 0 0 
0 18.8973 0 
0 0 18.8973 
FD_GRID: 67 67 67
FD_ORDER: 12
BC: P P P
KPOINT_GRID: 1 1 1
KPOINT_SHIFT: 0 0 0
SPIN_TYP: 1
ELEC_TEMP_TYPE: Gaussian
SMEARING: 0.007349864435
EXCHANGE_CORRELATION: GGA_PBE
NSTATES: 9
CHEB_DEGREE: 27
CHEFSI_BOUND_FLAG: 0
RELAX_FLAG: 1
RELAX_METHOD: LBFGS
RELAX_NITER: 300
L_HISTORY: 20
L_FINIT_STP: 0.005
L_MAXMOV: 0.2
L_AUTOSCALE: 1
L_LINEOPT: 1
L_ICURV: 1
CALC_STRESS: 0
CALC_PRES: 0
TWTIME: 1E+09
MAXIT_SCF: 100
MINIT_SCF: 2
MAXIT_POISSON: 3000
TOL_SCF: 1.00E-04
POISSON_SOLVER: AAR
TOL_POISSON: 1.00E-06
TOL_LANCZOS: 1.00E-02
TOL_PSEUDOCHARGE: 1.00E-07
MIXING_VARIABLE: density
MIXING_PRECOND: kerker
MIXING_PRECOND_MAG: none
TOL_PRECOND: 7.96E-05
PRECOND_KERKER_KTF: 1
PRECOND_KERKER_THRESH: 0.1
MIXING_PARAMETER: 0.3
MIXING_PARAMETER_MAG: 0.3
MIXING_HISTORY: 7
PULAY_FREQUENCY: 1
PULAY_RESTART: 0
REFERENCE_CUTOFF: 0.5
RHO_TRIGGER: 4
FIX_RAND: 0
VERBOSITY: 1
PRINT_FORCES: 1
PRINT_ATOMS: 1
PRINT_EIGEN: 0
PRINT_DENSITY: 0
PRINT_VELS: 1
PRINT_RESTART: 1
PRINT_RESTART_FQ: 1
PRINT_ENERGY_DENSITY: 0
TOL_RELAX: 5.00E-04
PRINT_RELAXOUT: 1
D3_FLAG: 1
D3_RTHR: 1600
D3_CN_THR: 625
OUTPUT_FILE: SPARC
***************************************************************************
                                Cell                                       
***************************************************************************
Lattice vectors (Bohr):
18.897300000000001 0.000000000000000 0.000000000000000 
0.000000000000000 18.897300000000001 0.000000000000000 
0.000000000000000 0.000000000000000 18.897300000000001 
Volume: 6.7483760123E+03 (Bohr^3)
Density: 2.6695830178E-03 (amu/Bohr^3), 2.9915008428E-02 (g/cc)
***************************************************************************
                           Parallelization                                 
***************************************************************************
NP_SPIN_PARAL: 2
NP_KPOINT_PARAL: 1
NP_BAND_PARAL: 3
NP_DOMAIN_PARAL: 1 2 2
NP_DOMAIN_PHI_PARAL: 2 3 4
EIG_SERIAL_MAXNS: 1500
***************************************************************************
                             Initialization                                
***************************************************************************
Number of processors               :  24
Mesh spacing                       :  0.282049 (Bohr)
Number of symmetry adapted k-points:  1
Output printed to                  :  SPARC.out
Relax output printed to            :  SPARC.geopt
Total number of atom types         :  2
Total number of atoms              :  3
Total number of electrons          :  8
Atom type 1  (valence electrons)   :  H 1
Pseudopotential                    :  01_H_1_1.0_1.0_pbe_v1.0.psp8
Atomic mass                        :  1.007975
Pseudocharge radii of atom type 1  :  3.95 3.95 3.95 (x, y, z dir)
Number of atoms of type 1          :  2
Atom type 2  (valence electrons)   :  O 6
Pseudopotential                    :  08_O_6_1.2_1.4_pbe_n_v1.0.psp8
Atomic mass                        :  15.9994
Pseudocharge radii of atom type 2  :  7.05 7.05 7.05 (x, y, z dir)
Number of atoms of type 2          :  1
Estimated total memory usage       :  426.58 MB
Estimated memory per processor     :  17.77 MB
========================================================================================
                    Self Consistent Field (SCF#1)                     
========================================================================================
Iteration     Free Energy (Ha/atom)    Magnetization     SCF Error        Timing (sec)
1            -5.8493016078E+00         3.3936E-10        4.543E-01        0.741
2            -6.0926975142E+00         3.3936E-10        4.134E-01        0.254
3            -6.0745520311E+00         3.3936E-10        3.780E-01        0.277
4            -5.9871763349E+00         2.4972E-10        1.477E-01        0.269
5            -5.9864056213E+00         3.3936E-10        1.221E-01        0.274
6            -5.9259172224E+00         3.3896E-10        8.399E-02        0.277
7            -5.9076352947E+00        -1.6941E-10        4.515E-02        0.269
8            -5.9085878767E+00        -2.0712E-10        5.987E-02        0.267
9            -5.9047152727E+00         1.4341E-10        1.034E-02        0.252
10           -5.9051545045E+00         8.3189E-11        7.141E-03        0.242
11           -5.9052854886E+00         2.9253E-11        8.246E-03        0.248
12           -5.9055627627E+00         1.0284E-11        7.221E-03        0.246
13           -5.9055522479E+00         3.8951E-12        1.955E-03        0.233
14           -5.9056079459E+00         1.5673E-11        7.198E-04        0.228
15           -5.9056121081E+00         8.5101E-12        6.370E-04        0.228
16           -5.9056178795E+00         7.9003E-13        4.696E-04        0.229
17           -5.9056222517E+00         6.1373E-13        1.263E-04        0.219
18           -5.9056239466E+00        -1.4881E-12        7.854E-05        0.233
Total number of SCF: 18    
====================================================================
                    Energy and force calculation                    
====================================================================
Free energy per atom               : -5.9056266278E+00 (Ha/atom)
Total free energy                  : -1.7716879883E+01 (Ha)
Band structure energy              : -4.0110848877E+00 (Ha)
Exchange correlation energy        : -4.8721061811E+00 (Ha)
Self and correction energy         : -2.6907782531E+01 (Ha)
-Entropy*kb*T                      : -1.1343358804E-11 (Ha)
Fermi level                        : -2.2921565257E-01 (Ha)
DFT-D3 correction                  : -8.0436016806E-06 (Ha)
RMS force                          :  4.2963004194E-03 (Ha/Bohr)
Maximum force                      :  5.6009439677E-03 (Ha/Bohr)
Time for force calculation         :  0.010 (sec)
Relax step time                    :  5.163 (sec)
========================================================================================
                    Self Consistent Field (SCF#2)                     
========================================================================================
Iteration     Free Energy (Ha/atom)    Magnetization     SCF Error        Timing (sec)
1            -5.9056780362E+00        -5.6216E-11        6.236E-03        0.238
2            -5.9056621070E+00        -4.2350E-11        3.980E-03        0.235
3            -5.9056491939E+00        -1.2782E-11        6.593E-04        0.223
4            -5.9056486503E+00        -3.5150E-12        2.708E-04        0.222
5            -5.9056485327E+00        -2.0148E-12        1.370E-04        0.208
6            -5.9056484687E+00        -7.9980E-13        9.653E-05        0.220
Total number of SCF: 6     
====================================================================
                    Energy and force calculation                    
====================================================================
Free energy per atom               : -5.9056511371E+00 (Ha/atom)
Total free energy                  : -1.7716953411E+01 (Ha)
Band structure energy              : -4.0157440635E+00 (Ha)
Exchange correlation energy        : -4.8743366670E+00 (Ha)
Self and correction energy         : -2.6907870685E+01 (Ha)
-Entropy*kb*T                      : -5.3614790037E-10 (Ha)
Fermi level                        : -2.3281400203E-01 (Ha)
DFT-D3 correction                  : -8.0054735141E-06 (Ha)
RMS force                          :  2.0897776369E-03 (Ha/Bohr)
Maximum force                      :  2.9612373427E-03 (Ha/Bohr)
Time for force calculation         :  0.010 (sec)
Relax step time                    :  1.443 (sec)
========================================================================================
                    Self Consistent Field (SCF#3)                     
========================================================================================
Iteration     Free Energy (Ha/atom)    Magnetization     SCF Error        Timing (sec)
1            -5.9056669033E+00         3.0198E-14        3.151E-03        0.238
2            -5.9056625554E+00        -8.1268E-14        2.018E-03        0.231
3            -5.9056590794E+00         8.9706E-14        3.284E-04        0.224
4            -5.9056588826E+00         3.1619E-13        1.345E-04        0.210
5            -5.9056589508E+00         2.1538E-13        8.121E-05        0.208
Total number of SCF: 5     
====================================================================
                    Energy and force calculation                    
====================================================================
Free energy per atom               : -5.9056616149E+00 (Ha/atom)
Total free energy                  : -1.7716984845E+01 (Ha)
Band structure energy              : -4.0174664824E+00 (Ha)
Exchange correlation energy        : -4.8754027931E+00 (Ha)
Self and correction energy         : -2.6907913748E+01 (Ha)
-Entropy*kb*T                      : -5.3765125177E-10 (Ha)
Fermi level                        : -2.3287549170E-01 (Ha)
DFT-D3 correction                  : -7.9925202290E-06 (Ha)
RMS force                          :  8.9499247984E-04 (Ha/Bohr)
Maximum force                      :  1.3421730509E-03 (Ha/Bohr)
Time for force calculation         :  0.010 (sec)
Relax step time                    :  1.202 (sec)
========================================================================================
                    Self Consistent Field (SCF#4)                     
========================================================================================
Iteration     Free Energy (Ha/atom)    Magnetization     SCF Error        Timing (sec)
1            -5.9056643998E+00         1.5055E-13        3.965E-04        0.221
2            -5.9056659690E+00         1.1546E-13        2.785E-04        0.209
3            -5.9056671422E+00         6.9278E-14        6.374E-05        0.202
Total number of SCF: 3     
====================================================================
                    Energy and force calculation                    
====================================================================
Free energy per atom               : -5.9056698050E+00 (Ha/atom)
Total free energy                  : -1.7717009415E+01 (Ha)
Band structure energy              : -4.0183603040E+00 (Ha)
Exchange correlation energy        : -4.8762031189E+00 (Ha)
Self and correction energy         : -2.6907945986E+01 (Ha)
-Entropy*kb*T                      : -5.3786444529E-10 (Ha)
Fermi level                        : -2.3288176176E-01 (Ha)
DFT-D3 correction                  : -7.9883313376E-06 (Ha)
RMS force                          :  4.8359731683E-04 (Ha/Bohr)
Maximum force                      :  4.9571009202E-04 (Ha/Bohr)
Time for force calculation         :  0.010 (sec)
Relax step time                    :  0.700 (sec)
***************************************************************************
                               Timing info                                 
***************************************************************************
Total walltime                     :  8.542 sec
___________________________________________________________________________

***************************************************************************
*             Material Physics & Mechanics Group, Georgia Tech            *
*                       PI: Phanish Suryanarayana                         *
*               List of contributors: See the documentation               *
*         Citation: See README.md or the documentation for details        *
*  Acknowledgements: U.S. DOE SC (DE-SC0019410), U.S. DOE NNSA (ASC)      *
*      {Preliminary developments: U.S. NSF (1333500,1663244,1553212)}     *
***************************************************************************
                                                                           
