***************************************************************************
*                       SPARC (version Jul 10, 2023)                      *
*   Copyright (c) 2020 Material Physics & Mechanics Group, Georgia Tech   *
*           Distributed under GNU General Public License 3 (GPL)          *
*                   Start time: Tue Jul 25 00:55:54 2023                  *
***************************************************************************
                           Input parameters                                
***************************************************************************
LATVEC_SCALE: 1 1 1 
LATVEC:
0 3.70386 3.70386 
3.70386 0 3.70386 
3.70386 3.70386 0 
FD_GRID: 19 19 19
FD_ORDER: 12
BC: P P P
KPOINT_GRID: 5 5 5
KPOINT_SHIFT: 0 0 0
SPIN_TYP: 0
ELEC_TEMP_TYPE: Gaussian
SMEARING: 0.007349864435
EXCHANGE_CORRELATION: GGA_PBE
NSTATES: 15
CHEB_DEGREE: 32
CHEFSI_BOUND_FLAG: 0
CALC_STRESS: 0
CALC_PRES: 0
MAXIT_SCF: 100
MINIT_SCF: 2
MAXIT_POISSON: 3000
TOL_SCF: 1.00E-05
POISSON_SOLVER: AAR
TOL_POISSON: 1.00E-07
TOL_LANCZOS: 1.00E-02
TOL_PSEUDOCHARGE: 1.00E-08
MIXING_VARIABLE: density
MIXING_PRECOND: kerker
TOL_PRECOND: 7.60E-05
PRECOND_KERKER_KTF: 1
PRECOND_KERKER_THRESH: 0.1
MIXING_PARAMETER: 0.3
MIXING_HISTORY: 7
PULAY_FREQUENCY: 1
PULAY_RESTART: 0
REFERENCE_CUTOFF: 0.5
RHO_TRIGGER: 4
FIX_RAND: 0
VERBOSITY: 1
PRINT_FORCES: 1
PRINT_ATOMS: 1
PRINT_EIGEN: 0
PRINT_DENSITY: 0
PRINT_ENERGY_DENSITY: 0
D3_FLAG: 1
D3_RTHR: 1600
D3_CN_THR: 625
OUTPUT_FILE: SPARC
***************************************************************************
                                Cell                                       
***************************************************************************
Lattice vectors (Bohr):
0.000000000000000 3.703860000000000 3.703860000000000 
3.703860000000000 0.000000000000000 3.703860000000000 
3.703860000000000 3.703860000000000 0.000000000000000 
Volume: 1.0162339129E+02 (Bohr^3)
Density: 1.9196761447E+00 (amu/Bohr^3), 2.1511647200E+01 (g/cc)
***************************************************************************
                           Parallelization                                 
***************************************************************************
NP_SPIN_PARAL: 1
NP_KPOINT_PARAL: 8
NP_BAND_PARAL: 3
NP_DOMAIN_PARAL: 1 1 1
NP_DOMAIN_PHI_PARAL: 2 3 3
EIG_SERIAL_MAXNS: 1500
***************************************************************************
                             Initialization                                
***************************************************************************
Number of processors               :  24
Mesh spacing                       :  0.275687 (Bohr)
Number of symmetry adapted k-points:  63
Output printed to                  :  SPARC.out
Total number of atom types         :  1
Total number of atoms              :  1
Total number of electrons          :  18
Atom type 1  (valence electrons)   :  Pt 18
Pseudopotential                    :  78_Pt_18_2.2_2.4_pbe_n_v1.0.psp8
Atomic mass                        :  195.084
Pseudocharge radii of atom type 1  :  6.89 6.89 6.89 (x, y, z dir)
Number of atoms of type 1          :  1
Estimated total memory usage       :  186.39 MB
Estimated memory per processor     :  7.77 MB
===================================================================
                    Self Consistent Field (SCF#1)                     
===================================================================
Iteration     Free Energy (Ha/atom)   SCF Error        Timing (sec)
1            -1.2931722091E+02        4.731E-02        4.893
2            -1.2930469048E+02        2.607E-02        1.198
3            -1.2929993759E+02        6.575E-03        1.187
4            -1.2929992023E+02        9.136E-04        1.191
5            -1.2929991912E+02        5.090E-04        1.190
6            -1.2929992101E+02        5.147E-05        1.185
7            -1.2929991996E+02        3.250E-05        1.191
8            -1.2929992003E+02        8.953E-06        1.223
Total number of SCF: 8     
====================================================================
                    Energy and force calculation                    
====================================================================
Free energy per atom               : -1.2932462373E+02 (Ha/atom)
Total free energy                  : -1.2932462373E+02 (Ha)
Band structure energy              : -1.1039022882E+01 (Ha)
Exchange correlation energy        : -2.2517009649E+01 (Ha)
Self and correction energy         : -1.5347023895E+02 (Ha)
-Entropy*kb*T                      : -2.2951619379E-03 (Ha)
Fermi level                        :  5.0719990265E-01 (Ha)
DFT-D3 correction                  : -2.4703697315E-02 (Ha)
RMS force                          :  0.0000000000E+00 (Ha/Bohr)
Maximum force                      :  0.0000000000E+00 (Ha/Bohr)
Time for force calculation         :  0.035 (sec)
***************************************************************************
                               Timing info                                 
***************************************************************************
Total walltime                     :  13.435 sec
___________________________________________________________________________

***************************************************************************
*             Material Physics & Mechanics Group, Georgia Tech            *
*                       PI: Phanish Suryanarayana                         *
*               List of contributors: See the documentation               *
*         Citation: See README.md or the documentation for details        *
*  Acknowledgements: U.S. DOE SC (DE-SC0019410), U.S. DOE NNSA (ASC)      *
*      {Preliminary developments: U.S. NSF (1333500,1663244,1553212)}     *
***************************************************************************
                                                                           
