***************************************************************************
*                       SPARC (version Jul 10, 2023)                      *
*   Copyright (c) 2020 Material Physics & Mechanics Group, Georgia Tech   *
*           Distributed under GNU General Public License 3 (GPL)          *
*                   Start time: Mon Jul 24 22:14:23 2023                  *
***************************************************************************
                           Input parameters                                
***************************************************************************
LATVEC_SCALE: 1 1 1 
LATVEC:
9.41247 0 0 
-1.65636 9.81786 0 
-2.86914 -0.53354 12.4777 
FD_GRID: 27 28 36
FD_ORDER: 12
BC: P P P
KPOINT_GRID: 2 2 1
KPOINT_SHIFT: 0.5 0.5 0
SPIN_TYP: 0
ELEC_TEMP_TYPE: Gaussian
SMEARING: 0.007349864435
EXCHANGE_CORRELATION: GGA_PBE
NSTATES: 45
CHEB_DEGREE: 23
CHEFSI_BOUND_FLAG: 0
CALC_STRESS: 0
CALC_PRES: 0
MAXIT_SCF: 100
MINIT_SCF: 2
MAXIT_POISSON: 3000
TOL_SCF: 1.00E-04
POISSON_SOLVER: AAR
TOL_POISSON: 1.00E-06
TOL_LANCZOS: 1.00E-02
TOL_PSEUDOCHARGE: 1.00E-07
MIXING_VARIABLE: density
MIXING_PRECOND: kerker
TOL_PRECOND: 1.25E-04
PRECOND_KERKER_KTF: 1
PRECOND_KERKER_THRESH: 0.1
MIXING_PARAMETER: 0.3
MIXING_HISTORY: 7
PULAY_FREQUENCY: 1
PULAY_RESTART: 0
REFERENCE_CUTOFF: 0.5
RHO_TRIGGER: 4
FIX_RAND: 0
VERBOSITY: 1
PRINT_FORCES: 1
PRINT_ATOMS: 1
PRINT_EIGEN: 0
PRINT_DENSITY: 0
PRINT_ENERGY_DENSITY: 0
D3_FLAG: 1
D3_RTHR: 1600
D3_CN_THR: 625
OUTPUT_FILE: SPARC
***************************************************************************
                                Cell                                       
***************************************************************************
Lattice vectors (Bohr):
9.412470000000001 0.000000000000000 0.000000000000000 
-1.656360000000000 9.817860000000000 0.000000000000000 
-2.869140000000000 -0.533540000000000 12.477700000000000 
Volume: 1.1530681590E+03 (Bohr^3)
Density: 1.5616690445E-01 (amu/Bohr^3), 1.7499865078E+00 (g/cc)
***************************************************************************
                           Parallelization                                 
***************************************************************************
NP_SPIN_PARAL: 1
NP_KPOINT_PARAL: 2
NP_BAND_PARAL: 12
NP_DOMAIN_PARAL: 1 1 1
NP_DOMAIN_PHI_PARAL: 2 3 4
EIG_SERIAL_MAXNS: 1500
***************************************************************************
                             Initialization                                
***************************************************************************
Number of processors               :  24
Mesh spacing in x-direction        :  0.34861 (Bohr)
Mesh spacing in y-direction        :  0.355593 (Bohr)
Mesh spacing in z-direction        :  0.355956 (Bohr)
Number of symmetry adapted k-points:  2
Output printed to                  :  SPARC.out
Total number of atom types         :  5
Total number of atoms              :  18
Total number of electrons          :  68
Atom type 1  (valence electrons)   :  C 4
Pseudopotential                    :  06_C_4_1.2_1.2_pbe_n_v1.0.psp8
Atomic mass                        :  12.0106
Pseudocharge radii of atom type 1  :  6.97 7.11 7.12 (x, y, z dir)
Number of atoms of type 1          :  5
Atom type 2  (valence electrons)   :  H 1
Pseudopotential                    :  01_H_1_1.0_1.0_pbe_v1.0.psp8
Atomic mass                        :  1.007975
Pseudocharge radii of atom type 2  :  3.83 3.91 3.92 (x, y, z dir)
Number of atoms of type 2          :  5
Atom type 3  (valence electrons)   :  Li 3
Pseudopotential                    :  03_Li_3_1.6_1.6_pbe_v1.0.psp8
Atomic mass                        :  6.9675
Pseudocharge radii of atom type 3  :  4.53 4.62 4.63 (x, y, z dir)
Number of atoms of type 3          :  1
Atom type 4  (valence electrons)   :  N 5
Pseudopotential                    :  07_N_5_1.2_1.4_pbe_n_v1.0.psp8
Atomic mass                        :  14.006855
Pseudocharge radii of atom type 4  :  6.97 6.76 6.76 (x, y, z dir)
Number of atoms of type 4          :  2
Atom type 5  (valence electrons)   :  O 6
Pseudopotential                    :  08_O_6_1.2_1.4_pbe_n_v1.0.psp8
Atomic mass                        :  15.9994
Pseudocharge radii of atom type 5  :  6.97 7.11 6.76 (x, y, z dir)
Number of atoms of type 5          :  5
Estimated total memory usage       :  273.68 MB
Estimated memory per processor     :  11.40 MB
===================================================================
                    Self Consistent Field (SCF#1)                     
===================================================================
Iteration     Free Energy (Ha/atom)   SCF Error        Timing (sec)
1            -7.9967694646E+00        1.308E-01        1.169
2            -7.9872356534E+00        7.544E-02        0.300
3            -7.9840162372E+00        3.988E-02        0.303
4            -7.9833240188E+00        7.817E-03        0.298
5            -7.9832912305E+00        4.965E-03        0.298
6            -7.9832867122E+00        2.830E-03        0.298
7            -7.9832860798E+00        1.213E-03        0.298
8            -7.9832861791E+00        6.310E-04        0.293
9            -7.9832863460E+00        2.418E-04        0.292
10           -7.9832861981E+00        1.164E-04        0.292
11           -7.9832866079E+00        4.513E-05        0.289
Total number of SCF: 11    
====================================================================
                    Energy and force calculation                    
====================================================================
Free energy per atom               : -7.9856549783E+00 (Ha/atom)
Total free energy                  : -1.4374178961E+02 (Ha)
Band structure energy              : -2.2861104473E+01 (Ha)
Exchange correlation energy        : -4.1145949698E+01 (Ha)
Self and correction energy         : -2.2253942458E+02 (Ha)
-Entropy*kb*T                      : -2.9970134368E-08 (Ha)
Fermi level                        :  8.1423930350E-02 (Ha)
DFT-D3 correction                  : -4.2630666843E-02 (Ha)
RMS force                          :  8.5750576697E-03 (Ha/Bohr)
Maximum force                      :  2.1203388795E-02 (Ha/Bohr)
Time for force calculation         :  0.069 (sec)
***************************************************************************
                               Timing info                                 
***************************************************************************
Total walltime                     :  4.738 sec
___________________________________________________________________________

***************************************************************************
*             Material Physics & Mechanics Group, Georgia Tech            *
*                       PI: Phanish Suryanarayana                         *
*               List of contributors: See the documentation               *
*         Citation: See README.md or the documentation for details        *
*  Acknowledgements: U.S. DOE SC (DE-SC0019410), U.S. DOE NNSA (ASC)      *
*      {Preliminary developments: U.S. NSF (1333500,1663244,1553212)}     *
***************************************************************************
                                                                           
