***************************************************************************
*                       SPARC (version Jul 10, 2023)                      *
*   Copyright (c) 2020 Material Physics & Mechanics Group, Georgia Tech   *
*           Distributed under GNU General Public License 3 (GPL)          *
*                   Start time: Tue Jul 25 00:03:42 2023                  *
***************************************************************************
                           Input parameters                                
***************************************************************************
LATVEC_SCALE: 1 1 1 
LATVEC:
24.5664 0 0 
0 24.5664 0 
0 0 24.5664 
FD_GRID: 88 88 88
FD_ORDER: 12
BC: P P P
KPOINT_GRID: 1 1 1
KPOINT_SHIFT: 0 0 0
SPIN_TYP: 0
ELEC_TEMP_TYPE: Gaussian
SMEARING: 0.007349864435
EXCHANGE_CORRELATION: GGA_PBE
NSTATES: 7
CHEB_DEGREE: 27
CHEFSI_BOUND_FLAG: 0
CALC_STRESS: 0
CALC_PRES: 0
MAXIT_SCF: 100
MINIT_SCF: 2
MAXIT_POISSON: 3000
TOL_SCF: 1.00E-05
POISSON_SOLVER: AAR
TOL_POISSON: 1.00E-07
TOL_LANCZOS: 1.00E-02
TOL_PSEUDOCHARGE: 1.00E-08
MIXING_VARIABLE: density
MIXING_PRECOND: kerker
TOL_PRECOND: 7.79E-05
PRECOND_KERKER_KTF: 1
PRECOND_KERKER_THRESH: 0.1
MIXING_PARAMETER: 0.3
MIXING_HISTORY: 7
PULAY_FREQUENCY: 1
PULAY_RESTART: 0
REFERENCE_CUTOFF: 0.5
RHO_TRIGGER: 4
FIX_RAND: 0
VERBOSITY: 1
PRINT_FORCES: 1
PRINT_ATOMS: 1
PRINT_EIGEN: 0
PRINT_DENSITY: 0
PRINT_ENERGY_DENSITY: 0
D3_FLAG: 1
D3_RTHR: 1600
D3_CN_THR: 625
OUTPUT_FILE: SPARC
***************************************************************************
                                Cell                                       
***************************************************************************
Lattice vectors (Bohr):
24.566400000000002 0.000000000000000 0.000000000000000 
0.000000000000000 24.566400000000002 0.000000000000000 
0.000000000000000 0.000000000000000 24.566400000000002 
Volume: 1.4826019151E+04 (Bohr^3)
Density: 8.1010282514E-04 (amu/Bohr^3), 9.0779094263E-03 (g/cc)
***************************************************************************
                           Parallelization                                 
***************************************************************************
NP_SPIN_PARAL: 1
NP_KPOINT_PARAL: 1
NP_BAND_PARAL: 7
NP_DOMAIN_PARAL: 1 1 3
NP_DOMAIN_PHI_PARAL: 2 3 4
EIG_SERIAL_MAXNS: 1500
***************************************************************************
                             Initialization                                
***************************************************************************
Number of processors               :  24
Mesh spacing                       :  0.279164 (Bohr)
Number of symmetry adapted k-points:  1
Output printed to                  :  SPARC.out
Total number of atom types         :  1
Total number of atoms              :  1
Total number of electrons          :  4
Atom type 1  (valence electrons)   :  C 4
Pseudopotential                    :  06_C_4_1.2_1.2_pbe_n_v1.0.psp8
Atomic mass                        :  12.0106
Pseudocharge radii of atom type 1  :  7.54 7.54 7.54 (x, y, z dir)
Number of atoms of type 1          :  1
Estimated total memory usage       :  420.36 MB
Estimated memory per processor     :  17.52 MB
===================================================================
                    Self Consistent Field (SCF#1)                     
===================================================================
Iteration     Free Energy (Ha/atom)   SCF Error        Timing (sec)
1            -5.6742204209E+00        3.822E-01        1.093
2            -5.6931171788E+00        2.086E-01        0.518
3            -5.6977122160E+00        1.877E-01        0.536
4            -5.6977942109E+00        1.543E-01        0.515
5            -5.6973771977E+00        1.013E-01        0.512
6            -5.6971284308E+00        4.995E-02        0.464
7            -5.6970963237E+00        3.760E-02        0.489
8            -5.6970643413E+00        1.668E-02        0.458
9            -5.6970636362E+00        1.302E-02        0.492
10           -5.6970607322E+00        6.240E-04        0.452
11           -5.6970627711E+00        6.317E-04        0.387
12           -5.6970633268E+00        7.352E-05        0.430
13           -5.6970641732E+00        7.696E-05        0.387
14           -5.6970644859E+00        2.079E-05        0.382
15           -5.6970648097E+00        1.448E-05        0.381
16           -5.6970650079E+00        1.028E-05        0.358
17           -5.6970650733E+00        7.900E-06        0.356
Total number of SCF: 17    
====================================================================
                    Energy and force calculation                    
====================================================================
Free energy per atom               : -5.6970659351E+00 (Ha/atom)
Total free energy                  : -5.6970659351E+00 (Ha)
Band structure energy              : -1.3921185377E+00 (Ha)
Exchange correlation energy        : -1.7937503893E+00 (Ha)
Self and correction energy         : -1.0349785740E+01 (Ha)
-Entropy*kb*T                      : -1.1338069624E-02 (Ha)
Fermi level                        : -1.9490287425E-01 (Ha)
DFT-D3 correction                  : -8.6183098773E-07 (Ha)
RMS force                          :  0.0000000000E+00 (Ha/Bohr)
Maximum force                      :  0.0000000000E+00 (Ha/Bohr)
Time for force calculation         :  0.013 (sec)
***************************************************************************
                               Timing info                                 
***************************************************************************
Total walltime                     :  8.815 sec
___________________________________________________________________________

***************************************************************************
*             Material Physics & Mechanics Group, Georgia Tech            *
*                       PI: Phanish Suryanarayana                         *
*               List of contributors: See the documentation               *
*         Citation: See README.md or the documentation for details        *
*  Acknowledgements: U.S. DOE SC (DE-SC0019410), U.S. DOE NNSA (ASC)      *
*      {Preliminary developments: U.S. NSF (1333500,1663244,1553212)}     *
***************************************************************************
                                                                           
