***************************************************************************
*                       SPARC (version Jul 10, 2023)                      *
*   Copyright (c) 2020 Material Physics & Mechanics Group, Georgia Tech   *
*           Distributed under GNU General Public License 3 (GPL)          *
*                   Start time: Mon Jul 24 21:44:31 2023                  *
***************************************************************************
                           Input parameters                                
***************************************************************************
LATVEC_SCALE: 1 1 1 
LATVEC:
5.23805 0 0 
2.61903 4.53629 0 
0 0 35.0099 
FD_GRID: 19 19 125
FD_ORDER: 12
BC: P P P
KPOINT_GRID: 4 4 1
KPOINT_SHIFT: 0.5 0.5 0
SPIN_TYP: 1
ELEC_TEMP_TYPE: Gaussian
SMEARING: 0.007349864435
EXCHANGE_CORRELATION: GGA_PBE
NSTATES: 41
CHEB_DEGREE: 30
CHEFSI_BOUND_FLAG: 0
RELAX_FLAG: 1
RELAX_METHOD: LBFGS
RELAX_NITER: 300
L_HISTORY: 20
L_FINIT_STP: 0.005
L_MAXMOV: 0.2
L_AUTOSCALE: 1
L_LINEOPT: 1
L_ICURV: 1
CALC_STRESS: 0
CALC_PRES: 0
TWTIME: 1E+09
MAXIT_SCF: 100
MINIT_SCF: 2
MAXIT_POISSON: 3000
TOL_SCF: 1.00E-04
POISSON_SOLVER: AAR
TOL_POISSON: 1.00E-06
TOL_LANCZOS: 1.00E-02
TOL_PSEUDOCHARGE: 1.00E-07
MIXING_VARIABLE: density
MIXING_PRECOND: kerker
MIXING_PRECOND_MAG: none
TOL_PRECOND: 7.68E-05
PRECOND_KERKER_KTF: 1
PRECOND_KERKER_THRESH: 0.1
MIXING_PARAMETER: 0.3
MIXING_PARAMETER_MAG: 0.3
MIXING_HISTORY: 7
PULAY_FREQUENCY: 1
PULAY_RESTART: 0
REFERENCE_CUTOFF: 0.5
RHO_TRIGGER: 4
FIX_RAND: 0
VERBOSITY: 1
PRINT_FORCES: 1
PRINT_ATOMS: 1
PRINT_EIGEN: 0
PRINT_DENSITY: 0
PRINT_VELS: 1
PRINT_RESTART: 1
PRINT_RESTART_FQ: 1
PRINT_ENERGY_DENSITY: 0
TOL_RELAX: 5.00E-04
PRINT_RELAXOUT: 1
D3_FLAG: 1
D3_RTHR: 1600
D3_CN_THR: 625
OUTPUT_FILE: SPARC
***************************************************************************
                                Cell                                       
***************************************************************************
Lattice vectors (Bohr):
5.238050000000000 0.000000000000000 0.000000000000000 
2.619030000000000 4.536290000000000 0.000000000000000 
0.000000000000000 0.000000000000000 35.009900000000002 
Volume: 8.3188122121E+02 (Bohr^3)
Density: 7.2276111621E-01 (amu/Bohr^3), 8.0991693230E+00 (g/cc)
***************************************************************************
                           Parallelization                                 
***************************************************************************
NP_SPIN_PARAL: 2
NP_KPOINT_PARAL: 4
NP_BAND_PARAL: 3
NP_DOMAIN_PARAL: 1 1 1
NP_DOMAIN_PHI_PARAL: 1 2 12
EIG_SERIAL_MAXNS: 1500
***************************************************************************
                             Initialization                                
***************************************************************************
Number of processors               :  24
Mesh spacing in x-direction        :  0.275687 (Bohr)
Mesh spacing in y-direction        :  0.275687 (Bohr)
Mesh spacing in z-direction        :  0.280079 (Bohr)
Number of symmetry adapted k-points:  8
Output printed to                  :  SPARC.out
Relax output printed to            :  SPARC.geopt
Total number of atom types         :  2
Total number of atoms              :  4
Total number of electrons          :  60
Atom type 1  (valence electrons)   :  O 6
Pseudopotential                    :  08_O_6_1.2_1.4_pbe_n_v1.0.psp8
Atomic mass                        :  15.9994
Pseudocharge radii of atom type 1  :  7.17 7.17 7.00 (x, y, z dir)
Number of atoms of type 1          :  1
Atom type 2  (valence electrons)   :  Pt 18
Pseudopotential                    :  78_Pt_18_2.2_2.4_pbe_n_v1.0.psp8
Atomic mass                        :  195.084
Pseudocharge radii of atom type 2  :  6.62 6.62 6.72 (x, y, z dir)
Number of atoms of type 2          :  3
Estimated total memory usage       :  1.84 GB
Estimated memory per processor     :  78.46 MB
========================================================================================
                    Self Consistent Field (SCF#1)                     
========================================================================================
Iteration     Free Energy (Ha/atom)    Magnetization     SCF Error        Timing (sec)
1            -1.0085968071E+02         5.4349E+00        4.206E-01        13.196
2            -1.0740436061E+02         2.2342E-01        4.902E-01        3.314
3            -1.0724580807E+02         3.7892E-03        4.688E-01        3.329
4            -1.0292600328E+02         5.3271E-01        3.051E-01        3.637
5            -1.0439989362E+02        -1.6955E-01        4.074E-01        3.321
6            -1.0489123677E+02         2.6790E-01        2.346E-01        3.322
7            -1.0502967921E+02        -1.1448E-02        1.635E-01        3.297
8            -1.0472607690E+02        -2.2801E-02        1.420E-01        3.316
9            -1.0400642023E+02        -1.3048E-01        2.780E-01        3.313
10           -1.0392259198E+02        -2.2786E-02        2.793E-01        3.301
11           -1.0385790369E+02        -4.7043E-02        2.566E-01        3.301
12           -1.0356398347E+02        -1.2201E-01        8.480E-02        3.585
13           -1.0354412926E+02        -5.8934E-02        1.300E-01        3.303
14           -1.0332033798E+02         7.4924E-02        1.968E-01        3.304
15           -1.0318949398E+02        -7.2758E-02        1.472E-01        3.341
16           -1.0280154293E+02         1.9758E-01        9.569E-02        3.321
17           -1.0235365246E+02         4.1287E-01        1.383E-01        3.312
18           -1.0209582355E+02         5.6314E-01        1.156E-01        3.338
19           -1.0192047828E+02         4.8835E-01        1.329E-01        3.311
20           -1.0174069290E+02         9.7296E-01        1.207E-01        3.311
21           -1.0189092235E+02         4.1139E-01        1.077E-01        3.344
22           -1.0152125641E+02         1.2084E+00        1.182E-01        3.316
23           -1.0131485295E+02         1.5585E+00        1.164E-01        3.303
24           -1.0122863864E+02         2.0453E+00        1.159E-01        3.334
25           -1.0119342289E+02         1.1133E+00        1.397E-01        3.297
26           -1.0118817147E+02         1.0827E+00        1.409E-01        3.323
27           -1.0191238848E+02         4.9320E-01        1.126E-01        3.363
28           -1.0152639827E+02        -7.4472E-02        8.893E-02        3.311
29           -1.0136917812E+02         6.2992E-01        4.377E-02        3.305
30           -1.0132754255E+02         5.0576E-01        3.475E-02        3.350
31           -1.0117045728E+02         5.8470E-01        3.690E-02        3.302
32           -1.0113050035E+02         7.3212E-01        3.329E-02        3.306
33           -1.0110242622E+02         9.1857E-01        2.657E-02        3.327
34           -1.0109139385E+02         1.1495E+00        3.147E-02        3.310
35           -1.0110322088E+02         1.3723E+00        1.554E-02        3.298
36           -1.0109857282E+02         1.4997E+00        1.484E-02        3.315
37           -1.0110854365E+02         1.4911E+00        2.512E-02        3.290
38           -1.0110765027E+02         1.4967E+00        2.141E-02        3.300
39           -1.0109787092E+02         1.5061E+00        2.666E-02        3.328
40           -1.0108157870E+02         1.4311E+00        2.644E-02        3.293
41           -1.0109410405E+02         1.4277E+00        2.656E-02        3.300
42           -1.0108187137E+02         1.3710E+00        3.209E-02        3.335
43           -1.0107335479E+02         1.4121E+00        3.601E-02        3.298
44           -1.0107957063E+02         1.5870E+00        2.678E-02        3.288
45           -1.0107892591E+02         1.6695E+00        2.651E-02        3.338
46           -1.0109360496E+02         1.7689E+00        1.616E-02        3.298
47           -1.0109139163E+02         2.0736E+00        2.182E-02        3.292
48           -1.0108783550E+02         1.2127E+00        1.513E-02        3.330
49           -1.0106473810E+02         3.2030E-01        2.378E-02        3.294
50           -1.0106621857E+02         3.8512E-01        2.305E-02        3.297
51           -1.0106977798E+02         4.9831E-01        1.971E-02        3.326
52           -1.0107671990E+02         9.3713E-01        1.270E-02        3.296
53           -1.0107514937E+02         1.0485E+00        1.311E-02        3.295
54           -1.0107355278E+02         1.0583E+00        1.235E-02        3.351
55           -1.0107100234E+02         9.4933E-01        1.357E-02        3.304
56           -1.0107966706E+02         1.5963E+00        1.528E-02        3.297
57           -1.0107491052E+02         1.3324E+00        1.470E-02        3.305
58           -1.0106823089E+02         7.8436E-01        1.452E-02        3.312
59           -1.0106753651E+02         7.6037E-01        1.500E-02        3.306
60           -1.0108044538E+02         2.0939E+00        2.447E-02        3.301
61           -1.0106105590E+02         1.1752E-01        2.219E-02        3.298
62           -1.0107022856E+02         7.5637E-01        1.581E-02        3.298
63           -1.0106532014E+02         5.6554E-01        1.594E-02        3.338
64           -1.0108919810E+02         2.8320E+00        4.417E-02        3.300
65           -1.0110094562E+02         3.1172E+00        5.233E-02        3.300
66           -1.0107189494E+02         1.0667E+00        1.850E-02        3.294
67           -1.0106625976E+02         7.5440E-01        1.347E-02        3.297
68           -1.0106191276E+02         3.9879E-01        1.850E-02        3.296
69           -1.0106028719E+02         2.8952E-01        2.098E-02        3.277
70           -1.0105962403E+02         1.5712E-01        2.305E-02        3.299
71           -1.0105881283E+02         1.7340E-01        2.526E-02        3.288
72           -1.0105893012E+02         2.0366E-01        2.523E-02        3.318
73           -1.0106477641E+02         7.7844E-01        1.408E-02        3.309
74           -1.0107180734E+02         1.7312E+00        1.709E-02        3.291
75           -1.0107337279E+02         2.1955E+00        2.140E-02        3.306
76           -1.0106377863E+02         7.3227E-01        1.457E-02        3.299
77           -1.0106228751E+02         5.3816E-01        1.740E-02        3.302
78           -1.0105627559E+02        -1.1191E-01        3.189E-02        3.521
79           -1.0105317784E+02        -5.5034E-01        4.163E-02        3.290
80           -1.0105483160E+02        -3.3269E-01        3.777E-02        3.279
81           -1.0105483951E+02        -2.7682E-01        3.735E-02        3.278
82           -1.0105466772E+02        -2.8668E-01        3.782E-02        3.287
83           -1.0106733831E+02         1.3993E+00        1.960E-02        3.296
84           -1.0106929808E+02         2.1308E+00        1.784E-02        3.315
85           -1.0107622120E+02         3.1914E+00        4.459E-02        3.310
86           -1.0108181165E+02         3.4264E+00        4.427E-02        3.300
87           -1.0108378733E+02         3.4933E+00        4.707E-02        3.310
88           -1.0108603333E+02         3.5513E+00        5.175E-02        3.299
89           -1.0108771677E+02         3.5424E+00        5.102E-02        3.302
90           -1.0108882552E+02         3.4406E+00        4.726E-02        3.300
91           -1.0107367640E+02         2.8725E+00        4.260E-02        3.306
92           -1.0106742718E+02         2.4625E+00        3.027E-02        3.296
93           -1.0106713067E+02         2.4775E+00        3.579E-02        3.298
94           -1.0106531302E+02         2.4314E+00        4.003E-02        3.283
95           -1.0106573454E+02         2.4645E+00        4.007E-02        3.296
96           -1.0106695035E+02         2.6032E+00        3.907E-02        3.295
97           -1.0106705775E+02         2.5677E+00        2.147E-02        3.291
98           -1.0106689974E+02         2.5655E+00        2.220E-02        3.289
99           -1.0106782676E+02         2.6137E+00        1.646E-02        3.295
100          -1.0107280541E+02         2.4314E+00        9.571E-03        3.312
Total number of SCF: 100   
WARNING: SCF#1 did not converge to desired accuracy!
====================================================================
                    Energy and force calculation                    
====================================================================
Free energy per atom               : -1.0108675063E+02 (Ha/atom)
Total free energy                  : -4.0434700253E+02 (Ha)
Band structure energy              : -6.5306900825E+01 (Ha)
Exchange correlation energy        : -7.1396756974E+01 (Ha)
Self and correction energy         : -4.8442403365E+02 (Ha)
-Entropy*kb*T                      : -5.4186018646E-03 (Ha)
Fermi level                        : -6.5070980599E-02 (Ha)
DFT-D3 correction                  : -5.5780899226E-02 (Ha)
RMS force                          :  2.1544048793E-02 (Ha/Bohr)
Maximum force                      :  5.5994906282E-02 (Ha/Bohr)
Time for force calculation         :  0.095 (sec)
Relax step time                    :  341.823 (sec)
========================================================================================
                    Self Consistent Field (SCF#2)                     
========================================================================================
Iteration     Free Energy (Ha/atom)    Magnetization     SCF Error        Timing (sec)
1            -1.0106744317E+02         2.2072E+00        1.410E-02        3.447
2            -1.0107089387E+02         2.6610E+00        3.709E-02        3.727
3            -1.0106666875E+02         2.4624E+00        5.518E-03        3.283
4            -1.0106658813E+02         2.4776E+00        5.568E-03        3.264
5            -1.0106646957E+02         2.4809E+00        3.397E-03        3.265
6            -1.0106619318E+02         2.5131E+00        2.468E-03        3.273
7            -1.0106592227E+02         2.5595E+00        1.799E-03        3.275
8            -1.0106579213E+02         2.5930E+00        1.427E-03        3.282
9            -1.0106567185E+02         2.6313E+00        1.340E-03        3.295
10           -1.0106551064E+02         2.7087E+00        9.356E-04        3.273
11           -1.0106550632E+02         2.7392E+00        7.779E-04        3.268
12           -1.0106548966E+02         2.7597E+00        6.237E-04        3.288
13           -1.0106549584E+02         2.7898E+00        4.581E-04        3.276
14           -1.0106551010E+02         2.8258E+00        6.435E-04        3.240
15           -1.0106551179E+02         2.8200E+00        2.512E-04        3.275
16           -1.0106552234E+02         2.8321E+00        3.989E-04        3.259
17           -1.0106552437E+02         2.8413E+00        3.768E-04        3.272
18           -1.0106552772E+02         2.8369E+00        2.023E-04        3.290
19           -1.0106552155E+02         2.8404E+00        1.109E-04        3.262
20           -1.0106553142E+02         2.8509E+00        4.052E-04        3.268
21           -1.0106553033E+02         2.8508E+00        1.096E-04        3.296
22           -1.0106552204E+02         2.8463E+00        2.180E-04        3.260
23           -1.0106552101E+02         2.8490E+00        1.323E-04        3.242
24           -1.0106552217E+02         2.8505E+00        9.486E-05        3.270
Total number of SCF: 24    
====================================================================
                    Energy and force calculation                    
====================================================================
Free energy per atom               : -1.0107946454E+02 (Ha/atom)
Total free energy                  : -4.0431785816E+02 (Ha)
Band structure energy              : -5.8473881924E+01 (Ha)
Exchange correlation energy        : -7.1417039686E+01 (Ha)
Self and correction energy         : -4.8442411715E+02 (Ha)
-Entropy*kb*T                      : -4.9758599348E-03 (Ha)
Fermi level                        :  4.8515441815E-02 (Ha)
DFT-D3 correction                  : -5.5769473588E-02 (Ha)
RMS force                          :  9.0622214898E-03 (Ha/Bohr)
Maximum force                      :  1.8930510422E-02 (Ha/Bohr)
Time for force calculation         :  0.094 (sec)
Relax step time                    :  79.357 (sec)
========================================================================================
                    Self Consistent Field (SCF#3)                     
========================================================================================
Iteration     Free Energy (Ha/atom)    Magnetization     SCF Error        Timing (sec)
1            -1.0106569167E+02         2.7376E+00        7.202E-03        3.429
2            -1.0106737496E+02         3.1843E+00        2.871E-02        3.280
3            -1.0106556623E+02         2.8700E+00        3.233E-03        3.296
4            -1.0106554645E+02         2.8496E+00        1.213E-03        3.270
5            -1.0106554272E+02         2.8580E+00        1.316E-03        3.273
6            -1.0106554052E+02         2.8562E+00        8.464E-04        3.300
7            -1.0106553874E+02         2.8500E+00        1.886E-04        3.270
8            -1.0106553510E+02         2.8502E+00        1.394E-04        3.330
9            -1.0106553449E+02         2.8495E+00        4.776E-05        3.266
Total number of SCF: 9     
====================================================================
                    Energy and force calculation                    
====================================================================
Free energy per atom               : -1.0107947555E+02 (Ha/atom)
Total free energy                  : -4.0431790220E+02 (Ha)
Band structure energy              : -5.8481831008E+01 (Ha)
Exchange correlation energy        : -7.1416871375E+01 (Ha)
Self and correction energy         : -4.8442413989E+02 (Ha)
-Entropy*kb*T                      : -4.9777287463E-03 (Ha)
Fermi level                        :  4.8368444399E-02 (Ha)
DFT-D3 correction                  : -5.5764260739E-02 (Ha)
RMS force                          :  8.9488747516E-03 (Ha/Bohr)
Maximum force                      :  1.8791517100E-02 (Ha/Bohr)
Time for force calculation         :  0.093 (sec)
Relax step time                    :  29.895 (sec)
========================================================================================
                    Self Consistent Field (SCF#4)                     
========================================================================================
Iteration     Free Energy (Ha/atom)    Magnetization     SCF Error        Timing (sec)
1            -1.0106559485E+02         2.7297E+00        1.506E-02        3.420
2            -1.0106698216E+02         2.8627E+00        2.196E-02        3.270
3            -1.0106603747E+02         2.7143E+00        1.059E-02        3.313
4            -1.0106642413E+02         2.8375E+00        8.097E-03        3.272
5            -1.0106639275E+02         2.8081E+00        2.202E-03        3.270
6            -1.0106637907E+02         2.8113E+00        1.706E-03        3.300
7            -1.0106637982E+02         2.8109E+00        8.904E-04        3.270
8            -1.0106638638E+02         2.8212E+00        4.906E-04        3.308
9            -1.0106638251E+02         2.8278E+00        3.846E-04        3.294
10           -1.0106638543E+02         2.8327E+00        3.598E-04        3.274
11           -1.0106638695E+02         2.8436E+00        1.867E-04        3.264
12           -1.0106639100E+02         2.8473E+00        2.674E-04        3.297
13           -1.0106639581E+02         2.8519E+00        1.393E-04        3.267
14           -1.0106639742E+02         2.8548E+00        8.138E-05        3.266
Total number of SCF: 14    
====================================================================
                    Energy and force calculation                    
====================================================================
Free energy per atom               : -1.0108024230E+02 (Ha/atom)
Total free energy                  : -4.0432096921E+02 (Ha)
Band structure energy              : -5.8519325698E+01 (Ha)
Exchange correlation energy        : -7.1411168172E+01 (Ha)
Self and correction energy         : -4.8442276918E+02 (Ha)
-Entropy*kb*T                      : -4.9250728110E-03 (Ha)
Fermi level                        :  4.7157924767E-02 (Ha)
DFT-D3 correction                  : -5.5379528779E-02 (Ha)
RMS force                          :  7.3706589487E-03 (Ha/Bohr)
Maximum force                      :  1.6228423621E-02 (Ha/Bohr)
Time for force calculation         :  0.093 (sec)
Relax step time                    :  46.291 (sec)
========================================================================================
                    Self Consistent Field (SCF#5)                     
========================================================================================
Iteration     Free Energy (Ha/atom)    Magnetization     SCF Error        Timing (sec)
1            -1.0106680356E+02         2.7096E+00        1.760E-02        3.438
2            -1.0106846735E+02         2.8799E+00        2.372E-02        3.272
3            -1.0106753294E+02         2.6561E+00        1.373E-02        3.319
4            -1.0106790835E+02         2.7998E+00        9.731E-03        3.266
5            -1.0106792053E+02         2.8048E+00        3.327E-03        3.322
6            -1.0106790322E+02         2.8089E+00        2.399E-03        3.270
7            -1.0106786274E+02         2.8078E+00        1.151E-03        3.258
8            -1.0106788926E+02         2.8206E+00        7.815E-04        3.276
9            -1.0106789505E+02         2.8275E+00        5.380E-04        3.251
10           -1.0106789580E+02         2.8356E+00        3.800E-04        3.271
11           -1.0106789749E+02         2.8446E+00        2.571E-04        3.273
12           -1.0106789813E+02         2.8546E+00        1.854E-04        3.263
13           -1.0106790341E+02         2.8586E+00        1.848E-04        3.263
14           -1.0106790718E+02         2.8666E+00        9.242E-05        3.267
Total number of SCF: 14    
====================================================================
                    Energy and force calculation                    
====================================================================
Free energy per atom               : -1.0108159491E+02 (Ha/atom)
Total free energy                  : -4.0432637964E+02 (Ha)
Band structure energy              : -5.8508503114E+01 (Ha)
Exchange correlation energy        : -7.1405295326E+01 (Ha)
Self and correction energy         : -4.8442410952E+02 (Ha)
-Entropy*kb*T                      : -4.8670299933E-03 (Ha)
Fermi level                        :  4.6818987510E-02 (Ha)
DFT-D3 correction                  : -5.4750914388E-02 (Ha)
RMS force                          :  9.4755656250E-03 (Ha/Bohr)
Maximum force                      :  2.5382036787E-02 (Ha/Bohr)
Time for force calculation         :  0.093 (sec)
Relax step time                    :  46.214 (sec)
========================================================================================
                    Self Consistent Field (SCF#6)                     
========================================================================================
Iteration     Free Energy (Ha/atom)    Magnetization     SCF Error        Timing (sec)
1            -1.0106812070E+02         2.8704E+00        1.730E-02        3.413
2            -1.0106886908E+02         2.7476E+00        1.451E-02        3.287
3            -1.0107052399E+02         3.0929E+00        2.499E-02        3.304
4            -1.0106938761E+02         2.8752E+00        4.636E-03        3.646
5            -1.0106936649E+02         2.8219E+00        2.134E-03        3.264
6            -1.0106936032E+02         2.8467E+00        1.893E-03        3.267
7            -1.0106935592E+02         2.8322E+00        1.190E-03        3.257
8            -1.0106935193E+02         2.8445E+00        6.000E-04        3.260
9            -1.0106934975E+02         2.8488E+00        3.466E-04        3.267
10           -1.0106934737E+02         2.8549E+00        2.297E-04        3.258
11           -1.0106934534E+02         2.8583E+00        2.284E-04        3.277
12           -1.0106934508E+02         2.8621E+00        1.441E-04        3.266
13           -1.0106934658E+02         2.8648E+00        1.258E-04        3.256
14           -1.0106934822E+02         2.8696E+00        7.376E-05        3.251
Total number of SCF: 14    
====================================================================
                    Energy and force calculation                    
====================================================================
Free energy per atom               : -1.0108291177E+02 (Ha/atom)
Total free energy                  : -4.0433164709E+02 (Ha)
Band structure energy              : -5.8561180879E+01 (Ha)
Exchange correlation energy        : -7.1406477210E+01 (Ha)
Self and correction energy         : -4.8442222598E+02 (Ha)
-Entropy*kb*T                      : -4.8664549947E-03 (Ha)
Fermi level                        :  4.6322934507E-02 (Ha)
DFT-D3 correction                  : -5.4254199799E-02 (Ha)
RMS force                          :  1.0617292330E-02 (Ha/Bohr)
Maximum force                      :  2.9028739270E-02 (Ha/Bohr)
Time for force calculation         :  0.094 (sec)
Relax step time                    :  46.493 (sec)
========================================================================================
                    Self Consistent Field (SCF#7)                     
========================================================================================
Iteration     Free Energy (Ha/atom)    Magnetization     SCF Error        Timing (sec)
1            -1.0107014579E+02         2.8380E+00        1.641E-02        3.428
2            -1.0107079834E+02         2.8235E+00        1.247E-02        3.256
3            -1.0107136647E+02         2.8989E+00        8.886E-03        3.258
4            -1.0107133179E+02         2.7764E+00        4.288E-03        3.274
5            -1.0107130946E+02         2.8715E+00        2.752E-03        3.254
6            -1.0107129868E+02         2.8397E+00        1.460E-03        3.250
7            -1.0107129931E+02         2.8408E+00        9.284E-04        3.275
8            -1.0107129891E+02         2.8445E+00        2.556E-04        3.261
9            -1.0107129842E+02         2.8463E+00        1.870E-04        3.260
10           -1.0107129929E+02         2.8470E+00        1.050E-04        3.278
11           -1.0107130102E+02         2.8473E+00        7.664E-05        3.265
Total number of SCF: 11    
====================================================================
                    Energy and force calculation                    
====================================================================
Free energy per atom               : -1.0108473430E+02 (Ha/atom)
Total free energy                  : -4.0433893719E+02 (Ha)
Band structure energy              : -5.8648883959E+01 (Ha)
Exchange correlation energy        : -7.1413237001E+01 (Ha)
Self and correction energy         : -4.8442383299E+02 (Ha)
-Entropy*kb*T                      : -4.7779304137E-03 (Ha)
Fermi level                        :  4.5747897810E-02 (Ha)
DFT-D3 correction                  : -5.3733127846E-02 (Ha)
RMS force                          :  1.1570678825E-02 (Ha/Bohr)
Maximum force                      :  3.1137873511E-02 (Ha/Bohr)
Time for force calculation         :  0.094 (sec)
Relax step time                    :  36.255 (sec)
========================================================================================
                    Self Consistent Field (SCF#8)                     
========================================================================================
Iteration     Free Energy (Ha/atom)    Magnetization     SCF Error        Timing (sec)
1            -1.0107237992E+02         2.7942E+00        1.577E-02        3.413
2            -1.0107299463E+02         2.7681E+00        1.187E-02        3.288
3            -1.0107415026E+02         2.8341E+00        1.604E-02        3.258
4            -1.0107348831E+02         2.7528E+00        3.039E-03        3.269
5            -1.0107346913E+02         2.7865E+00        1.993E-03        4.085
6            -1.0107344752E+02         2.7744E+00        1.512E-03        4.226
7            -1.0107344601E+02         2.7740E+00        9.558E-04        3.275
8            -1.0107344093E+02         2.7698E+00        6.126E-04        3.272
9            -1.0107343731E+02         2.7709E+00        2.967E-04        3.638
10           -1.0107343340E+02         2.7701E+00        2.152E-04        3.259
11           -1.0107343014E+02         2.7688E+00        1.537E-04        3.589
12           -1.0107343136E+02         2.7647E+00        2.018E-04        3.256
13           -1.0107343076E+02         2.7657E+00        9.009E-05        3.272
Total number of SCF: 13    
====================================================================
                    Energy and force calculation                    
====================================================================
Free energy per atom               : -1.0108679163E+02 (Ha/atom)
Total free energy                  : -4.0434716651E+02 (Ha)
Band structure energy              : -5.8708505516E+01 (Ha)
Exchange correlation energy        : -7.1425318910E+01 (Ha)
Self and correction energy         : -4.8442373141E+02 (Ha)
-Entropy*kb*T                      : -4.5421446346E-03 (Ha)
Fermi level                        :  4.6029631481E-02 (Ha)
DFT-D3 correction                  : -5.3443452566E-02 (Ha)
RMS force                          :  1.5128789068E-02 (Ha/Bohr)
Maximum force                      :  4.0931457761E-02 (Ha/Bohr)
Time for force calculation         :  0.130 (sec)
Relax step time                    :  45.331 (sec)
========================================================================================
                    Self Consistent Field (SCF#9)                     
========================================================================================
Iteration     Free Energy (Ha/atom)    Magnetization     SCF Error        Timing (sec)
1            -1.0107460639E+02         2.6350E+00        1.484E-02        3.418
2            -1.0107540211E+02         2.5901E+00        1.275E-02        3.251
3            -1.0107590620E+02         2.5415E+00        1.613E-02        3.320
4            -1.0107610103E+02         2.5239E+00        9.060E-03        3.275
5            -1.0107601840E+02         2.5352E+00        5.015E-03        3.261
6            -1.0107590960E+02         2.5398E+00        3.294E-03        3.254
7            -1.0107588299E+02         2.5374E+00        2.813E-03        3.263
8            -1.0107581039E+02         2.5292E+00        1.985E-03        4.470
9            -1.0107573064E+02         2.5203E+00        1.191E-03        3.680
10           -1.0107565450E+02         2.5125E+00        8.273E-04        3.266
11           -1.0107562147E+02         2.5060E+00        5.209E-04        4.003
12           -1.0107558660E+02         2.4980E+00        3.926E-04        3.904
13           -1.0107556213E+02         2.4915E+00        2.866E-04        3.255
14           -1.0107555363E+02         2.4874E+00        2.388E-04        3.263
15           -1.0107555674E+02         2.4869E+00        2.174E-04        3.293
16           -1.0107555785E+02         2.4842E+00        1.785E-04        3.250
17           -1.0107555742E+02         2.4816E+00        1.672E-04        3.218
18           -1.0107556121E+02         2.4822E+00        8.892E-05        3.283
Total number of SCF: 18    
====================================================================
                    Energy and force calculation                    
====================================================================
Free energy per atom               : -1.0108879236E+02 (Ha/atom)
Total free energy                  : -4.0435516942E+02 (Ha)
Band structure energy              : -5.8716335280E+01 (Ha)
Exchange correlation energy        : -7.1440975184E+01 (Ha)
Self and correction energy         : -4.8442216413E+02 (Ha)
-Entropy*kb*T                      : -4.4637016218E-03 (Ha)
Fermi level                        :  4.7952972654E-02 (Ha)
DFT-D3 correction                  : -5.2924591702E-02 (Ha)
RMS force                          :  1.3344107572E-02 (Ha/Bohr)
Maximum force                      :  3.6427396754E-02 (Ha/Bohr)
Time for force calculation         :  0.094 (sec)
Relax step time                    :  62.175 (sec)
========================================================================================
                    Self Consistent Field (SCF#10)                     
========================================================================================
Iteration     Free Energy (Ha/atom)    Magnetization     SCF Error        Timing (sec)
1            -1.0107699866E+02         2.2661E+00        1.576E-02        3.429
2            -1.0107823826E+02         2.2673E+00        1.487E-02        4.883
3            -1.0107819404E+02         2.1183E+00        1.674E-02        4.045
4            -1.0107865607E+02         2.1734E+00        8.244E-03        4.016
5            -1.0107851520E+02         2.1110E+00        7.944E-03        3.892
6            -1.0107853786E+02         2.1688E+00        3.937E-03        4.302
7            -1.0107838815E+02         2.1430E+00        3.036E-03        3.962
8            -1.0107832505E+02         2.1327E+00        2.557E-03        3.909
9            -1.0107811905E+02         2.1246E+00        1.441E-03        4.283
10           -1.0107801048E+02         2.1210E+00        9.787E-04        3.832
11           -1.0107791622E+02         2.1172E+00        6.920E-04        4.152
12           -1.0107785178E+02         2.1156E+00        5.455E-04        4.057
13           -1.0107780764E+02         2.1169E+00        4.240E-04        3.926
14           -1.0107779275E+02         2.1214E+00        3.345E-04        4.122
15           -1.0107778678E+02         2.1217E+00        4.683E-04        4.130
16           -1.0107779058E+02         2.1253E+00        1.999E-04        4.012
17           -1.0107779023E+02         2.1275E+00        2.901E-04        4.196
18           -1.0107779623E+02         2.1293E+00        1.218E-04        4.202
19           -1.0107780300E+02         2.1314E+00        7.008E-05        3.757
Total number of SCF: 19    
====================================================================
                    Energy and force calculation                    
====================================================================
Free energy per atom               : -1.0109098297E+02 (Ha/atom)
Total free energy                  : -4.0436393187E+02 (Ha)
Band structure energy              : -5.8783456143E+01 (Ha)
Exchange correlation energy        : -7.1460191752E+01 (Ha)
Self and correction energy         : -4.8442430500E+02 (Ha)
-Entropy*kb*T                      : -4.6335172119E-03 (Ha)
Fermi level                        :  5.1215133849E-02 (Ha)
DFT-D3 correction                  : -5.2719888848E-02 (Ha)
RMS force                          :  1.1291134536E-02 (Ha/Bohr)
Maximum force                      :  3.2067101474E-02 (Ha/Bohr)
Time for force calculation         :  0.095 (sec)
Relax step time                    :  77.411 (sec)
========================================================================================
                    Self Consistent Field (SCF#11)                     
========================================================================================
Iteration     Free Energy (Ha/atom)    Magnetization     SCF Error        Timing (sec)
1            -1.0107865461E+02         1.8981E+00        1.555E-02        3.436
2            -1.0108056128E+02         1.5026E+00        2.542E-02        3.262
3            -1.0108026149E+02         1.6367E+00        1.799E-02        3.264
4            -1.0108002916E+02         1.6009E+00        1.861E-02        3.292
5            -1.0108084295E+02         1.6554E+00        1.007E-02        3.264
6            -1.0108108148E+02         1.5641E+00        7.034E-03        3.275
7            -1.0108077909E+02         1.5401E+00        6.032E-03        3.281
8            -1.0108074000E+02         1.4489E+00        5.624E-03        3.282
9            -1.0108040443E+02         1.2939E+00        4.058E-03        3.264
10           -1.0108023532E+02         1.2340E+00        3.273E-03        3.317
11           -1.0107992135E+02         1.1103E+00        1.516E-03        3.271
12           -1.0107975021E+02         1.0887E+00        1.063E-03        3.285
13           -1.0107960354E+02         1.0320E+00        9.805E-04        3.295
14           -1.0107951948E+02         1.0105E+00        7.281E-04        3.288
15           -1.0107942771E+02         9.9207E-01        5.572E-04        3.273
16           -1.0107940907E+02         9.8314E-01        4.299E-04        3.287
17           -1.0107939300E+02         9.6959E-01        3.991E-04        3.281
18           -1.0107940204E+02         9.5883E-01        2.032E-04        3.264
19           -1.0107941046E+02         9.5766E-01        2.882E-04        3.295
20           -1.0107940898E+02         9.5181E-01        1.720E-04        3.256
21           -1.0107941725E+02         9.4751E-01        1.389E-04        3.251
22           -1.0107941995E+02         9.4601E-01        8.926E-05        3.293
Total number of SCF: 22    
====================================================================
                    Energy and force calculation                    
====================================================================
Free energy per atom               : -1.0109260689E+02 (Ha/atom)
Total free energy                  : -4.0437042754E+02 (Ha)
Band structure energy              : -5.8770413010E+01 (Ha)
Exchange correlation energy        : -7.1484366755E+01 (Ha)
Self and correction energy         : -4.8442366488E+02 (Ha)
-Entropy*kb*T                      : -5.4021829424E-03 (Ha)
Fermi level                        :  5.7439244808E-02 (Ha)
DFT-D3 correction                  : -5.2747725124E-02 (Ha)
RMS force                          :  1.1022459677E-02 (Ha/Bohr)
Maximum force                      :  3.1230740825E-02 (Ha/Bohr)
Time for force calculation         :  0.096 (sec)
Relax step time                    :  72.485 (sec)
========================================================================================
                    Self Consistent Field (SCF#12)                     
========================================================================================
Iteration     Free Energy (Ha/atom)    Magnetization     SCF Error        Timing (sec)
1            -1.0107970830E+02         8.1163E-01        1.006E-02        3.418
2            -1.0108017871E+02         7.5007E-01        9.391E-03        3.271
3            -1.0108009027E+02         7.4743E-01        7.307E-03        3.293
4            -1.0108043162E+02         6.9546E-01        5.072E-03        3.271
5            -1.0108037425E+02         6.4789E-01        5.378E-03        3.273
6            -1.0108027603E+02         6.7413E-01        3.111E-03        3.301
7            -1.0108018915E+02         6.3586E-01        1.695E-03        3.283
8            -1.0108005826E+02         6.0787E-01        1.007E-03        3.276
9            -1.0108003631E+02         5.9554E-01        9.981E-04        3.308
10           -1.0107997407E+02         5.6233E-01        6.367E-04        3.261
11           -1.0107995058E+02         5.4438E-01        6.631E-04        3.282
12           -1.0107993322E+02         5.1287E-01        4.434E-04        3.305
13           -1.0107992659E+02         4.8923E-01        4.112E-04        3.270
14           -1.0107992969E+02         4.8254E-01        2.450E-04        3.279
15           -1.0107993509E+02         4.5611E-01        8.173E-04        3.282
16           -1.0107993659E+02         4.6300E-01        5.542E-04        3.268
17           -1.0107993499E+02         4.7033E-01        2.981E-04        3.278
18           -1.0107995174E+02         4.5522E-01        5.156E-04        3.268
19           -1.0107995246E+02         4.5199E-01        4.270E-04        3.256
20           -1.0107995945E+02         4.5368E-01        1.191E-04        3.703
21           -1.0107995345E+02         4.4405E-01        2.613E-04        3.279
22           -1.0107995563E+02         4.4105E-01        1.816E-04        3.255
23           -1.0107995926E+02         4.3248E-01        8.281E-05        3.249
Total number of SCF: 23    
====================================================================
                    Energy and force calculation                    
====================================================================
Free energy per atom               : -1.0109316268E+02 (Ha/atom)
Total free energy                  : -4.0437265072E+02 (Ha)
Band structure energy              : -5.8640732234E+01 (Ha)
Exchange correlation energy        : -7.1537460585E+01 (Ha)
Self and correction energy         : -4.8442263176E+02 (Ha)
-Entropy*kb*T                      : -4.9208267296E-03 (Ha)
Fermi level                        :  6.7305362918E-02 (Ha)
DFT-D3 correction                  : -5.2813688244E-02 (Ha)
RMS force                          :  4.4160125762E-03 (Ha/Bohr)
Maximum force                      :  1.3994318352E-02 (Ha/Bohr)
Time for force calculation         :  0.096 (sec)
Relax step time                    :  76.145 (sec)
========================================================================================
                    Self Consistent Field (SCF#13)                     
========================================================================================
Iteration     Free Energy (Ha/atom)    Magnetization     SCF Error        Timing (sec)
1            -1.0108048298E+02         4.2949E-01        1.599E-02        3.430
2            -1.0108126760E+02         4.4530E-01        2.800E-02        3.267
3            -1.0108021672E+02         4.3453E-01        1.010E-02        3.259
4            -1.0108050851E+02         4.2994E-01        1.313E-02        3.286
5            -1.0108013919E+02         4.3721E-01        4.331E-03        3.265
6            -1.0108010576E+02         4.3389E-01        9.228E-04        3.263
7            -1.0108010182E+02         4.3373E-01        3.939E-04        3.267
8            -1.0108010043E+02         4.3474E-01        2.362E-04        3.266
9            -1.0108009792E+02         4.3523E-01        1.461E-04        3.269
10           -1.0108009813E+02         4.3607E-01        1.125E-04        3.267
11           -1.0108009492E+02         4.3667E-01        8.435E-05        3.269
Total number of SCF: 11    
====================================================================
                    Energy and force calculation                    
====================================================================
Free energy per atom               : -1.0109331337E+02 (Ha/atom)
Total free energy                  : -4.0437325348E+02 (Ha)
Band structure energy              : -5.8725270385E+01 (Ha)
Exchange correlation energy        : -7.1530860092E+01 (Ha)
Self and correction energy         : -4.8442250506E+02 (Ha)
-Entropy*kb*T                      : -5.0870498126E-03 (Ha)
Fermi level                        :  6.4980748301E-02 (Ha)
DFT-D3 correction                  : -5.2873782672E-02 (Ha)
RMS force                          :  3.6721335036E-03 (Ha/Bohr)
Maximum force                      :  9.2309170684E-03 (Ha/Bohr)
Time for force calculation         :  0.096 (sec)
Relax step time                    :  36.308 (sec)
========================================================================================
                    Self Consistent Field (SCF#14)                     
========================================================================================
Iteration     Free Energy (Ha/atom)    Magnetization     SCF Error        Timing (sec)
1            -1.0108037346E+02         4.6303E-01        5.032E-03        3.421
2            -1.0108099641E+02         3.7930E-01        1.478E-02        3.251
3            -1.0108042894E+02         4.5282E-01        1.867E-03        3.268
4            -1.0108044356E+02         4.5507E-01        1.947E-03        3.264
5            -1.0108044423E+02         4.6382E-01        1.140E-03        3.254
6            -1.0108044694E+02         4.6306E-01        4.612E-04        3.270
7            -1.0108044901E+02         4.6844E-01        3.766E-04        3.262
8            -1.0108044888E+02         4.7268E-01        3.692E-04        3.240
9            -1.0108044901E+02         4.7515E-01        3.716E-04        3.258
10           -1.0108044713E+02         4.7604E-01        3.698E-04        3.267
11           -1.0108045351E+02         4.8629E-01        7.695E-04        3.265
12           -1.0108046378E+02         4.9374E-01        8.233E-04        3.275
13           -1.0108045588E+02         4.7358E-01        5.291E-04        3.242
14           -1.0108045222E+02         4.7429E-01        5.416E-04        3.253
15           -1.0108045548E+02         4.7528E-01        4.005E-04        3.268
16           -1.0108044996E+02         4.7484E-01        4.112E-04        3.268
17           -1.0108044677E+02         4.3915E-01        1.232E-03        3.240
18           -1.0108044521E+02         4.1688E-01        4.511E-04        3.280
19           -1.0108044580E+02         3.7876E-01        9.733E-04        3.257
20           -1.0108044324E+02         3.3540E-01        7.300E-04        3.263
21           -1.0108045353E+02         3.8185E-01        9.813E-04        3.264
22           -1.0108045084E+02         3.6556E-01        1.127E-03        3.267
23           -1.0108045559E+02         3.2466E-01        1.459E-03        3.266
24           -1.0108045002E+02         3.1285E-01        1.000E-03        3.296
25           -1.0108044867E+02         2.7758E-01        2.400E-04        3.268
26           -1.0108044840E+02         3.0113E-01        9.823E-05        3.254
Total number of SCF: 26    
====================================================================
                    Energy and force calculation                    
====================================================================
Free energy per atom               : -1.0109373869E+02 (Ha/atom)
Total free energy                  : -4.0437495477E+02 (Ha)
Band structure energy              : -5.8791532843E+01 (Ha)
Exchange correlation energy        : -7.1522375312E+01 (Ha)
Self and correction energy         : -4.8442252953E+02 (Ha)
-Entropy*kb*T                      : -5.5107714696E-03 (Ha)
Fermi level                        :  6.2366151165E-02 (Ha)
DFT-D3 correction                  : -5.3161159370E-02 (Ha)
RMS force                          :  4.1749617371E-03 (Ha/Bohr)
Maximum force                      :  1.5798417593E-02 (Ha/Bohr)
Time for force calculation         :  0.096 (sec)
Relax step time                    :  85.210 (sec)
========================================================================================
                    Self Consistent Field (SCF#15)                     
========================================================================================
Iteration     Free Energy (Ha/atom)    Magnetization     SCF Error        Timing (sec)
1            -1.0108199630E+02         2.7114E-01        2.096E-02        3.463
2            -1.0108987690E+02         2.5338E-01        6.846E-02        3.339
3            -1.0108100091E+02         2.5988E-01        1.326E-02        3.267
4            -1.0108057383E+02         2.7069E-01        6.653E-03        3.296
5            -1.0108050022E+02         2.7141E-01        4.764E-03        3.256
6            -1.0108048977E+02         2.7846E-01        3.068E-03        3.276
7            -1.0108048082E+02         2.8751E-01        1.054E-03        3.302
8            -1.0108047384E+02         2.8789E-01        5.248E-04        3.272
9            -1.0108046904E+02         2.8997E-01        3.682E-04        3.265
10           -1.0108046063E+02         2.9494E-01        4.193E-04        3.299
11           -1.0108045644E+02         2.9773E-01        2.585E-04        3.260
12           -1.0108045431E+02         3.0045E-01        1.511E-04        3.265
13           -1.0108045110E+02         3.0606E-01        1.445E-04        3.261
14           -1.0108045374E+02         3.0942E-01        1.236E-04        3.253
15           -1.0108045491E+02         3.1397E-01        1.017E-04        3.268
16           -1.0108045486E+02         3.2134E-01        1.130E-04        3.296
17           -1.0108045290E+02         3.2648E-01        1.284E-04        3.257
18           -1.0108045286E+02         3.3037E-01        1.451E-04        3.252
19           -1.0108045307E+02         3.3210E-01        7.434E-05        3.283
Total number of SCF: 19    
====================================================================
                    Energy and force calculation                    
====================================================================
Free energy per atom               : -1.0109380142E+02 (Ha/atom)
Total free energy                  : -4.0437520568E+02 (Ha)
Band structure energy              : -5.8632838180E+01 (Ha)
Exchange correlation energy        : -7.1572658538E+01 (Ha)
Self and correction energy         : -4.8442316790E+02 (Ha)
-Entropy*kb*T                      : -5.0142737942E-03 (Ha)
Fermi level                        :  7.1511210489E-02 (Ha)
DFT-D3 correction                  : -5.3393410534E-02 (Ha)
RMS force                          :  1.1060265192E-02 (Ha/Bohr)
Maximum force                      :  2.7098126263E-02 (Ha/Bohr)
Time for force calculation         :  0.096 (sec)
Relax step time                    :  62.677 (sec)
========================================================================================
                    Self Consistent Field (SCF#16)                     
========================================================================================
Iteration     Free Energy (Ha/atom)    Magnetization     SCF Error        Timing (sec)
1            -1.0108086688E+02         3.4079E-01        1.767E-03        3.397
2            -1.0108091579E+02         3.4139E-01        1.194E-03        3.267
3            -1.0108091559E+02         3.4422E-01        1.356E-03        3.297
4            -1.0108091989E+02         3.4237E-01        8.849E-04        3.278
5            -1.0108092024E+02         3.4558E-01        6.311E-04        3.258
6            -1.0108091603E+02         3.4580E-01        2.292E-04        3.260
7            -1.0108091581E+02         3.4671E-01        2.846E-04        3.397
8            -1.0108091473E+02         3.4935E-01        1.892E-04        3.245
9            -1.0108091711E+02         3.4833E-01        2.205E-04        3.255
10           -1.0108091481E+02         3.5282E-01        2.953E-04        3.265
11           -1.0108092007E+02         3.3252E-01        1.856E-04        3.224
12           -1.0108092467E+02         3.2913E-01        1.480E-04        3.250
13           -1.0108092408E+02         3.2186E-01        1.836E-04        3.268
14           -1.0108092053E+02         3.0270E-01        2.981E-04        3.247
15           -1.0108091718E+02         2.9199E-01        1.237E-04        3.252
16           -1.0108091617E+02         2.9248E-01        5.154E-04        3.259
17           -1.0108091519E+02         2.7418E-01        9.324E-05        3.261
Total number of SCF: 17    
====================================================================
                    Energy and force calculation                    
====================================================================
Free energy per atom               : -1.0109429541E+02 (Ha/atom)
Total free energy                  : -4.0437718164E+02 (Ha)
Band structure energy              : -5.8743759398E+01 (Ha)
Exchange correlation energy        : -7.1545578424E+01 (Ha)
Self and correction energy         : -4.8442411190E+02 (Ha)
-Entropy*kb*T                      : -5.4859625664E-03 (Ha)
Fermi level                        :  6.5768210935E-02 (Ha)
DFT-D3 correction                  : -5.3520859122E-02 (Ha)
RMS force                          :  2.9805830964E-03 (Ha/Bohr)
Maximum force                      :  8.4446589590E-03 (Ha/Bohr)
Time for force calculation         :  0.097 (sec)
Relax step time                    :  55.902 (sec)
========================================================================================
                    Self Consistent Field (SCF#17)                     
========================================================================================
Iteration     Free Energy (Ha/atom)    Magnetization     SCF Error        Timing (sec)
1            -1.0108091647E+02         2.6382E-01        5.070E-04        3.389
2            -1.0108092387E+02         2.6238E-01        3.904E-04        3.280
3            -1.0108091794E+02         2.6145E-01        3.459E-04        3.252
4            -1.0108091904E+02         2.5861E-01        2.105E-04        3.241
5            -1.0108091814E+02         2.5794E-01        1.193E-04        3.256
6            -1.0108091770E+02         2.5675E-01        9.397E-05        3.252
Total number of SCF: 6     
====================================================================
                    Energy and force calculation                    
====================================================================
Free energy per atom               : -1.0109431614E+02 (Ha/atom)
Total free energy                  : -4.0437726457E+02 (Ha)
Band structure energy              : -5.8749698147E+01 (Ha)
Exchange correlation energy        : -7.1541224162E+01 (Ha)
Self and correction energy         : -4.8442402231E+02 (Ha)
-Entropy*kb*T                      : -5.5960417154E-03 (Ha)
Fermi level                        :  6.4930950535E-02 (Ha)
DFT-D3 correction                  : -5.3593760629E-02 (Ha)
RMS force                          :  2.8306753464E-03 (Ha/Bohr)
Maximum force                      :  6.5980105641E-03 (Ha/Bohr)
Time for force calculation         :  0.096 (sec)
Relax step time                    :  19.851 (sec)
========================================================================================
                    Self Consistent Field (SCF#18)                     
========================================================================================
Iteration     Free Energy (Ha/atom)    Magnetization     SCF Error        Timing (sec)
1            -1.0108089538E+02         2.5422E-01        1.192E-03        3.409
2            -1.0108097055E+02         2.4849E-01        3.726E-03        3.269
3            -1.0108093984E+02         2.5155E-01        6.829E-04        3.250
4            -1.0108095139E+02         2.5012E-01        5.467E-04        3.265
5            -1.0108095880E+02         2.4642E-01        1.876E-04        3.261
6            -1.0108095827E+02         2.4419E-01        1.438E-04        3.262
7            -1.0108095171E+02         2.4202E-01        1.298E-04        3.247
8            -1.0108095378E+02         2.3694E-01        1.545E-04        3.259
9            -1.0108095322E+02         2.3487E-01        1.416E-04        3.532
10           -1.0108095323E+02         2.2633E-01        1.460E-04        3.258
11           -1.0108095152E+02         2.1954E-01        3.074E-04        3.276
12           -1.0108095552E+02         2.1012E-01        2.013E-04        3.256
13           -1.0108095109E+02         1.9587E-01        1.123E-04        3.251
14           -1.0108095269E+02         1.9083E-01        7.178E-05        3.288
Total number of SCF: 14    
====================================================================
                    Energy and force calculation                    
====================================================================
Free energy per atom               : -1.0109440703E+02 (Ha/atom)
Total free energy                  : -4.0437762813E+02 (Ha)
Band structure energy              : -5.8749631156E+01 (Ha)
Exchange correlation energy        : -7.1539363274E+01 (Ha)
Self and correction energy         : -4.8442311425E+02 (Ha)
-Entropy*kb*T                      : -5.8000367973E-03 (Ha)
Fermi level                        :  6.4289501894E-02 (Ha)
DFT-D3 correction                  : -5.3817360706E-02 (Ha)
RMS force                          :  2.6570242693E-03 (Ha/Bohr)
Maximum force                      :  9.1755960972E-03 (Ha/Bohr)
Time for force calculation         :  0.096 (sec)
Relax step time                    :  46.286 (sec)
========================================================================================
                    Self Consistent Field (SCF#19)                     
========================================================================================
Iteration     Free Energy (Ha/atom)    Magnetization     SCF Error        Timing (sec)
1            -1.0108079836E+02         1.9421E-01        9.558E-03        3.425
2            -1.0108377532E+02         1.8172E-01        3.832E-02        3.279
3            -1.0108101327E+02         1.9354E-01        4.369E-03        3.281
4            -1.0108110070E+02         1.9526E-01        1.459E-03        3.259
5            -1.0108113540E+02         1.9834E-01        9.950E-04        3.258
6            -1.0108113441E+02         1.9977E-01        5.115E-04        3.267
7            -1.0108112916E+02         2.0176E-01        2.353E-04        3.255
8            -1.0108113054E+02         2.0570E-01        1.971E-04        3.260
9            -1.0108112891E+02         2.1119E-01        2.755E-04        3.280
10           -1.0108112977E+02         2.1402E-01        2.569E-04        3.265
11           -1.0108113208E+02         2.2191E-01        1.483E-04        3.246
12           -1.0108113037E+02         2.3181E-01        1.375E-04        3.290
13           -1.0108113072E+02         2.4797E-01        1.707E-04        3.263
14           -1.0108113070E+02         2.6645E-01        1.001E-04        3.255
15           -1.0108113155E+02         2.8554E-01        1.195E-04        3.286
16           -1.0108113391E+02         2.9931E-01        1.301E-04        3.243
17           -1.0108113412E+02         3.0472E-01        1.299E-04        3.261
18           -1.0108113544E+02         3.1391E-01        9.842E-05        3.284
Total number of SCF: 18    
====================================================================
                    Energy and force calculation                    
====================================================================
Free energy per atom               : -1.0109466165E+02 (Ha/atom)
Total free energy                  : -4.0437864662E+02 (Ha)
Band structure energy              : -5.8717799933E+01 (Ha)
Exchange correlation energy        : -7.1584652253E+01 (Ha)
Self and correction energy         : -4.8442446834E+02 (Ha)
-Entropy*kb*T                      : -5.4667645612E-03 (Ha)
Fermi level                        :  7.0917770575E-02 (Ha)
DFT-D3 correction                  : -5.4104852295E-02 (Ha)
RMS force                          :  8.2528316339E-03 (Ha/Bohr)
Maximum force                      :  2.1197094837E-02 (Ha/Bohr)
Time for force calculation         :  0.096 (sec)
Relax step time                    :  59.165 (sec)
========================================================================================
                    Self Consistent Field (SCF#20)                     
========================================================================================
Iteration     Free Energy (Ha/atom)    Magnetization     SCF Error        Timing (sec)
1            -1.0108117744E+02         3.1744E-01        4.328E-03        3.412
2            -1.0108132491E+02         3.0292E-01        5.540E-03        3.262
3            -1.0108131058E+02         3.2895E-01        5.682E-03        3.295
4            -1.0108127559E+02         3.2510E-01        1.274E-03        3.261
5            -1.0108127825E+02         3.2755E-01        7.325E-04        3.248
6            -1.0108127216E+02         3.3023E-01        4.764E-04        3.286
7            -1.0108127183E+02         3.3651E-01        3.455E-04        3.242
8            -1.0108126880E+02         3.4194E-01        3.436E-04        3.238
9            -1.0108126803E+02         3.4499E-01        3.373E-04        3.252
10           -1.0108126901E+02         3.2715E-01        3.415E-04        3.256
11           -1.0108126967E+02         2.8665E-01        3.058E-04        3.247
12           -1.0108126878E+02         2.6663E-01        2.723E-04        3.263
13           -1.0108127000E+02         1.9117E-01        4.171E-04        3.253
14           -1.0108127716E+02         1.6993E-01        2.622E-04        3.253
15           -1.0108127287E+02         1.2507E-01        3.211E-04        3.249
16           -1.0108126758E+02         1.1742E-01        1.887E-04        3.257
17           -1.0108126738E+02         1.2511E-01        2.618E-04        3.230
18           -1.0108126963E+02         1.1023E-01        1.674E-04        3.242
19           -1.0108127095E+02         1.0117E-01        1.213E-04        3.261
20           -1.0108126871E+02         9.2234E-02        3.043E-04        3.277
21           -1.0108127296E+02         1.0066E-01        2.370E-04        3.256
22           -1.0108126731E+02         9.1789E-02        1.513E-04        3.260
23           -1.0108127260E+02         8.2117E-02        2.640E-04        3.262
24           -1.0108126920E+02         8.4543E-02        3.239E-04        3.236
25           -1.0108126880E+02         8.5056E-02        3.274E-04        3.261
26           -1.0108127417E+02         8.3586E-02        2.488E-04        3.242
27           -1.0108127625E+02         7.6249E-02        4.281E-04        3.248
28           -1.0108127714E+02         6.8913E-02        4.280E-04        3.262
29           -1.0108126875E+02         6.9082E-02        4.101E-04        3.246
30           -1.0108126894E+02         8.0976E-02        2.997E-04        3.240
31           -1.0108127520E+02         8.2319E-02        2.762E-04        3.259
32           -1.0108127175E+02         8.2070E-02        1.890E-04        3.257
33           -1.0108127134E+02         7.8865E-02        2.587E-04        3.261
34           -1.0108127310E+02         7.5886E-02        7.905E-04        3.293
35           -1.0108126911E+02         6.6660E-02        1.424E-04        3.243
36           -1.0108127466E+02         4.3470E-02        4.031E-04        3.255
37           -1.0108127742E+02         3.3203E-02        5.511E-04        3.296
38           -1.0108127679E+02         4.0743E-02        7.870E-05        3.257
Total number of SCF: 38    
====================================================================
                    Energy and force calculation                    
====================================================================
Free energy per atom               : -1.0109486515E+02 (Ha/atom)
Total free energy                  : -4.0437946060E+02 (Ha)
Band structure energy              : -5.8818260880E+01 (Ha)
Exchange correlation energy        : -7.1551414419E+01 (Ha)
Self and correction energy         : -4.8442359250E+02 (Ha)
-Entropy*kb*T                      : -5.8868096769E-03 (Ha)
Fermi level                        :  6.3862977196E-02 (Ha)
DFT-D3 correction                  : -5.4353426522E-02 (Ha)
RMS force                          :  5.2331635347E-03 (Ha/Bohr)
Maximum force                      :  1.4417365583E-02 (Ha/Bohr)
Time for force calculation         :  0.096 (sec)
Relax step time                    :  124.177 (sec)
========================================================================================
                    Self Consistent Field (SCF#21)                     
========================================================================================
Iteration     Free Energy (Ha/atom)    Magnetization     SCF Error        Timing (sec)
1            -1.0108139416E+02         3.4627E-02        9.936E-04        3.393
2            -1.0108140043E+02         3.5090E-02        6.908E-04        3.293
3            -1.0108140438E+02         3.5700E-02        1.294E-03        3.270
4            -1.0108140056E+02         3.5967E-02        4.673E-04        3.249
5            -1.0108139679E+02         3.6121E-02        2.505E-04        3.280
6            -1.0108139814E+02         3.6549E-02        1.813E-04        3.243
7            -1.0108139611E+02         3.7201E-02        1.308E-04        3.240
8            -1.0108139583E+02         3.7519E-02        7.510E-05        3.377
Total number of SCF: 8     
====================================================================
                    Energy and force calculation                    
====================================================================
Free energy per atom               : -1.0109498205E+02 (Ha/atom)
Total free energy                  : -4.0437992822E+02 (Ha)
Band structure energy              : -5.8809514518E+01 (Ha)
Exchange correlation energy        : -7.1559874159E+01 (Ha)
Self and correction energy         : -4.8442428299E+02 (Ha)
-Entropy*kb*T                      : -5.7889114606E-03 (Ha)
Fermi level                        :  6.5194094754E-02 (Ha)
DFT-D3 correction                  : -5.4344912913E-02 (Ha)
RMS force                          :  3.9557513086E-03 (Ha/Bohr)
Maximum force                      :  9.5428918924E-03 (Ha/Bohr)
Time for force calculation         :  0.096 (sec)
Relax step time                    :  26.529 (sec)
========================================================================================
                    Self Consistent Field (SCF#22)                     
========================================================================================
Iteration     Free Energy (Ha/atom)    Magnetization     SCF Error        Timing (sec)
1            -1.0108150471E+02         4.2676E-02        2.269E-03        3.414
2            -1.0108162599E+02         4.2347E-02        5.853E-03        3.265
3            -1.0108154559E+02         4.4519E-02        1.464E-03        3.276
4            -1.0108155161E+02         4.5909E-02        1.105E-03        3.348
5            -1.0108155543E+02         4.7855E-02        2.087E-04        3.252
6            -1.0108155383E+02         4.9161E-02        1.285E-04        3.275
7            -1.0108154927E+02         5.0794E-02        1.351E-04        3.239
8            -1.0108154884E+02         5.2601E-02        1.394E-04        3.254
9            -1.0108154802E+02         5.7248E-02        2.733E-04        3.287
10           -1.0108154794E+02         6.5192E-02        1.527E-04        3.245
11           -1.0108154783E+02         7.1707E-02        1.227E-04        3.242
12           -1.0108155208E+02         7.6861E-02        6.049E-05        3.257
Total number of SCF: 12    
====================================================================
                    Energy and force calculation                    
====================================================================
Free energy per atom               : -1.0109516448E+02 (Ha/atom)
Total free energy                  : -4.0438065794E+02 (Ha)
Band structure energy              : -5.8815483229E+01 (Ha)
Exchange correlation energy        : -7.1574420985E+01 (Ha)
Self and correction energy         : -4.8442480564E+02 (Ha)
-Entropy*kb*T                      : -5.5355890364E-03 (Ha)
Fermi level                        :  6.6634636371E-02 (Ha)
DFT-D3 correction                  : -5.4449632492E-02 (Ha)
RMS force                          :  4.5223634800E-03 (Ha/Bohr)
Maximum force                      :  1.2008679160E-02 (Ha/Bohr)
Time for force calculation         :  0.096 (sec)
Relax step time                    :  39.543 (sec)
========================================================================================
                    Self Consistent Field (SCF#23)                     
========================================================================================
Iteration     Free Energy (Ha/atom)    Magnetization     SCF Error        Timing (sec)
1            -1.0108138260E+02         8.1170E-02        4.735E-03        3.654
2            -1.0108157494E+02         7.9401E-02        4.096E-03        3.360
3            -1.0108162589E+02         7.9968E-02        5.640E-03        3.289
4            -1.0108157124E+02         7.8508E-02        1.248E-03        3.231
5            -1.0108157361E+02         7.8530E-02        5.007E-04        3.244
6            -1.0108156431E+02         7.8678E-02        3.072E-04        3.250
7            -1.0108156537E+02         7.8554E-02        2.674E-04        3.253
8            -1.0108156383E+02         7.8399E-02        4.717E-05        3.248
Total number of SCF: 8     
====================================================================
                    Energy and force calculation                    
====================================================================
Free energy per atom               : -1.0109526186E+02 (Ha/atom)
Total free energy                  : -4.0438104743E+02 (Ha)
Band structure energy              : -5.8926286288E+01 (Ha)
Exchange correlation energy        : -7.1593064381E+01 (Ha)
Self and correction energy         : -4.8442249360E+02 (Ha)
-Entropy*kb*T                      : -5.1418822261E-03 (Ha)
Fermi level                        :  6.4655655088E-02 (Ha)
DFT-D3 correction                  : -5.4792125412E-02 (Ha)
RMS force                          :  8.4074453659E-03 (Ha/Bohr)
Maximum force                      :  1.9572519540E-02 (Ha/Bohr)
Time for force calculation         :  0.097 (sec)
Relax step time                    :  26.740 (sec)
========================================================================================
                    Self Consistent Field (SCF#24)                     
========================================================================================
Iteration     Free Energy (Ha/atom)    Magnetization     SCF Error        Timing (sec)
1            -1.0108156068E+02         7.5681E-02        1.320E-02        3.417
2            -1.0108365090E+02         7.2609E-02        2.986E-02        3.734
3            -1.0108154333E+02         7.5900E-02        7.221E-03        3.273
4            -1.0108157387E+02         7.3189E-02        6.076E-03        3.289
5            -1.0108149447E+02         7.5071E-02        1.460E-03        3.263
6            -1.0108149080E+02         7.4926E-02        9.880E-04        3.262
7            -1.0108149127E+02         7.5242E-02        4.621E-04        3.271
8            -1.0108148691E+02         7.5505E-02        1.558E-04        3.250
9            -1.0108148758E+02         7.5855E-02        6.170E-05        3.247
Total number of SCF: 9     
====================================================================
                    Energy and force calculation                    
====================================================================
Free energy per atom               : -1.0109527686E+02 (Ha/atom)
Total free energy                  : -4.0438110743E+02 (Ha)
Band structure energy              : -5.9041172857E+01 (Ha)
Exchange correlation energy        : -7.1550077110E+01 (Ha)
Self and correction energy         : -4.8442447185E+02 (Ha)
-Entropy*kb*T                      : -5.3913723410E-03 (Ha)
Fermi level                        :  5.6713906633E-02 (Ha)
DFT-D3 correction                  : -5.5157127821E-02 (Ha)
RMS force                          :  1.1274971565E-02 (Ha/Bohr)
Maximum force                      :  2.3072731839E-02 (Ha/Bohr)
Time for force calculation         :  0.097 (sec)
Relax step time                    :  30.208 (sec)
========================================================================================
                    Self Consistent Field (SCF#25)                     
========================================================================================
Iteration     Free Energy (Ha/atom)    Magnetization     SCF Error        Timing (sec)
1            -1.0108182234E+02         7.4602E-02        1.401E-03        3.396
2            -1.0108184013E+02         7.4377E-02        9.761E-04        3.266
3            -1.0108184847E+02         7.3695E-02        1.715E-03        3.271
4            -1.0108184075E+02         7.4061E-02        3.885E-04        3.251
5            -1.0108183692E+02         7.4051E-02        2.234E-04        3.252
6            -1.0108183778E+02         7.3973E-02        9.869E-05        3.232
Total number of SCF: 6     
====================================================================
                    Energy and force calculation                    
====================================================================
Free energy per atom               : -1.0109560689E+02 (Ha/atom)
Total free energy                  : -4.0438242757E+02 (Ha)
Band structure energy              : -5.9000675395E+01 (Ha)
Exchange correlation energy        : -7.1564256616E+01 (Ha)
Self and correction energy         : -4.8442346374E+02 (Ha)
-Entropy*kb*T                      : -5.1838812451E-03 (Ha)
Fermi level                        :  5.8913126343E-02 (Ha)
DFT-D3 correction                  : -5.5076464565E-02 (Ha)
RMS force                          :  5.7191920672E-03 (Ha/Bohr)
Maximum force                      :  1.1764502252E-02 (Ha/Bohr)
Time for force calculation         :  0.097 (sec)
Relax step time                    :  19.895 (sec)
========================================================================================
                    Self Consistent Field (SCF#26)                     
========================================================================================
Iteration     Free Energy (Ha/atom)    Magnetization     SCF Error        Timing (sec)
1            -1.0108192371E+02         7.2469E-02        1.080E-03        3.405
2            -1.0108195763E+02         7.2671E-02        1.935E-03        3.272
3            -1.0108195011E+02         7.2132E-02        6.205E-04        3.278
4            -1.0108194853E+02         7.1621E-02        2.402E-04        3.251
5            -1.0108195048E+02         7.1440E-02        1.352E-04        3.252
6            -1.0108194883E+02         7.1403E-02        6.177E-05        3.244
Total number of SCF: 6     
====================================================================
                    Energy and force calculation                    
====================================================================
Free energy per atom               : -1.0109570042E+02 (Ha/atom)
Total free energy                  : -4.0438280169E+02 (Ha)
Band structure energy              : -5.8962439746E+01 (Ha)
Exchange correlation energy        : -7.1579513793E+01 (Ha)
Self and correction energy         : -4.8442239615E+02 (Ha)
-Entropy*kb*T                      : -5.0008207709E-03 (Ha)
Fermi level                        :  6.1112041512E-02 (Ha)
DFT-D3 correction                  : -5.5006351589E-02 (Ha)
RMS force                          :  1.5994594692E-03 (Ha/Bohr)
Maximum force                      :  4.5469653879E-03 (Ha/Bohr)
Time for force calculation         :  0.096 (sec)
Relax step time                    :  19.879 (sec)
========================================================================================
                    Self Consistent Field (SCF#27)                     
========================================================================================
Iteration     Free Energy (Ha/atom)    Magnetization     SCF Error        Timing (sec)
1            -1.0108195914E+02         7.1644E-02        1.118E-03        3.409
2            -1.0108199165E+02         6.9352E-02        3.599E-03        3.264
3            -1.0108195579E+02         7.1033E-02        4.251E-04        3.255
4            -1.0108195894E+02         7.1196E-02        2.806E-04        3.250
5            -1.0108196018E+02         7.1127E-02        2.192E-04        3.249
6            -1.0108195878E+02         7.1086E-02        1.206E-04        3.243
7            -1.0108195858E+02         7.0999E-02        9.080E-05        3.247
Total number of SCF: 7     
====================================================================
                    Energy and force calculation                    
====================================================================
Free energy per atom               : -1.0109571453E+02 (Ha/atom)
Total free energy                  : -4.0438285811E+02 (Ha)
Band structure energy              : -5.8958884046E+01 (Ha)
Exchange correlation energy        : -7.1578391248E+01 (Ha)
Self and correction energy         : -4.8442244448E+02 (Ha)
-Entropy*kb*T                      : -5.0006679948E-03 (Ha)
Fermi level                        :  6.0945900942E-02 (Ha)
DFT-D3 correction                  : -5.5023782726E-02 (Ha)
RMS force                          :  1.2611401929E-03 (Ha/Bohr)
Maximum force                      :  3.6310131389E-03 (Ha/Bohr)
Time for force calculation         :  0.096 (sec)
Relax step time                    :  23.097 (sec)
========================================================================================
                    Self Consistent Field (SCF#28)                     
========================================================================================
Iteration     Free Energy (Ha/atom)    Magnetization     SCF Error        Timing (sec)
1            -1.0108195438E+02         6.8787E-02        3.371E-03        3.452
2            -1.0108224976E+02         7.1006E-02        1.091E-02        3.267
3            -1.0108193799E+02         7.0070E-02        5.633E-04        3.249
4            -1.0108194048E+02         7.0105E-02        3.674E-04        3.352
5            -1.0108194134E+02         7.0312E-02        2.580E-04        3.260
6            -1.0108194474E+02         7.0473E-02        1.512E-04        3.235
7            -1.0108194406E+02         7.0482E-02        8.987E-05        3.258
Total number of SCF: 7     
====================================================================
                    Energy and force calculation                    
====================================================================
Free energy per atom               : -1.0109572057E+02 (Ha/atom)
Total free energy                  : -4.0438288226E+02 (Ha)
Band structure energy              : -5.8991035668E+01 (Ha)
Exchange correlation energy        : -7.1577089752E+01 (Ha)
Self and correction energy         : -4.8442249184E+02 (Ha)
-Entropy*kb*T                      : -4.9843479020E-03 (Ha)
Fermi level                        :  5.9767733068E-02 (Ha)
DFT-D3 correction                  : -5.5106019756E-02 (Ha)
RMS force                          :  9.2714936549E-04 (Ha/Bohr)
Maximum force                      :  2.0822724653E-03 (Ha/Bohr)
Time for force calculation         :  0.097 (sec)
Relax step time                    :  23.257 (sec)
========================================================================================
                    Self Consistent Field (SCF#29)                     
========================================================================================
Iteration     Free Energy (Ha/atom)    Magnetization     SCF Error        Timing (sec)
1            -1.0108191899E+02         7.1282E-02        1.530E-03        3.410
2            -1.0108198599E+02         6.7273E-02        4.924E-03        3.232
3            -1.0108191927E+02         7.0344E-02        3.920E-04        3.231
4            -1.0108191729E+02         7.0455E-02        2.915E-04        3.244
5            -1.0108191948E+02         7.0691E-02        9.067E-05        3.248
Total number of SCF: 5     
====================================================================
                    Energy and force calculation                    
====================================================================
Free energy per atom               : -1.0109570873E+02 (Ha/atom)
Total free energy                  : -4.0438283491E+02 (Ha)
Band structure energy              : -5.9012068078E+01 (Ha)
Exchange correlation energy        : -7.1579179758E+01 (Ha)
Self and correction energy         : -4.8442240269E+02 (Ha)
-Entropy*kb*T                      : -4.9713368714E-03 (Ha)
Fermi level                        :  5.9313776292E-02 (Ha)
DFT-D3 correction                  : -5.5156985289E-02 (Ha)
RMS force                          :  7.4803261695E-04 (Ha/Bohr)
Maximum force                      :  2.0226383306E-03 (Ha/Bohr)
Time for force calculation         :  0.096 (sec)
Relax step time                    :  16.596 (sec)
========================================================================================
                    Self Consistent Field (SCF#30)                     
========================================================================================
Iteration     Free Energy (Ha/atom)    Magnetization     SCF Error        Timing (sec)
1            -1.0108194501E+02         7.0466E-02        5.162E-04        3.415
2            -1.0108194722E+02         7.0879E-02        6.715E-04        3.262
3            -1.0108194696E+02         7.0570E-02        2.904E-04        3.267
4            -1.0108194863E+02         7.0584E-02        2.281E-04        3.305
5            -1.0108194464E+02         7.0660E-02        1.563E-04        3.251
6            -1.0108194427E+02         7.0724E-02        8.184E-05        3.258
Total number of SCF: 6     
====================================================================
                    Energy and force calculation                    
====================================================================
Free energy per atom               : -1.0109574226E+02 (Ha/atom)
Total free energy                  : -4.0438296904E+02 (Ha)
Band structure energy              : -5.9017449765E+01 (Ha)
Exchange correlation energy        : -7.1581978328E+01 (Ha)
Self and correction energy         : -4.8442226391E+02 (Ha)
-Entropy*kb*T                      : -4.9437702825E-03 (Ha)
Fermi level                        :  5.9465121038E-02 (Ha)
DFT-D3 correction                  : -5.5191956783E-02 (Ha)
RMS force                          :  4.3221285794E-04 (Ha/Bohr)
Maximum force                      :  1.5240262446E-03 (Ha/Bohr)
Time for force calculation         :  0.097 (sec)
Relax step time                    :  19.942 (sec)
========================================================================================
                    Self Consistent Field (SCF#31)                     
========================================================================================
Iteration     Free Energy (Ha/atom)    Magnetization     SCF Error        Timing (sec)
1            -1.0108193123E+02         7.0452E-02        1.843E-03        3.423
2            -1.0108204138E+02         6.6142E-02        4.861E-03        3.270
3            -1.0108198110E+02         6.8962E-02        9.796E-04        3.252
4            -1.0108198543E+02         6.8922E-02        6.624E-04        3.273
5            -1.0108199163E+02         6.8681E-02        3.275E-04        3.263
6            -1.0108198951E+02         6.8397E-02        1.134E-04        3.243
7            -1.0108198796E+02         6.8203E-02        7.313E-05        3.262
Total number of SCF: 7     
====================================================================
                    Energy and force calculation                    
====================================================================
Free energy per atom               : -1.0109583516E+02 (Ha/atom)
Total free energy                  : -4.0438334064E+02 (Ha)
Band structure energy              : -5.9023112393E+01 (Ha)
Exchange correlation energy        : -7.1592441290E+01 (Ha)
Self and correction energy         : -4.8442313718E+02 (Ha)
-Entropy*kb*T                      : -4.8294109702E-03 (Ha)
Fermi level                        :  6.0423712760E-02 (Ha)
DFT-D3 correction                  : -5.5388801969E-02 (Ha)
RMS force                          :  5.8680026177E-04 (Ha/Bohr)
Maximum force                      :  1.2885882074E-03 (Ha/Bohr)
Time for force calculation         :  0.096 (sec)
Relax step time                    :  23.171 (sec)
========================================================================================
                    Self Consistent Field (SCF#32)                     
========================================================================================
Iteration     Free Energy (Ha/atom)    Magnetization     SCF Error        Timing (sec)
1            -1.0108195496E+02         6.6312E-02        1.740E-03        3.412
2            -1.0108201968E+02         6.7708E-02        4.137E-03        3.265
3            -1.0108197884E+02         6.6368E-02        7.721E-04        3.258
4            -1.0108198502E+02         6.5901E-02        6.814E-04        3.257
5            -1.0108197805E+02         6.5553E-02        1.352E-04        3.245
6            -1.0108197627E+02         6.5221E-02        7.009E-05        3.254
Total number of SCF: 6     
====================================================================
                    Energy and force calculation                    
====================================================================
Free energy per atom               : -1.0109585469E+02 (Ha/atom)
Total free energy                  : -4.0438341874E+02 (Ha)
Band structure energy              : -5.9032119152E+01 (Ha)
Exchange correlation energy        : -7.1597862955E+01 (Ha)
Self and correction energy         : -4.8442434298E+02 (Ha)
-Entropy*kb*T                      : -4.7480340067E-03 (Ha)
Fermi level                        :  6.0980708187E-02 (Ha)
DFT-D3 correction                  : -5.5513656991E-02 (Ha)
RMS force                          :  1.1780177720E-03 (Ha/Bohr)
Maximum force                      :  2.6248318427E-03 (Ha/Bohr)
Time for force calculation         :  0.097 (sec)
Relax step time                    :  19.872 (sec)
========================================================================================
                    Self Consistent Field (SCF#33)                     
========================================================================================
Iteration     Free Energy (Ha/atom)    Magnetization     SCF Error        Timing (sec)
1            -1.0108196950E+02         6.4615E-02        1.202E-03        3.399
2            -1.0108198551E+02         6.5476E-02        2.070E-03        3.272
3            -1.0108197672E+02         6.4451E-02        7.843E-04        3.299
4            -1.0108197725E+02         6.4340E-02        4.916E-04        3.257
5            -1.0108197183E+02         6.4131E-02        1.222E-04        3.250
6            -1.0108197246E+02         6.3912E-02        5.663E-05        3.260
Total number of SCF: 6     
====================================================================
                    Energy and force calculation                    
====================================================================
Free energy per atom               : -1.0109584440E+02 (Ha/atom)
Total free energy                  : -4.0438337761E+02 (Ha)
Band structure energy              : -5.9018595331E+01 (Ha)
Exchange correlation energy        : -7.1596008376E+01 (Ha)
Self and correction energy         : -4.8442412515E+02 (Ha)
-Entropy*kb*T                      : -4.7610956720E-03 (Ha)
Fermi level                        :  6.1127230452E-02 (Ha)
DFT-D3 correction                  : -5.5487780397E-02 (Ha)
RMS force                          :  2.9092293964E-04 (Ha/Bohr)
Maximum force                      :  7.1501397238E-04 (Ha/Bohr)
Time for force calculation         :  0.096 (sec)
Relax step time                    :  19.918 (sec)
========================================================================================
                    Self Consistent Field (SCF#34)                     
========================================================================================
Iteration     Free Energy (Ha/atom)    Magnetization     SCF Error        Timing (sec)
1            -1.0108195410E+02         6.3510E-02        7.370E-04        3.428
2            -1.0108196203E+02         6.4031E-02        1.165E-03        3.263
3            -1.0108196031E+02         6.3468E-02        4.438E-04        3.256
4            -1.0108196240E+02         6.3408E-02        3.019E-04        3.240
5            -1.0108195772E+02         6.3262E-02        8.830E-05        3.236
Total number of SCF: 5     
====================================================================
                    Energy and force calculation                    
====================================================================
Free energy per atom               : -1.0109581755E+02 (Ha/atom)
Total free energy                  : -4.0438327018E+02 (Ha)
Band structure energy              : -5.9010301366E+01 (Ha)
Exchange correlation energy        : -7.1593620544E+01 (Ha)
Self and correction energy         : -4.8442373224E+02 (Ha)
-Entropy*kb*T                      : -4.7854197618E-03 (Ha)
Fermi level                        :  6.1074126105E-02 (Ha)
DFT-D3 correction                  : -5.5439304628E-02 (Ha)
RMS force                          :  3.0239229420E-04 (Ha/Bohr)
Maximum force                      :  8.2768876681E-04 (Ha/Bohr)
Time for force calculation         :  0.097 (sec)
Relax step time                    :  16.604 (sec)
========================================================================================
                    Self Consistent Field (SCF#35)                     
========================================================================================
Iteration     Free Energy (Ha/atom)    Magnetization     SCF Error        Timing (sec)
1            -1.0108196541E+02         6.3001E-02        3.149E-04        3.410
2            -1.0108196423E+02         6.2749E-02        2.942E-04        3.239
3            -1.0108196318E+02         6.2753E-02        1.788E-04        3.244
4            -1.0108196222E+02         6.2469E-02        1.458E-04        3.250
5            -1.0108196215E+02         6.2317E-02        8.782E-05        3.250
Total number of SCF: 5     
====================================================================
                    Energy and force calculation                    
====================================================================
Free energy per atom               : -1.0109582632E+02 (Ha/atom)
Total free energy                  : -4.0438330527E+02 (Ha)
Band structure energy              : -5.9010609924E+01 (Ha)
Exchange correlation energy        : -7.1594693297E+01 (Ha)
Self and correction energy         : -4.8442391437E+02 (Ha)
-Entropy*kb*T                      : -4.7712747550E-03 (Ha)
Fermi level                        :  6.1151047082E-02 (Ha)
DFT-D3 correction                  : -5.5456653714E-02 (Ha)
RMS force                          :  1.7604061082E-04 (Ha/Bohr)
Maximum force                      :  3.6276841858E-04 (Ha/Bohr)
Time for force calculation         :  0.096 (sec)
Relax step time                    :  16.563 (sec)
***************************************************************************
                               Timing info                                 
***************************************************************************
Total walltime                     :  1791.346 sec
___________________________________________________________________________

***************************************************************************
*             Material Physics & Mechanics Group, Georgia Tech            *
*                       PI: Phanish Suryanarayana                         *
*               List of contributors: See the documentation               *
*         Citation: See README.md or the documentation for details        *
*  Acknowledgements: U.S. DOE SC (DE-SC0019410), U.S. DOE NNSA (ASC)      *
*      {Preliminary developments: U.S. NSF (1333500,1663244,1553212)}     *
***************************************************************************
                                                                           
